#
# A fatal error has been detected by the Java Runtime Environment:
#
#  EXCEPTION_ACCESS_VIOLATION (0xc0000005) at pc=0x000000006960ed43, pid=4276, tid=7060
#
# JRE version: Java(TM) SE Runtime Environment (8.0_65-b17) (build 1.8.0_65-b17)
# Java VM: Java HotSpot(TM) 64-Bit Server VM (25.65-b01 mixed mode windows-amd64 compressed oops)
# Problematic frame:
# V  [jvm.dll+0x17ed43]
#
# Failed to write core dump. Minidumps are not enabled by default on client versions of Windows
#
# If you would like to submit a bug report, please visit:
#   http://bugreport.java.com/bugreport/crash.jsp
#

---------------  T H R E A D  ---------------

Current thread (0x0000000057fd6800):  JavaThread "restartedMain" [_thread_in_vm, id=7060, stack(0x0000000058b90000,0x0000000058c90000)]

siginfo: ExceptionCode=0xc0000005, reading address 0x000000000000001e

Registers:
RAX=0x0000000000000000, RBX=0x0000000057fd6800, RCX=0x000000005ee63958, RDX=0x0000000000000000
RSP=0x0000000058c8a770, RBP=0x0000000057f45944, RSI=0x0000000000000121, RDI=0x0000000055074970
R8 =0x0000000000000121, R9 =0x0000000000000000, R10=0xc63102b42abf8a00, R11=0x000000005c5ba670
R12=0x0000000058c8a840, R13=0x0000000055074970, R14=0x0000000000000136, R15=0x0000000000000136
RIP=0x000000006960ed43, EFLAGS=0x0000000000010246

Top of Stack: (sp=0x0000000058c8a770)
0x0000000058c8a770:   0000000058c8a840 000000005c5ba670
0x0000000058c8a780:   0000000058c8a840 00000000695cb6b0
0x0000000058c8a790:   0000000058c8a828 00000000720a1b8c
0x0000000058c8a7a0:   0000000000000121 000000005a69e918
0x0000000058c8a7b0:   000000005a69e910 0000000000000000
0x0000000058c8a7c0:   0000000055074970 0000000000000000
0x0000000058c8a7d0:   0000000000000001 00000000720a630d
0x0000000058c8a7e0:   00000000ffffffff 0000000058c8a8e0
0x0000000058c8a7f0:   0000000057fd69f8 0000000058c8a840
0x0000000058c8a800:   0000000058c8a810 0000000000000000
0x0000000058c8a810:   000000005a69e010 0000000058c8a840
0x0000000058c8a820:   0000000055074970 0000000057f454c0
0x0000000058c8a830:   0000000057fd69f8 00000000696ba929
0x0000000058c8a840:   0000000057fd69f8 0000000057421fe0
0x0000000058c8a850:   000000000000041c 000000005c5ba690
0x0000000058c8a860:   0000000057f454c0 0000000000000001 

Instructions: (pc=0x000000006960ed43)
0x000000006960ed23:   85 c9 74 0c 48 39 01 75 07 48 8b 42 60 48 8b 00
0x000000006960ed33:   48 8b 80 80 01 00 00 48 8b 4c f0 08 48 8b 41 08
0x000000006960ed43:   0f b7 78 1e c7 83 70 02 00 00 07 00 00 00 83 3d
0x000000006960ed53:   a0 22 68 00 01 75 09 80 3d 12 15 68 00 00 74 18 


Register to memory mapping:

RAX=0x0000000000000000 is an unknown value
RBX=0x0000000057fd6800 is a thread
RCX=0x000000005ee63958 is pointing into metadata
RDX=0x0000000000000000 is an unknown value
RSP=0x0000000058c8a770 is pointing into the stack for thread: 0x0000000057fd6800
RBP=0x0000000057f45944 is an unknown value
RSI=0x0000000000000121 is an unknown value
RDI=0x0000000055074970 is an unknown value
R8 =0x0000000000000121 is an unknown value
R9 =0x0000000000000000 is an unknown value
R10=0xc63102b42abf8a00 is an unknown value
R11=0x000000005c5ba670 is an unknown value
R12=0x0000000058c8a840 is pointing into the stack for thread: 0x0000000057fd6800
R13=0x0000000055074970 is an unknown value
R14=0x0000000000000136 is an unknown value
R15=0x0000000000000136 is an unknown value


Stack: [0x0000000058b90000,0x0000000058c90000],  sp=0x0000000058c8a770,  free space=1001k
Native frames: (J=compiled Java code, j=interpreted, Vv=VM code, C=native code)
V  [jvm.dll+0x17ed43]
C  [verify.dll+0x1b8c]
C  [verify.dll+0x630d]
C  [java.dll+0x1059a]
V  [jvm.dll+0x8016d]
V  [jvm.dll+0x8a119]
V  [jvm.dll+0x10edb6]
V  [jvm.dll+0x113687]
V  [jvm.dll+0x113b65]
V  [jvm.dll+0xbf95e]
V  [jvm.dll+0xc1250]
V  [jvm.dll+0xc2acd]
V  [jvm.dll+0xbaff6]
C  0x00000000027d20be

Java frames: (J=compiled Java code, j=interpreted, Vv=VM code)
j  com.mysql.jdbc.MysqlIO.buildResultSetWithRows(Lcom/mysql/jdbc/StatementImpl;Ljava/lang/String;[Lcom/mysql/jdbc/Field;Lcom/mysql/jdbc/RowData;IIZ)Lcom/mysql/jdbc/ResultSetImpl;+42
j  com.mysql.jdbc.MysqlIO.getResultSet(Lcom/mysql/jdbc/StatementImpl;JIIIZLjava/lang/String;Z[Lcom/mysql/jdbc/Field;)Lcom/mysql/jdbc/ResultSetImpl;+372
j  com.mysql.jdbc.MysqlIO.readResultsForQueryOrUpdate(Lcom/mysql/jdbc/StatementImpl;IIIZLjava/lang/String;Lcom/mysql/jdbc/Buffer;ZJ[Lcom/mysql/jdbc/Field;)Lcom/mysql/jdbc/ResultSetImpl;+127
j  com.mysql.jdbc.MysqlIO.readAllResults(Lcom/mysql/jdbc/StatementImpl;IIIZLjava/lang/String;Lcom/mysql/jdbc/Buffer;ZJ[Lcom/mysql/jdbc/Field;)Lcom/mysql/jdbc/ResultSetImpl;+30
j  com.mysql.jdbc.MysqlIO.sqlQueryDirect(Lcom/mysql/jdbc/StatementImpl;Ljava/lang/String;Ljava/lang/String;Lcom/mysql/jdbc/Buffer;IIIZLjava/lang/String;[Lcom/mysql/jdbc/Field;)Lcom/mysql/jdbc/ResultSetInternalMethods;+806
j  com.mysql.jdbc.ConnectionImpl.execSQL(Lcom/mysql/jdbc/StatementImpl;Ljava/lang/String;ILcom/mysql/jdbc/Buffer;IIZLjava/lang/String;[Lcom/mysql/jdbc/Field;Z)Lcom/mysql/jdbc/ResultSetInternalMethods;+138
j  com.mysql.jdbc.ConnectionImpl.execSQL(Lcom/mysql/jdbc/StatementImpl;Ljava/lang/String;ILcom/mysql/jdbc/Buffer;IIZLjava/lang/String;[Lcom/mysql/jdbc/Field;)Lcom/mysql/jdbc/ResultSetInternalMethods;+17
j  com.mysql.jdbc.StatementImpl.executeQuery(Ljava/lang/String;)Ljava/sql/ResultSet;+331
j  com.mysql.jdbc.ConnectionImpl.loadServerVariables()V+478
j  com.mysql.jdbc.ConnectionImpl.initializePropsFromServer()V+124
j  com.mysql.jdbc.ConnectionImpl.connectOneTryOnly(ZLjava/util/Properties;)V+60
j  com.mysql.jdbc.ConnectionImpl.createNewIO(Z)V+26
j  com.mysql.jdbc.ConnectionImpl.<init>(Ljava/lang/String;ILjava/util/Properties;Ljava/lang/String;Ljava/lang/String;)V+779
j  com.mysql.jdbc.JDBC4Connection.<init>(Ljava/lang/String;ILjava/util/Properties;Ljava/lang/String;Ljava/lang/String;)V+8
v  ~StubRoutines::call_stub
J 1040  sun.reflect.NativeConstructorAccessorImpl.newInstance0(Ljava/lang/reflect/Constructor;[Ljava/lang/Object;)Ljava/lang/Object; (0 bytes) @ 0x0000000002b6fd26 [0x0000000002b6fcc0+0x66]
J 1039 C1 sun.reflect.NativeConstructorAccessorImpl.newInstance([Ljava/lang/Object;)Ljava/lang/Object; (89 bytes) @ 0x0000000002b7a504 [0x0000000002b79500+0x1004]
J 882 C1 sun.reflect.DelegatingConstructorAccessorImpl.newInstance([Ljava/lang/Object;)Ljava/lang/Object; (9 bytes) @ 0x0000000002b0ccc4 [0x0000000002b0cbc0+0x104]
J 881 C1 java.lang.reflect.Constructor.newInstance([Ljava/lang/Object;)Ljava/lang/Object; (87 bytes) @ 0x0000000002b09d7c [0x0000000002b098c0+0x4bc]
j  com.mysql.jdbc.Util.handleNewInstance(Ljava/lang/reflect/Constructor;[Ljava/lang/Object;Lcom/mysql/jdbc/ExceptionInterceptor;)Ljava/lang/Object;+2
j  com.mysql.jdbc.ConnectionImpl.getInstance(Ljava/lang/String;ILjava/util/Properties;Ljava/lang/String;Ljava/lang/String;)Lcom/mysql/jdbc/Connection;+52
j  com.mysql.jdbc.NonRegisteringDriver.connect(Ljava/lang/String;Ljava/util/Properties;)Ljava/sql/Connection;+101
j  org.apache.tomcat.jdbc.pool.PooledConnection.connectUsingDriver()V+370
j  org.apache.tomcat.jdbc.pool.PooledConnection.connect()V+91
j  org.apache.tomcat.jdbc.pool.ConnectionPool.createConnection(JLorg/apache/tomcat/jdbc/pool/PooledConnection;Ljava/lang/String;Ljava/lang/String;)Lorg/apache/tomcat/jdbc/pool/PooledConnection;+53
j  org.apache.tomcat.jdbc.pool.ConnectionPool.borrowConnection(ILjava/lang/String;Ljava/lang/String;)Lorg/apache/tomcat/jdbc/pool/PooledConnection;+118
j  org.apache.tomcat.jdbc.pool.ConnectionPool.init(Lorg/apache/tomcat/jdbc/pool/PoolConfiguration;)V+268
j  org.apache.tomcat.jdbc.pool.ConnectionPool.<init>(Lorg/apache/tomcat/jdbc/pool/PoolConfiguration;)V+80
j  org.apache.tomcat.jdbc.pool.DataSourceProxy.pCreatePool()Lorg/apache/tomcat/jdbc/pool/ConnectionPool;+21
j  org.apache.tomcat.jdbc.pool.DataSourceProxy.createPool()Lorg/apache/tomcat/jdbc/pool/ConnectionPool;+13
j  org.apache.tomcat.jdbc.pool.DataSourceProxy.getConnection()Ljava/sql/Connection;+8
j  org.springframework.jdbc.datasource.DataSourceUtils.doGetConnection(Ljavax/sql/DataSource;)Ljava/sql/Connection;+79
j  org.springframework.jdbc.datasource.DataSourceUtils.getConnection(Ljavax/sql/DataSource;)Ljava/sql/Connection;+1
j  org.springframework.jdbc.core.JdbcTemplate.execute(Lorg/springframework/jdbc/core/ConnectionCallback;)Ljava/lang/Object;+10
j  org.springframework.boot.autoconfigure.jdbc.EmbeddedDatabaseConnection.isEmbedded(Ljavax/sql/DataSource;)Z+16
j  org.springframework.boot.autoconfigure.orm.jpa.JpaProperties$Hibernate.getDefaultDdlAuto(Ljavax/sql/DataSource;)Ljava/lang/String;+1
j  org.springframework.boot.autoconfigure.orm.jpa.JpaProperties$Hibernate.getOrDeduceDdlAuto(Ljava/util/Map;Ljavax/sql/DataSource;)Ljava/lang/String;+16
j  org.springframework.boot.autoconfigure.orm.jpa.JpaProperties$Hibernate.getAdditionalProperties(Ljava/util/Map;Ljavax/sql/DataSource;)Ljava/util/Map;+25
j  org.springframework.boot.autoconfigure.orm.jpa.JpaProperties$Hibernate.access$000(Lorg/springframework/boot/autoconfigure/orm/jpa/JpaProperties$Hibernate;Ljava/util/Map;Ljavax/sql/DataSource;)Ljava/util/Map;+3
j  org.springframework.boot.autoconfigure.orm.jpa.JpaProperties.getHibernateProperties(Ljavax/sql/DataSource;)Ljava/util/Map;+9
j  org.springframework.boot.autoconfigure.orm.jpa.HibernateJpaAutoConfiguration.getVendorProperties()Ljava/util/Map;+17
j  org.springframework.boot.autoconfigure.orm.jpa.JpaBaseConfiguration.entityManagerFactory(Lorg/springframework/boot/orm/jpa/EntityManagerFactoryBuilder;)Lorg/springframework/orm/jpa/LocalContainerEntityManagerFactoryBean;+1
j  org.springframework.boot.autoconfigure.orm.jpa.HibernateJpaAutoConfiguration$$EnhancerBySpringCGLIB$$b61caade.CGLIB$entityManagerFactory$4(Lorg/springframework/boot/orm/jpa/EntityManagerFactoryBuilder;)Lorg/springframework/orm/jpa/LocalContainerEntityManagerFactoryBean;+2
j  org.springframework.boot.autoconfigure.orm.jpa.HibernateJpaAutoConfiguration$$EnhancerBySpringCGLIB$$b61caade$$FastClassBySpringCGLIB$$48a0ba45.invoke(ILjava/lang/Object;[Ljava/lang/Object;)Ljava/lang/Object;+211
j  org.springframework.cglib.proxy.MethodProxy.invokeSuper(Ljava/lang/Object;[Ljava/lang/Object;)Ljava/lang/Object;+19
j  org.springframework.context.annotation.ConfigurationClassEnhancer$BeanMethodInterceptor.intercept(Ljava/lang/Object;Ljava/lang/reflect/Method;[Ljava/lang/Object;Lorg/springframework/cglib/proxy/MethodProxy;)Ljava/lang/Object;+225
j  org.springframework.boot.autoconfigure.orm.jpa.HibernateJpaAutoConfiguration$$EnhancerBySpringCGLIB$$b61caade.entityManagerFactory(Lorg/springframework/boot/orm/jpa/EntityManagerFactoryBuilder;)Lorg/springframework/orm/jpa/LocalContainerEntityManagerFactoryBean;+36
v  ~StubRoutines::call_stub
J 1307  sun.reflect.NativeMethodAccessorImpl.invoke0(Ljava/lang/reflect/Method;Ljava/lang/Object;[Ljava/lang/Object;)Ljava/lang/Object; (0 bytes) @ 0x0000000002c76d7f [0x0000000002c76d00+0x7f]
J 1306 C1 sun.reflect.NativeMethodAccessorImpl.invoke(Ljava/lang/Object;[Ljava/lang/Object;)Ljava/lang/Object; (104 bytes) @ 0x0000000002c78354 [0x0000000002c77200+0x1154]
J 2666 C2 sun.reflect.DelegatingMethodAccessorImpl.invoke(Ljava/lang/Object;[Ljava/lang/Object;)Ljava/lang/Object; (10 bytes) @ 0x00000000031ddb74 [0x00000000031ddb40+0x34]
J 1042 C1 java.lang.reflect.Method.invoke(Ljava/lang/Object;[Ljava/lang/Object;)Ljava/lang/Object; (62 bytes) @ 0x0000000002b7661c [0x0000000002b76240+0x3dc]
j  org.springframework.beans.factory.support.SimpleInstantiationStrategy.instantiate(Lorg/springframework/beans/factory/support/RootBeanDefinition;Ljava/lang/String;Lorg/springframework/beans/factory/BeanFactory;Ljava/lang/Object;Ljava/lang/reflect/Method;[Ljava/lang/Object;)Ljava/lang/Object;+53
j  org.springframework.beans.factory.support.ConstructorResolver.instantiateUsingFactoryMethod(Ljava/lang/String;Lorg/springframework/beans/factory/support/RootBeanDefinition;[Ljava/lang/Object;)Lorg/springframework/beans/BeanWrapper;+1440
j  org.springframework.beans.factory.support.AbstractAutowireCapableBeanFactory.instantiateUsingFactoryMethod(Ljava/lang/String;Lorg/springframework/beans/factory/support/RootBeanDefinition;[Ljava/lang/Object;)Lorg/springframework/beans/BeanWrapper;+11
j  org.springframework.beans.factory.support.AbstractAutowireCapableBeanFactory.createBeanInstance(Ljava/lang/String;Lorg/springframework/beans/factory/support/RootBeanDefinition;[Ljava/lang/Object;)Lorg/springframework/beans/BeanWrapper;+82
j  org.springframework.beans.factory.support.AbstractAutowireCapableBeanFactory.doCreateBean(Ljava/lang/String;Lorg/springframework/beans/factory/support/RootBeanDefinition;[Ljava/lang/Object;)Ljava/lang/Object;+34
j  org.springframework.beans.factory.support.AbstractAutowireCapableBeanFactory.createBean(Ljava/lang/String;Lorg/springframework/beans/factory/support/RootBeanDefinition;[Ljava/lang/Object;)Ljava/lang/Object;+169
j  org.springframework.beans.factory.support.AbstractBeanFactory$1.getObject()Ljava/lang/Object;+16
j  org.springframework.beans.factory.support.DefaultSingletonBeanRegistry.getSingleton(Ljava/lang/String;Lorg/springframework/beans/factory/ObjectFactory;)Ljava/lang/Object;+132
j  org.springframework.beans.factory.support.AbstractBeanFactory.doGetBean(Ljava/lang/String;Ljava/lang/Class;[Ljava/lang/Object;Z)Ljava/lang/Object;+375
j  org.springframework.beans.factory.support.AbstractBeanFactory.getBean(Ljava/lang/String;)Ljava/lang/Object;+5
j  org.springframework.context.support.AbstractApplicationContext.getBean(Ljava/lang/String;)Ljava/lang/Object;+9
j  org.springframework.context.support.AbstractApplicationContext.finishBeanFactoryInitialization(Lorg/springframework/beans/factory/config/ConfigurableListableBeanFactory;)V+102
j  org.springframework.context.support.AbstractApplicationContext.refresh()V+54
j  org.springframework.boot.context.embedded.EmbeddedWebApplicationContext.refresh()V+1
j  org.springframework.boot.SpringApplication.refresh(Lorg/springframework/context/ApplicationContext;)V+10
j  org.springframework.boot.SpringApplication.refreshContext(Lorg/springframework/context/ConfigurableApplicationContext;)V+2
j  org.springframework.boot.SpringApplication.run([Ljava/lang/String;)Lorg/springframework/context/ConfigurableApplicationContext;+78
j  org.springframework.boot.SpringApplication.run([Ljava/lang/Object;[Ljava/lang/String;)Lorg/springframework/context/ConfigurableApplicationContext;+9
j  org.springframework.boot.SpringApplication.run(Ljava/lang/Object;[Ljava/lang/String;)Lorg/springframework/context/ConfigurableApplicationContext;+9
j  com.mac.care_point.Application.main([Ljava/lang/String;)V+3
v  ~StubRoutines::call_stub
j  sun.reflect.NativeMethodAccessorImpl.invoke0(Ljava/lang/reflect/Method;Ljava/lang/Object;[Ljava/lang/Object;)Ljava/lang/Object;+0
j  sun.reflect.NativeMethodAccessorImpl.invoke(Ljava/lang/Object;[Ljava/lang/Object;)Ljava/lang/Object;+100
j  sun.reflect.DelegatingMethodAccessorImpl.invoke(Ljava/lang/Object;[Ljava/lang/Object;)Ljava/lang/Object;+6
j  java.lang.reflect.Method.invoke(Ljava/lang/Object;[Ljava/lang/Object;)Ljava/lang/Object;+56
j  org.springframework.boot.devtools.restart.RestartLauncher.run()V+41
v  ~StubRoutines::call_stub

---------------  P R O C E S S  ---------------

Java Threads: ( => current thread )
  0x000000005848e000 JavaThread "Abandoned connection cleanup thread" daemon [_thread_blocked, id=4320, stack(0x000000005c1c0000,0x000000005c2c0000)]
  0x00000000585f2800 JavaThread "Tomcat JDBC Pool Cleaner[1309552426:1498643542737]" daemon [_thread_blocked, id=5664, stack(0x000000005ec40000,0x000000005ed40000)]
  0x000000005a1bb000 JavaThread "container-0" [_thread_blocked, id=6428, stack(0x0000000059500000,0x0000000059600000)]
  0x000000005c5d9000 JavaThread "ContainerBackgroundProcessor[StandardEngine[Tomcat].StandardHost[localhost].StandardContext[]]" daemon [_thread_blocked, id=5936, stack(0x000000005d630000,0x000000005d730000)]
  0x000000005ab60000 JavaThread "localhost-startStop-1" daemon [_thread_blocked, id=3356, stack(0x0000000059350000,0x0000000059450000)]
  0x00000000588f9800 JavaThread "Tomcat-startStop-1" daemon [_thread_blocked, id=6888, stack(0x000000005da60000,0x000000005db60000)]
=>0x0000000057fd6800 JavaThread "restartedMain" [_thread_in_vm, id=7060, stack(0x0000000058b90000,0x0000000058c90000)]
  0x0000000057fcb800 JavaThread "Thread-0" [_thread_blocked, id=204, stack(0x0000000058a40000,0x0000000058b40000)]
  0x00000000565e5000 JavaThread "Service Thread" daemon [_thread_blocked, id=6464, stack(0x00000000570e0000,0x00000000571e0000)]
  0x000000005508d800 JavaThread "C1 CompilerThread2" daemon [_thread_blocked, id=3292, stack(0x0000000056fc0000,0x00000000570c0000)]
  0x000000005508c000 JavaThread "C2 CompilerThread1" daemon [_thread_blocked, id=3212, stack(0x0000000056df0000,0x0000000056ef0000)]
  0x0000000056559800 JavaThread "C2 CompilerThread0" daemon [_thread_blocked, id=2244, stack(0x0000000056340000,0x0000000056440000)]
  0x0000000056555800 JavaThread "Attach Listener" daemon [_thread_blocked, id=5048, stack(0x0000000056c20000,0x0000000056d20000)]
  0x0000000056554800 JavaThread "Signal Dispatcher" daemon [_thread_blocked, id=6052, stack(0x0000000056a70000,0x0000000056b70000)]
  0x000000005502c000 JavaThread "Finalizer" daemon [_thread_blocked, id=6552, stack(0x0000000056450000,0x0000000056550000)]
  0x0000000055025000 JavaThread "Reference Handler" daemon [_thread_blocked, id=1404, stack(0x0000000056240000,0x0000000056340000)]
  0x00000000021db000 JavaThread "main" [_thread_blocked, id=5228, stack(0x00000000023e0000,0x00000000024e0000)]

Other Threads:
  0x000000005501f000 VMThread [stack: 0x00000000560f0000,0x00000000561f0000] [id=7036]
  0x0000000056635000 WatcherThread [stack: 0x0000000055fb0000,0x00000000560b0000] [id=5820]

VM state:not at safepoint (normal execution)

VM Mutex/Monitor currently owned by a thread: None

Heap:
 PSYoungGen      total 262656K, used 48676K [0x00000000eb200000, 0x00000000fec80000, 0x0000000100000000)
  eden space 250368K, 14% used [0x00000000eb200000,0x00000000ed58f5d8,0x00000000fa680000)
  from space 12288K, 99% used [0x00000000fa680000,0x00000000fb279da0,0x00000000fb280000)
  to   space 14848K, 0% used [0x00000000fde00000,0x00000000fde00000,0x00000000fec80000)
 ParOldGen       total 48128K, used 19839K [0x00000000c1600000, 0x00000000c4500000, 0x00000000eb200000)
  object space 48128K, 41% used [0x00000000c1600000,0x00000000c295fdc8,0x00000000c4500000)
 Metaspace       used 31747K, capacity 32122K, committed 32256K, reserved 1077248K
  class space    used 3914K, capacity 4040K, committed 4096K, reserved 1048576K

Card table byte_map: [0x0000000011b70000,0x0000000011d70000] byte_map_base: 0x0000000011565000

Marking Bits: (ParMarkBitMap*) 0x0000000069c9a5b0
 Begin Bits: [0x0000000012540000, 0x00000000134e8000)
 End Bits:   [0x00000000134e8000, 0x0000000014490000)

Polling page: 0x0000000000130000

CodeCache: size=245760Kb used=11313Kb max_used=11508Kb free=234446Kb
 bounds [0x00000000027b0000, 0x0000000003330000, 0x00000000117b0000]
 total_blobs=3734 nmethods=3284 adapters=362
 compilation: enabled

Compilation events (10 events):
Event: 10.303 Thread 0x000000005508d800 3808       3       java.nio.ByteBuffer::hasArray (20 bytes)
Event: 10.303 Thread 0x000000005508d800 nmethod 3808 0x0000000002bf2210 code [0x0000000002bf2360, 0x0000000002bf2550]
Event: 10.303 Thread 0x000000005508d800 3809       3       java.nio.CharBuffer::hasArray (20 bytes)
Event: 10.304 Thread 0x000000005508d800 nmethod 3809 0x0000000002bf1e50 code [0x0000000002bf1fa0, 0x0000000002bf2190]
Event: 10.307 Thread 0x000000005508d800 3810       3       sun.nio.cs.FastCharsetProvider::canonicalize (24 bytes)
Event: 10.307 Thread 0x000000005508d800 nmethod 3810 0x0000000002bf1890 code [0x0000000002bf1a00, 0x0000000002bf1d68]
Event: 10.473 Thread 0x000000005508d800 3811 %     3       com.mysql.jdbc.SingleByteCharsetConverter::<clinit> @ 58 (80 bytes)
Event: 10.473 Thread 0x000000005508d800 nmethod 3811% 0x0000000002bf09d0 code [0x0000000002bf0bc0, 0x0000000002bf1510]
Event: 10.476 Thread 0x000000005508d800 3812       3       com.mysql.jdbc.SingleByteCharsetConverter::<clinit> (80 bytes)
Event: 10.476 Thread 0x000000005508d800 nmethod 3812 0x00000000032dcf10 code [0x00000000032dd0e0, 0x00000000032dda10]

GC Heap History (10 events):
Event: 3.368 GC heap before
{Heap before GC invocations=6 (full 0):
 PSYoungGen      total 68096K, used 68080K [0x00000000eb200000, 0x00000000f4800000, 0x0000000100000000)
  eden space 65536K, 100% used [0x00000000eb200000,0x00000000ef200000,0x00000000ef200000)
  from space 2560K, 99% used [0x00000000ef200000,0x00000000ef47c010,0x00000000ef480000)
  to   space 11264K, 0% used [0x00000000f3d00000,0x00000000f3d00000,0x00000000f4800000)
 ParOldGen       total 44032K, used 16206K [0x00000000c1600000, 0x00000000c4100000, 0x00000000eb200000)
  object space 44032K, 36% used [0x00000000c1600000,0x00000000c25d39d8,0x00000000c4100000)
 Metaspace       used 20249K, capacity 20478K, committed 20608K, reserved 1067008K
  class space    used 2481K, capacity 2574K, committed 2688K, reserved 1048576K
Event: 3.380 GC heap after
Heap after GC invocations=6 (full 0):
 PSYoungGen      total 141312K, used 5016K [0x00000000eb200000, 0x00000000f4700000, 0x0000000100000000)
  eden space 131072K, 0% used [0x00000000eb200000,0x00000000eb200000,0x00000000f3200000)
  from space 10240K, 48% used [0x00000000f3d00000,0x00000000f41e60e0,0x00000000f4700000)
  to   space 10752K, 0% used [0x00000000f3200000,0x00000000f3200000,0x00000000f3c80000)
 ParOldGen       total 44032K, used 16214K [0x00000000c1600000, 0x00000000c4100000, 0x00000000eb200000)
  object space 44032K, 36% used [0x00000000c1600000,0x00000000c25d59d8,0x00000000c4100000)
 Metaspace       used 20249K, capacity 20478K, committed 20608K, reserved 1067008K
  class space    used 2481K, capacity 2574K, committed 2688K, reserved 1048576K
}
Event: 4.170 GC heap before
{Heap before GC invocations=7 (full 0):
 PSYoungGen      total 141312K, used 113660K [0x00000000eb200000, 0x00000000f4700000, 0x0000000100000000)
  eden space 131072K, 82% used [0x00000000eb200000,0x00000000f1c191c8,0x00000000f3200000)
  from space 10240K, 48% used [0x00000000f3d00000,0x00000000f41e60e0,0x00000000f4700000)
  to   space 10752K, 0% used [0x00000000f3200000,0x00000000f3200000,0x00000000f3c80000)
 ParOldGen       total 44032K, used 16214K [0x00000000c1600000, 0x00000000c4100000, 0x00000000eb200000)
  object space 44032K, 36% used [0x00000000c1600000,0x00000000c25d59d8,0x00000000c4100000)
 Metaspace       used 20951K, capacity 21180K, committed 21296K, reserved 1069056K
  class space    used 2586K, capacity 2675K, committed 2688K, reserved 1048576K
Event: 4.219 GC heap after
Heap after GC invocations=7 (full 0):
 PSYoungGen      total 141824K, used 8982K [0x00000000eb200000, 0x00000000fc900000, 0x0000000100000000)
  eden space 131072K, 0% used [0x00000000eb200000,0x00000000eb200000,0x00000000f3200000)
  from space 10752K, 83% used [0x00000000f3200000,0x00000000f3ac59d0,0x00000000f3c80000)
  to   space 11776K, 0% used [0x00000000fbd80000,0x00000000fbd80000,0x00000000fc900000)
 ParOldGen       total 44032K, used 16687K [0x00000000c1600000, 0x00000000c4100000, 0x00000000eb200000)
  object space 44032K, 37% used [0x00000000c1600000,0x00000000c264bf40,0x00000000c4100000)
 Metaspace       used 20951K, capacity 21180K, committed 21296K, reserved 1069056K
  class space    used 2586K, capacity 2675K, committed 2688K, reserved 1048576K
}
Event: 4.219 GC heap before
{Heap before GC invocations=8 (full 1):
 PSYoungGen      total 141824K, used 8982K [0x00000000eb200000, 0x00000000fc900000, 0x0000000100000000)
  eden space 131072K, 0% used [0x00000000eb200000,0x00000000eb200000,0x00000000f3200000)
  from space 10752K, 83% used [0x00000000f3200000,0x00000000f3ac59d0,0x00000000f3c80000)
  to   space 11776K, 0% used [0x00000000fbd80000,0x00000000fbd80000,0x00000000fc900000)
 ParOldGen       total 44032K, used 16687K [0x00000000c1600000, 0x00000000c4100000, 0x00000000eb200000)
  object space 44032K, 37% used [0x00000000c1600000,0x00000000c264bf40,0x00000000c4100000)
 Metaspace       used 20951K, capacity 21180K, committed 21296K, reserved 1069056K
  class space    used 2586K, capacity 2675K, committed 2688K, reserved 1048576K
Event: 4.404 GC heap after
Heap after GC invocations=8 (full 1):
 PSYoungGen      total 141824K, used 0K [0x00000000eb200000, 0x00000000fc900000, 0x0000000100000000)
  eden space 131072K, 0% used [0x00000000eb200000,0x00000000eb200000,0x00000000f3200000)
  from space 10752K, 0% used [0x00000000f3200000,0x00000000f3200000,0x00000000f3c80000)
  to   space 11776K, 0% used [0x00000000fbd80000,0x00000000fbd80000,0x00000000fc900000)
 ParOldGen       total 48128K, used 18543K [0x00000000c1600000, 0x00000000c4500000, 0x00000000eb200000)
  object space 48128K, 38% used [0x00000000c1600000,0x00000000c281bee8,0x00000000c4500000)
 Metaspace       used 20951K, capacity 21180K, committed 21296K, reserved 1069056K
  class space    used 2586K, capacity 2675K, committed 2688K, reserved 1048576K
}
Event: 5.356 GC heap before
{Heap before GC invocations=9 (full 1):
 PSYoungGen      total 141824K, used 131072K [0x00000000eb200000, 0x00000000fc900000, 0x0000000100000000)
  eden space 131072K, 100% used [0x00000000eb200000,0x00000000f3200000,0x00000000f3200000)
  from space 10752K, 0% used [0x00000000f3200000,0x00000000f3200000,0x00000000f3c80000)
  to   space 11776K, 0% used [0x00000000fbd80000,0x00000000fbd80000,0x00000000fc900000)
 ParOldGen       total 48128K, used 18543K [0x00000000c1600000, 0x00000000c4500000, 0x00000000eb200000)
  object space 48128K, 38% used [0x00000000c1600000,0x00000000c281bee8,0x00000000c4500000)
 Metaspace       used 21065K, capacity 21404K, committed 21680K, reserved 1069056K
  class space    used 2618K, capacity 2707K, committed 2816K, reserved 1048576K
Event: 5.358 GC heap after
Heap after GC invocations=9 (full 1):
 PSYoungGen      total 217088K, used 544K [0x00000000eb200000, 0x00000000fbe80000, 0x0000000100000000)
  eden space 216064K, 0% used [0x00000000eb200000,0x00000000eb200000,0x00000000f8500000)
  from space 1024K, 53% used [0x00000000fbd80000,0x00000000fbe08000,0x00000000fbe80000)
  to   space 12288K, 0% used [0x00000000fa680000,0x00000000fa680000,0x00000000fb280000)
 ParOldGen       total 48128K, used 18551K [0x00000000c1600000, 0x00000000c4500000, 0x00000000eb200000)
  object space 48128K, 38% used [0x00000000c1600000,0x00000000c281dee8,0x00000000c4500000)
 Metaspace       used 21065K, capacity 21404K, committed 21680K, reserved 1069056K
  class space    used 2618K, capacity 2707K, committed 2816K, reserved 1048576K
}
Event: 9.454 GC heap before
{Heap before GC invocations=10 (full 1):
 PSYoungGen      total 217088K, used 216608K [0x00000000eb200000, 0x00000000fbe80000, 0x0000000100000000)
  eden space 216064K, 100% used [0x00000000eb200000,0x00000000f8500000,0x00000000f8500000)
  from space 1024K, 53% used [0x00000000fbd80000,0x00000000fbe08000,0x00000000fbe80000)
  to   space 12288K, 0% used [0x00000000fa680000,0x00000000fa680000,0x00000000fb280000)
 ParOldGen       total 48128K, used 18551K [0x00000000c1600000, 0x00000000c4500000, 0x00000000eb200000)
  object space 48128K, 38% used [0x00000000c1600000,0x00000000c281dee8,0x00000000c4500000)
 Metaspace       used 29178K, capacity 29492K, committed 29696K, reserved 1075200K
  class space    used 3674K, capacity 3783K, committed 3840K, reserved 1048576K
Event: 9.489 GC heap after
Heap after GC invocations=10 (full 1):
 PSYoungGen      total 262656K, used 12263K [0x00000000eb200000, 0x00000000fec80000, 0x0000000100000000)
  eden space 250368K, 0% used [0x00000000eb200000,0x00000000eb200000,0x00000000fa680000)
  from space 12288K, 99% used [0x00000000fa680000,0x00000000fb279da0,0x00000000fb280000)
  to   space 14848K, 0% used [0x00000000fde00000,0x00000000fde00000,0x00000000fec80000)
 ParOldGen       total 48128K, used 19839K [0x00000000c1600000, 0x00000000c4500000, 0x00000000eb200000)
  object space 48128K, 41% used [0x00000000c1600000,0x00000000c295fdc8,0x00000000c4500000)
 Metaspace       used 29178K, capacity 29492K, committed 29696K, reserved 1075200K
  class space    used 3674K, capacity 3783K, committed 3840K, reserved 1048576K
}

Deoptimization events (10 events):
Event: 8.490 Thread 0x000000005ab60000 Uncommon trap: reason=class_check action=maybe_recompile pc=0x0000000002f9aad4 method=java.util.zip.InflaterInputStream.read([BII)I @ 100
Event: 8.604 Thread 0x000000005ab60000 Uncommon trap: reason=unstable_if action=reinterpret pc=0x000000000298af74 method=java.util.jar.Attributes$Name.isDigit(C)Z @ 3
Event: 8.605 Thread 0x000000005ab60000 Uncommon trap: reason=unstable_if action=reinterpret pc=0x0000000002a3f5a8 method=java.util.jar.Attributes$Name.isDigit(C)Z @ 3
Event: 8.966 Thread 0x000000005ab60000 Uncommon trap: reason=unstable_if action=reinterpret pc=0x00000000029042dc method=java.util.Properties$LineReader.readLine()I @ 180
Event: 8.967 Thread 0x000000005ab60000 Uncommon trap: reason=unstable_if action=reinterpret pc=0x0000000002a11c84 method=java.util.Properties$LineReader.readLine()I @ 180
Event: 8.987 Thread 0x000000005ab60000 Uncommon trap: reason=unstable_if action=reinterpret pc=0x0000000002ede090 method=org.springframework.util.ConcurrentReferenceHashMap$Segment.findInChain(Lorg/springframework/util/ConcurrentReferenceHashMap$Reference;Ljava/lang/Object;I)Lorg/springframewor
Event: 8.987 Thread 0x000000005ab60000 Uncommon trap: reason=unstable_if action=reinterpret pc=0x0000000002ed2454 method=org.springframework.util.ConcurrentReferenceHashMap$Segment.findInChain(Lorg/springframework/util/ConcurrentReferenceHashMap$Reference;Ljava/lang/Object;I)Lorg/springframeworZJzüe+#@
Event: 9.585 Thread 0x0000000057fd6800 Uncommon trap: reason=unstable_if action=reinterpret pc=0x0000000002ea81a0 method=java.util.regex.Pattern$CharProperty$1.isSatisfiedBy(I)Z @ 8
Event: 9.850 Thread 0x0000000057fd6800 Uncommon trap: reason=predicate action=maybe_recompile pc=0x00000000029a2378 method=java.lang.String.regionMatches(ZILjava/lang/String;II)Z @ 63
Event: 10.285 Thread 0x0000000057fd6800 Uncommon trap: reason=unstable_if action=reinterpret pc=0x0000000002a0c520 method=java.net.URI.match(CJJ)Z @ 45

Internal exceptions (10 events):
Event: 9.779 Thread 0x0000000057fd6800 Exception <a 'java/lang/ClassNotFoundException': org/springframework/boot/autoconfigure/orm/jpa/HibernateJpaAutoConfigurationCustomizer> (0x00000000ec6f3558) thrown at [C:\workspace\8-2-build-windows-amd64-cygwin\jdk8u65\4987\hotspot\src\share\vm\classfileø.ÀYeè#@
Event: 9.780 Thread 0x0000000057fd6800 Exception <a 'java/lang/ClassNotFoundException': org/springframework/boot/autoconfigure/orm/jpa/HibernateJpaAutoConfiguration$$EnhancerBySpringCGLIB$$b61caadeCustomizer> (0x00000000ec71e6c8) thrown at [C:\workspace\8-2-build-windows-amd64-cygwin\jdk8u65\49>_òÎè#@
Event: 9.781 Thread 0x0000000057fd6800 Exception <a 'java/lang/ClassNotFoundException': org/springframework/context/annotation/ConfigurationClassEnhancer$EnhancedConfigurationCustomizer> (0x00000000ec74e408) thrown at [C:\workspace\8-2-build-windows-amd64-cygwin\jdk8u65\4987\hotspot\src\share\v:√n*ê#@
Event: 9.782 Thread 0x0000000057fd6800 Exception <a 'java/lang/ClassNotFoundException': org/springframework/beans/factory/BeanFactoryAwareCustomizer> (0x00000000ec767390) thrown at [C:\workspace\8-2-build-windows-amd64-cygwin\jdk8u65\4987\hotspot\src\share\vm\classfile\systemDictionary.cpp, linhâ]S{≥#@
Event: 9.851 Thread 0x0000000057fd6800 Exception <a 'java/lang/ClassNotFoundException': java/lang/ObjectCustomizer> (0x00000000eca3dd48) thrown at [C:\workspace\8-2-build-windows-amd64-cygwin\jdk8u65\4987\hotspot\src\share\vm\classfile\systemDictionary.cpp, line 210]
Event: 9.851 Thread 0x0000000057fd6800 Exception <a 'java/lang/ClassNotFoundException': org/springframework/orm/jpa/vendor/AbstractJpaVendorAdapterCustomizer> (0x00000000eca5daf8) thrown at [C:\workspace\8-2-build-windows-amd64-cygwin\jdk8u65\4987\hotspot\src\share\vm\classfile\systemDictionary=Ï’‚¥#@
Event: 9.852 Thread 0x0000000057fd6800 Exception <a 'java/lang/ClassNotFoundException': org/springframework/orm/jpa/vendor/HibernateJpaVendorAdapterCustomizer> (0x00000000eca87b80) thrown at [C:\workspace\8-2-build-windows-amd64-cygwin\jdk8u65\4987\hotspot\src\share\vm\classfile\systemDictionar
Event: 9.853 Thread 0x0000000057fd6800 Exception <a 'java/lang/ClassNotFoundException': org/springframework/orm/jpa/JpaVendorAdapterCustomizer> (0x00000000ecac1238) thrown at [C:\workspace\8-2-build-windows-amd64-cygwin\jdk8u65\4987\hotspot\src\share\vm\classfile\systemDictionary.cpp, line 210]πú
Event: 9.872 Thread 0x0000000057fd6800 Exception <a 'java/lang/ClassNotFoundException': java/lang/ObjectCustomizer> (0x00000000ecaf50d0) thrown at [C:\workspace\8-2-build-windows-amd64-cygwin\jdk8u65\4987\hotspot\src\share\vm\classfile\systemDictionary.cpp, line 210]
Event: 9.872 Thread 0x0000000057fd6800 Exception <a 'java/lang/ClassNotFoundException': org/springframework/boot/orm/jpa/EntityManagerFactoryBuilderCustomizer> (0x00000000ecb142e8) thrown at [C:\workspace\8-2-build-windows-amd64-cygwin\jdk8u65\4987\hotspot\src\share\vm\classfile\systemDictionarÎÂ>9è#@

Events (10 events):
Event: 10.478 loading class com/mysql/jdbc/StatementImpl$CancelTask
Event: 10.478 loading class com/mysql/jdbc/StatementImpl$CancelTask done
Event: 10.511 loading class com/mysql/jdbc/Field
Event: 10.511 loading class com/mysql/jdbc/Field done
Event: 10.520 loading class com/mysql/jdbc/MysqlDefs
Event: 10.520 loading class com/mysql/jdbc/MysqlDefs done
Event: 10.522 loading class com/mysql/jdbc/Constants
Event: 10.522 loading class com/mysql/jdbc/Constants done
Event: 10.524 loading class com/mysql/jdbc/RowDataStatic
Event: 10.524 loading class com/mysql/jdbc/RowDataStatic done


Dynamic libraries:
0x000000013fd80000 - 0x000000013fdb7000 	C:\Program Files\Java\jdk1.8.0_65\bin\java.exe
0x0000000076da0000 - 0x0000000076f49000 	C:\Windows\SYSTEM32\ntdll.dll
0x0000000076c80000 - 0x0000000076d9f000 	C:\Windows\system32\kernel32.dll
0x000007fefd050000 - 0x000007fefd0bb000 	C:\Windows\system32\KERNELBASE.dll
0x000007fefd3f0000 - 0x000007fefd4cb000 	C:\Windows\system32\ADVAPI32.dll
0x000007fefe070000 - 0x000007fefe10f000 	C:\Windows\system32\msvcrt.dll
0x000007feff060000 - 0x000007feff07f000 	C:\Windows\SYSTEM32\sechost.dll
0x000007fefd790000 - 0x000007fefd8bd000 	C:\Windows\system32\RPCRT4.dll
0x0000000076b80000 - 0x0000000076c7a000 	C:\Windows\system32\USER32.dll
0x000007fefd990000 - 0x000007fefd9f7000 	C:\Windows\system32\GDI32.dll
0x000007fefd340000 - 0x000007fefd34e000 	C:\Windows\system32\LPK.dll
0x000007fefd8c0000 - 0x000007fefd989000 	C:\Windows\system32\USP10.dll
0x000007fefb510000 - 0x000007fefb704000 	C:\Windows\WinSxS\amd64_microsoft.windows.common-controls_6595b64144ccf1df_6.0.7601.17514_none_fa396087175ac9ac\COMCTL32.dll
0x000007fefd2c0000 - 0x000007fefd331000 	C:\Windows\system32\SHLWAPI.dll
0x000007feff080000 - 0x000007feff0ae000 	C:\Windows\system32\IMM32.DLL
0x000007fefef50000 - 0x000007feff059000 	C:\Windows\system32\MSCTF.dll
0x000000006a4d0000 - 0x000000006a5a2000 	C:\Program Files\Java\jdk1.8.0_65\jre\bin\msvcr100.dll
0x0000000069490000 - 0x0000000069d19000 	C:\Program Files\Java\jdk1.8.0_65\jre\bin\server\jvm.dll
0x000007feee0f0000 - 0x000007feee0f9000 	C:\Windows\system32\WSOCK32.dll
0x000007fefde10000 - 0x000007fefde5d000 	C:\Windows\system32\WS2_32.dll
0x000007fefe110000 - 0x000007fefe118000 	C:\Windows\system32\NSI.dll
0x000007fefadf0000 - 0x000007fefae2b000 	C:\Windows\system32\WINMM.dll
0x000007fefbf00000 - 0x000007fefbf0c000 	C:\Windows\system32\VERSION.dll
0x0000000076f60000 - 0x0000000076f67000 	C:\Windows\system32\PSAPI.DLL
0x00000000720a0000 - 0x00000000720af000 	C:\Program Files\Java\jdk1.8.0_65\jre\bin\verify.dll
0x0000000071ef0000 - 0x0000000071f19000 	C:\Program Files\Java\jdk1.8.0_65\jre\bin\java.dll
0x0000000072080000 - 0x0000000072096000 	C:\Program Files\Java\jdk1.8.0_65\jre\bin\zip.dll
0x000007fefe1c0000 - 0x000007fefef48000 	C:\Windows\system32\SHELL32.dll
0x000007fefde60000 - 0x000007fefe063000 	C:\Windows\system32\ole32.dll
0x000007fefccf0000 - 0x000007fefccff000 	C:\Windows\system32\profapi.dll
0x0000000074450000 - 0x000000007445d000 	C:\Program Files\Java\jdk1.8.0_65\jre\bin\management.dll
0x0000000071ed0000 - 0x0000000071eea000 	C:\Program Files\Java\jdk1.8.0_65\jre\bin\net.dll
0x000007fefc520000 - 0x000007fefc575000 	C:\Windows\system32\mswsock.dll
0x000007fefc510000 - 0x000007fefc517000 	C:\Windows\System32\wship6.dll
0x000007fefb000000 - 0x000007fefb015000 	C:\Windows\system32\NLAapi.dll
0x000007fef5f80000 - 0x000007fef5f95000 	C:\Windows\system32\napinsp.dll
0x000007feeeb90000 - 0x000007feeeba9000 	C:\Windows\system32\pnrpnsp.dll
0x000007fefc3a0000 - 0x000007fefc3fb000 	C:\Windows\system32\DNSAPI.dll
0x000007feeeb80000 - 0x000007feeeb8b000 	C:\Windows\System32\winrnr.dll
0x000007feeeb70000 - 0x000007feeeb80000 	C:\Windows\system32\wshbth.dll
0x000007fefbf10000 - 0x000007fefbf27000 	C:\Windows\system32\sslsp105.dll
0x000007fefcda0000 - 0x000007fefcf07000 	C:\Windows\system32\CRYPT32.dll
0x000007fefcd90000 - 0x000007fefcd9f000 	C:\Windows\system32\MSASN1.dll
0x000007fefbef0000 - 0x000007fefbef7000 	C:\Windows\System32\wshtcpip.dll
0x000007fefa6b0000 - 0x000007fefa6d7000 	C:\Windows\system32\IPHLPAPI.DLL
0x000007fefa730000 - 0x000007fefa73b000 	C:\Windows\system32\WINNSI.DLL
0x000007fef78c0000 - 0x000007fef78c8000 	C:\Windows\system32\rasadhlp.dll
0x000007fefa140000 - 0x000007fefa193000 	C:\Windows\System32\fwpuclnt.dll
0x0000000071b20000 - 0x0000000071b31000 	C:\Program Files\Java\jdk1.8.0_65\jre\bin\nio.dll
0x000007fefc580000 - 0x000007fefc597000 	C:\Windows\system32\CRYPTSP.dll
0x000007fefc280000 - 0x000007fefc2c7000 	C:\Windows\system32\rsaenh.dll
0x000007fefc040000 - 0x000007fefc05e000 	C:\Windows\system32\USERENV.dll
0x000007fefcbe0000 - 0x000007fefcbef000 	C:\Windows\system32\CRYPTBASE.dll
0x000007fefa590000 - 0x000007fefa5a8000 	C:\Windows\system32\dhcpcsvc.DLL
0x000007fef9c20000 - 0x000007fef9c31000 	C:\Windows\system32\dhcpcsvc6.DLL
0x000007feeb4c0000 - 0x000007feeb5e5000 	C:\Windows\system32\dbghelp.dll

VM Arguments:
java_command: com.mac.care_point.Application
java_class_path (initial): J:\Supervis\auto-care\AUTO_CARE\target\classes;C:\Users\kavish manjitha\.m2\repository\org\springframework\boot\spring-boot-starter-web\1.4.0.RELEASE\spring-boot-starter-web-1.4.0.RELEASE.jar;C:\Users\kavish manjitha\.m2\repository\org\springframework\boot\spring-boot-starter\1.4.0.RELEASE\spring-boot-starter-1.4.0.RELEASE.jar;C:\Users\kavish manjitha\.m2\repository\org\springframework\boot\spring-boot-starter-logging\1.4.0.RELEASE\spring-boot-starter-logging-1.4.0.RELEASE.jar;C:\Users\kavish manjitha\.m2\repository\ch\qos\logback\logback-classic\1.1.7\logback-classic-1.1.7.jar;C:\Users\kavish manjitha\.m2\repository\ch\qos\logback\logback-core\1.1.7\logback-core-1.1.7.jar;C:\Users\kavish manjitha\.m2\repository\org\slf4j\jul-to-slf4j\1.7.21\jul-to-slf4j-1.7.21.jar;C:\Users\kavish manjitha\.m2\repository\org\slf4j\log4j-over-slf4j\1.7.21\log4j-over-slf4j-1.7.21.jar;C:\Users\kavish manjitha\.m2\repository\org\springframework\spring-core\4.3.2.RELEASE\spring-core-4.3.2.RELEASE.jar;C:\Users\kavish manjitha\.m2\repository\org\yaml\snakeyaml\1.17\snakeyaml-1.17.jar;C:\Users\kavish manjitha\.m2\repository\org\springframework\boot\spring-boot-starter-tomcat\1.4.0.RELEASE\spring-boot-starter-tomcat-1.4.0.RELEASE.jar;C:\Users\kavish manjitha\.m2\repository\org\apache\tomcat\embed\tomcat-embed-core\8.5.4\tomcat-embed-core-8.5.4.jar;C:\Users\kavish manjitha\.m2\repository\org\apache\tomcat\embed\tomcat-embed-el\8.5.4\tomcat-embed-el-8.5.4.jar;C:\Users\kavish manjitha\.m2\repository\org\apache\tomcat\embed\tomcat-embed-websocket\8.5.4\tomcat-embed-websocket-8.5.4.jar;C:\Users\kavish manjitha\.m2\repository\org\hibernate\hibernate-validator\5.2.4.Final\hibernate-validator-5.2.4.Final.jar;C:\Users\kavish manjitha\.m2\repository\javax\validation\validation-api\1.1.0.Final\validation-api-1.1.0.Final.jar;C:\Users\kavish manjitha\.m2\repository\org\jboss\logging\jboss-logging\3.3.0.Final\jboss-logging-3.3.0.Final.jar;C:\Users\kavish manjitha\.m2\repositor
Launcher Type: SUN_STANDARD

Environment Variables:
JAVA_HOME=C:\Program Files\Java\jdk1.8.0_65
PATH=C:\ProgramData\Oracle\Java\javapath;C:\Windows\system32;C:\Windows;C:\Windows\System32\Wbem;C:\Windows\System32\WindowsPowerShell\v1.0\;C:\Program Files\Java\jdk1.8.0_65\bin;C:\Program Files (x86)\MySQL\MySQL Server 5.5\bin;C:\Program Files\nodejs\;c:\Program Files (x86)\Microsoft SQL Server\90\Tools\binn\;C:\Program Files\Git\cmd;C:\Users\kavish manjitha\AppData\Roaming\npm;C:\Users\kavish manjitha\AppData\Local\atom\bin;C:\Program Files\Heroku\bin;C:\Program Files (x86)\Microsoft VS Code\bin
USERNAME=kavish manjitha
OS=Windows_NT
PROCESSOR_IDENTIFIER=Intel64 Family 6 Model 61 Stepping 4, GenuineIntel



---------------  S Y S T E M  ---------------

OS: Windows 7 , 64 bit Build 7601 (6.1.7601.17514)

CPU:total 4 (2 cores per cpu, 2 threads per core) family 6 model 61 stepping 4, cmov, cx8, fxsr, mmx, sse, sse2, sse3, ssse3, sse4.1, sse4.2, popcnt, avx, avx2, aes, clmul, erms, 3dnowpref, lzcnt, ht, tsc, tscinvbit, bmi1, bmi2, adx

Memory: 4k page, physical 4103584k(781732k free), swap 8205324k(3560700k free)

vm_info: Java HotSpot(TM) 64-Bit Server VM (25.65-b01) for windows-amd64 JRE (1.8.0_65-b17), built on Oct  6 2015 16:39:20 by "java_re" with MS VC++ 10.0 (VS2010)

time: Wed Jun 28 15:22:23 2017
elapsed time: 10 seconds (0d 0h 0m 10s)

