#
# A fatal error has been detected by the Java Runtime Environment:
#
#  EXCEPTION_ACCESS_VIOLATION (0xc0000005) at pc=0x00000000028e843a, pid=8248, tid=9360
#
# JRE version: Java(TM) SE Runtime Environment (8.0_65-b17) (build 1.8.0_65-b17)
# Java VM: Java HotSpot(TM) 64-Bit Server VM (25.65-b01 mixed mode windows-amd64 compressed oops)
# Problematic frame:
# v  ~BufferBlob::vtable chunks
#
# Failed to write core dump. Minidumps are not enabled by default on client versions of Windows
#
# If you would like to submit a bug report, please visit:
#   http://bugreport.java.com/bugreport/crash.jsp
#

---------------  T H R E A D  ---------------

Current thread (0x000000005e12e000):  JavaThread "File Watcher" daemon [_thread_in_Java, id=9360, stack(0x000000005e2e0000,0x000000005e3e0000)]

siginfo: ExceptionCode=0xc0000005, reading address 0xffffffffffffffff

Registers:
RAX=0x0000000014cf06c0, RBX=0x00000000587fbb20, RCX=0x00000000f53a2810, RDX=0x00000000f53a2810
RSP=0x000000005e3df358, RBP=0x00000000c52a8ad8, RSI=0x0000000000000000, RDI=0x0000000014734028
R8 =0x000000001474d0b8, R9 =0x00000000f53bfe48, R10=0x00000000587fbb20, R11=0x00000000546c0640
R12=0x0000000000000000, R13=0x00000000c52a8ac8, R14=0x00000000147102b0, R15=0x000000005e12e000
RIP=0x00000000028e843a, EFLAGS=0x0000000000010202

Top of Stack: (sp=0x000000005e3df358)
0x000000005e3df358:   000000000429d8dc 00000000c52a8ac8
0x000000005e3df368:   00000000f53bfe48 147102b014734028
0x000000005e3df378:   0000000000000000 00000000f53a2810
0x000000005e3df388:   00000000c52a8ac8 00000000c52b5e58
0x000000005e3df398:   0000000002b6cc74 000000005e3df410
0x000000005e3df3a8:   0000000002d71b3b 00000000c52a8ac8
0x000000005e3df3b8:   00000000058ed160 00000000c414ca58
0x000000005e3df3c8:   1471abb000000001 00000000f53bfd30
0x000000005e3df3d8:   00000000f53bfa88 00000000f5344ab0
0x000000005e3df3e8:   00000000f5344b08 00000000ec0c0758
0x000000005e3df3f8:   00000000f53bfb90 00000000c16012f8
0x000000005e3df408:   00000000ec0c06c8 00000000c52acd78
0x000000005e3df418:   00000000029f59ac 00000000c414ca58
0x000000005e3df428:   00000000f5344ab0 00000000eb7e5620
0x000000005e3df438:   0000000000000000 0000000014734028
0x000000005e3df448:   00000000027ef171 000000005e3df4b8 

Instructions: (pc=0x00000000028e843a)
0x00000000028e841a:   00 00 00 00 00 00 00 00 00 00 00 00 00 00 03 00
0x00000000028e842a:   0a 00 00 00 01 00 8b 42 08 48 8b 98 d0 01 00 00
0x00000000028e843a:   ff 63 40 00 00 00 00 00 00 00 00 00 00 00 00 00
0x00000000028e844a:   00 00 00 00 00 00 00 00 00 00 00 00 00 00 00 00 


Register to memory mapping:

RAX=0x0000000014cf06c0 is pointing into metadata
RBX=0x00000000587fbb20 is an unknown value
RCX=0x00000000f53a2810 is an oop

[error occurred during error reporting (printing register info), id 0xc0000005]

Stack: [0x000000005e2e0000,0x000000005e3e0000],  sp=0x000000005e3df358,  free space=1020k
Native frames: (J=compiled Java code, j=interpreted, Vv=VM code, C=native code)
C  0x00000000028e843a


---------------  P R O C E S S  ---------------

Java Threads: ( => current thread )
  0x0000000059ddc800 JavaThread "http-nio-8080-exec-10" daemon [_thread_blocked, id=7792, stack(0x0000000067da0000,0x0000000067ea0000)]
  0x0000000059ddb800 JavaThread "http-nio-8080-exec-9" daemon [_thread_blocked, id=8252, stack(0x0000000067870000,0x0000000067970000)]
  0x0000000059ddb000 JavaThread "http-nio-8080-exec-8" daemon [_thread_blocked, id=3856, stack(0x00000000652b0000,0x00000000653b0000)]
  0x0000000059dda000 JavaThread "http-nio-8080-exec-7" daemon [_thread_blocked, id=4260, stack(0x0000000066120000,0x0000000066220000)]
  0x000000005d9a3000 JavaThread "http-nio-8080-exec-6" daemon [_thread_blocked, id=5400, stack(0x0000000060730000,0x0000000060830000)]
  0x000000005d997800 JavaThread "http-nio-8080-exec-5" daemon [_thread_blocked, id=5296, stack(0x000000005b960000,0x000000005ba60000)]
  0x000000005d9a1800 JavaThread "http-nio-8080-exec-4" daemon [_thread_blocked, id=5764, stack(0x00000000641c0000,0x00000000642c0000)]
  0x000000005e12a000 JavaThread "http-nio-8080-exec-3" daemon [_thread_blocked, id=8088, stack(0x000000005b3f0000,0x000000005b4f0000)]
  0x000000005e128800 JavaThread "http-nio-8080-exec-2" daemon [_thread_blocked, id=5232, stack(0x0000000061c90000,0x0000000061d90000)]
  0x000000005e12b000 JavaThread "http-nio-8080-exec-1" daemon [_thread_blocked, id=9892, stack(0x0000000065150000,0x0000000065250000)]
  0x000000005d99e800 JavaThread "http-nio-8080-AsyncTimeout" daemon [_thread_blocked, id=4700, stack(0x00000000679a0000,0x0000000067aa0000)]
  0x000000005d9a4800 JavaThread "http-nio-8080-Acceptor-0" daemon [_thread_in_native, id=9716, stack(0x0000000067770000,0x0000000067870000)]
  0x000000005d99a800 JavaThread "http-nio-8080-ClientPoller-1" daemon [_thread_in_native, id=9496, stack(0x000000005b030000,0x000000005b130000)]
  0x000000005d999000 JavaThread "http-nio-8080-ClientPoller-0" daemon [_thread_in_native, id=9036, stack(0x00000000671b0000,0x00000000672b0000)]
  0x000000005d99d000 JavaThread "NioBlockingSelector.BlockPoller-27" daemon [_thread_in_native, id=9876, stack(0x0000000067080000,0x0000000067180000)]
  0x000000005e12f800 JavaThread "File Watcher" daemon [_thread_blocked, id=6148, stack(0x0000000066c80000,0x0000000066d80000)]
  0x000000005e12e800 JavaThread "Tomcat JDBC Pool Cleaner[1309552426:1496386856756]" daemon [_thread_blocked, id=8300, stack(0x0000000058b10000,0x0000000058c10000)]
  0x000000005e129800 JavaThread "container-0" [_thread_blocked, id=8720, stack(0x0000000065a40000,0x0000000065b40000)]
  0x000000005e12b800 JavaThread "ContainerBackgroundProcessor[StandardEngine[Tomcat].StandardHost[localhost].StandardContext[]]" daemon [_thread_blocked, id=5132, stack(0x00000000656b0000,0x00000000657b0000)]
=>0x000000005e12e000 JavaThread "File Watcher" daemon [_thread_in_Java, id=9360, stack(0x000000005e2e0000,0x000000005e3e0000)]
  0x000000005e12c800 JavaThread "File Watcher" daemon [_thread_blocked, id=9416, stack(0x0000000060a70000,0x0000000060b70000)]
  0x000000005d9a0800 JavaThread "File Watcher" daemon [_thread_blocked, id=8056, stack(0x00000000589f0000,0x0000000058af0000)]
  0x000000005d9a2000 JavaThread "DestroyJavaVM" [_thread_blocked, id=6064, stack(0x0000000002400000,0x0000000002500000)]
  0x000000005d99d800 JavaThread "Live Reload Server" daemon [_thread_in_native, id=3996, stack(0x000000005e400000,0x000000005e500000)]
  0x000000005d99b800 JavaThread "Abandoned connection cleanup thread" daemon [_thread_blocked, id=9432, stack(0x000000005e510000,0x000000005e610000)]
  0x00000000563d9000 JavaThread "Service Thread" daemon [_thread_blocked, id=8552, stack(0x0000000056fb0000,0x00000000570b0000)]
  0x000000005635f000 JavaThread "C1 CompilerThread2" daemon [_thread_blocked, id=3716, stack(0x0000000056d50000,0x0000000056e50000)]
  0x000000005635e000 JavaThread "C2 CompilerThread1" daemon [_thread_blocked, id=9028, stack(0x0000000056bd0000,0x0000000056cd0000)]
  0x00000000550b9800 JavaThread "C2 CompilerThread0" daemon [_thread_blocked, id=7112, stack(0x0000000056ad0000,0x0000000056bd0000)]
  0x0000000056356800 JavaThread "Attach Listener" daemon [_thread_blocked, id=9504, stack(0x0000000056780000,0x0000000056880000)]
  0x00000000550b7800 JavaThread "Signal Dispatcher" daemon [_thread_blocked, id=5152, stack(0x00000000568a0000,0x00000000569a0000)]
  0x000000005505b000 JavaThread "Finalizer" daemon [_thread_blocked, id=7144, stack(0x0000000056250000,0x0000000056350000)]
  0x0000000055054000 JavaThread "Reference Handler" daemon [_thread_blocked, id=4816, stack(0x0000000056130000,0x0000000056230000)]

Other Threads:
  0x000000005504e000 VMThread [stack: 0x0000000055fd0000,0x00000000560d0000] [id=7500]
  0x0000000056407000 WatcherThread [stack: 0x0000000057110000,0x0000000057210000] [id=9480]

VM state:not at safepoint (normal execution)

VM Mutex/Monitor currently owned by a thread: None

Heap:
 PSYoungGen      total 275968K, used 170975K [0x00000000eb200000, 0x00000000fc700000, 0x0000000100000000)
  eden space 267776K, 63% used [0x00000000eb200000,0x00000000f586fc00,0x00000000fb780000)
  from space 8192K, 6% used [0x00000000fb780000,0x00000000fb808000,0x00000000fbf80000)
  to   space 7680K, 0% used [0x00000000fbf80000,0x00000000fbf80000,0x00000000fc700000)
 ParOldGen       total 192512K, used 62634K [0x00000000c1600000, 0x00000000cd200000, 0x00000000eb200000)
  object space 192512K, 32% used [0x00000000c1600000,0x00000000c532aa40,0x00000000cd200000)
 Metaspace       used 84008K, capacity 87064K, committed 126848K, reserved 1163264K
  class space    used 9036K, capacity 9659K, committed 13952K, reserved 1048576K

Card table byte_map: [0x0000000011b90000,0x0000000011d90000] byte_map_base: 0x0000000011585000

Marking Bits: (ParMarkBitMap*) 0x000000005c27a5b0
 Begin Bits: [0x0000000012570000, 0x0000000013518000)
 End Bits:   [0x0000000013518000, 0x00000000144c0000)

Polling page: 0x0000000000140000

CodeCache: size=245760Kb used=52696Kb max_used=52893Kb free=193063Kb
 bounds [0x00000000027d0000, 0x0000000005be0000, 0x00000000117d0000]
 total_blobs=13268 nmethods=12712 adapters=467
 compilation: enabled

Compilation events (10 events):
Event: 9815.764 Thread 0x000000005635f000 18586       1       org.hibernate.loader.custom.CustomLoader::getCollectionAliases (5 bytes)
Event: 9815.764 Thread 0x000000005635f000 nmethod 18586 0x00000000035cc310 code [0x00000000035cc460, 0x00000000035cc570]
Event: 9815.764 Thread 0x000000005635f000 18587       1       org.hibernate.loader.custom.CustomLoader::getCollectionOwners (5 bytes)
Event: 9815.764 Thread 0x000000005635f000 nmethod 18587 0x000000000320e910 code [0x000000000320ea60, 0x000000000320eb70]
Event: 9950.451 Thread 0x000000005635f000 18588       3       org.apache.tomcat.jdbc.pool.FairBlockingQueue::size (8 bytes)
Event: 9950.452 Thread 0x000000005635f000 nmethod 18588 0x000000000348c410 code [0x000000000348c560, 0x000000000348c6f0]
Event: 10473.773 Thread 0x00000000550b9800 18589 % !   4       com.mysql.jdbc.AbandonedConnectionCleanupThread::run @ 4 (62 bytes)
Event: 10473.778 Thread 0x00000000550b9800 nmethod 18589% 0x0000000002d0c150 code [0x0000000002d0c320, 0x0000000002d0c670]
Event: 10577.315 Thread 0x000000005635e000 18590   !   4       com.mysql.jdbc.AbandonedConnectionCleanupThread::run (62 bytes)
Event: 10577.320 Thread 0x000000005635e000 nmethod 18590 0x0000000002c519d0 code [0x0000000002c51bc0, 0x0000000002c51fb0]

GC Heap History (10 events):
Event: 11845.600 GC heap before
{Heap before GC invocations=207 (full 30):
 PSYoungGen      total 276480K, used 266880K [0x00000000eb200000, 0x00000000fcb80000, 0x0000000100000000)
  eden space 266752K, 100% used [0x00000000eb200000,0x00000000fb680000,0x00000000fb680000)
  from space 9728K, 1% used [0x00000000fc200000,0x00000000fc220000,0x00000000fcb80000)
  to   space 10752K, 0% used [0x00000000fb680000,0x00000000fb680000,0x00000000fc100000)
 ParOldGen       total 192512K, used 62634K [0x00000000c1600000, 0x00000000cd200000, 0x00000000eb200000)
  object space 192512K, 32% used [0x00000000c1600000,0x00000000c532aa40,0x00000000cd200000)
 Metaspace       used 84008K, capacity 87064K, committed 126848K, reserved 1163264K
  class space    used 9036K, capacity 9659K, committed 13952K, reserved 1048576K
Event: 11845.604 GC heap after
Heap after GC invocations=207 (full 30):
 PSYoungGen      total 277504K, used 128K [0x00000000eb200000, 0x00000000fcb00000, 0x0000000100000000)
  eden space 266752K, 0% used [0x00000000eb200000,0x00000000eb200000,0x00000000fb680000)
  from space 10752K, 1% used [0x00000000fb680000,0x00000000fb6a0000,0x00000000fc100000)
  to   space 10240K, 0% used [0x00000000fc100000,0x00000000fc100000,0x00000000fcb00000)
 ParOldGen       total 192512K, used 62634K [0x00000000c1600000, 0x00000000cd200000, 0x00000000eb200000)
  object space 192512K, 32% used [0x00000000c1600000,0x00000000c532aa40,0x00000000cd200000)
 Metaspace       used 84008K, capacity 87064K, committed 126848K, reserved 1163264K
  class space    used 9036K, capacity 9659K, committed 13952K, reserved 1048576K
}
Event: 11933.830 GC heap before
{Heap before GC invocations=208 (full 30):
 PSYoungGen      total 277504K, used 266880K [0x00000000eb200000, 0x00000000fcb00000, 0x0000000100000000)
  eden space 266752K, 100% used [0x00000000eb200000,0x00000000fb680000,0x00000000fb680000)
  from space 10752K, 1% used [0x00000000fb680000,0x00000000fb6a0000,0x00000000fc100000)
  to   space 10240K, 0% used [0x00000000fc100000,0x00000000fc100000,0x00000000fcb00000)
 ParOldGen       total 192512K, used 62634K [0x00000000c1600000, 0x00000000cd200000, 0x00000000eb200000)
  object space 192512K, 32% used [0x00000000c1600000,0x00000000c532aa40,0x00000000cd200000)
 Metaspace       used 84008K, capacity 87064K, committed 126848K, reserved 1163264K
  class space    used 9036K, capacity 9659K, committed 13952K, reserved 1048576K
Event: 11933.834 GC heap after
Heap after GC invocations=208 (full 30):
 PSYoungGen      total 275456K, used 288K [0x00000000eb200000, 0x00000000fc900000, 0x0000000100000000)
  eden space 267264K, 0% used [0x00000000eb200000,0x00000000eb200000,0x00000000fb700000)
  from space 8192K, 3% used [0x00000000fc100000,0x00000000fc148000,0x00000000fc900000)
  to   space 9216K, 0% used [0x00000000fb700000,0x00000000fb700000,0x00000000fc000000)
 ParOldGen       total 192512K, used 62634K [0x00000000c1600000, 0x00000000cd200000, 0x00000000eb200000)
  object space 192512K, 32% used [0x00000000c1600000,0x00000000c532aa40,0x00000000cd200000)
 Metaspace       used 84008K, capacity 87064K, committed 126848K, reserved 1163264K
  class space    used 9036K, capacity 9659K, committed 13952K, reserved 1048576K
}
Event: 12024.133 GC heap before
{Heap before GC invocations=209 (full 30):
 PSYoungGen      total 275456K, used 267552K [0x00000000eb200000, 0x00000000fc900000, 0x0000000100000000)
  eden space 267264K, 100% used [0x00000000eb200000,0x00000000fb700000,0x00000000fb700000)
  from space 8192K, 3% used [0x00000000fc100000,0x00000000fc148000,0x00000000fc900000)
  to   space 9216K, 0% used [0x00000000fb700000,0x00000000fb700000,0x00000000fc000000)
 ParOldGen       total 192512K, used 62634K [0x00000000c1600000, 0x00000000cd200000, 0x00000000eb200000)
  object space 192512K, 32% used [0x00000000c1600000,0x00000000c532aa40,0x00000000cd200000)
 Metaspace       used 84008K, capacity 87064K, committed 126848K, reserved 1163264K
  class space    used 9036K, capacity 9659K, committed 13952K, reserved 1048576K
Event: 12024.137 GC heap after
Heap after GC invocations=209 (full 30):
 PSYoungGen      total 276480K, used 512K [0x00000000eb200000, 0x00000000fc880000, 0x0000000100000000)
  eden space 267264K, 0% used [0x00000000eb200000,0x00000000eb200000,0x00000000fb700000)
  from space 9216K, 5% used [0x00000000fb700000,0x00000000fb780000,0x00000000fc000000)
  to   space 8704K, 0% used [0x00000000fc000000,0x00000000fc000000,0x00000000fc880000)
 ParOldGen       total 192512K, used 62634K [0x00000000c1600000, 0x00000000cd200000, 0x00000000eb200000)
  object space 192512K, 32% used [0x00000000c1600000,0x00000000c532aa40,0x00000000cd200000)
 Metaspace       used 84008K, capacity 87064K, committed 126848K, reserved 1163264K
  class space    used 9036K, capacity 9659K, committed 13952K, reserved 1048576K
}
Event: 12113.723 GC heap before
{Heap before GC invocations=210 (full 30):
 PSYoungGen      total 276480K, used 267776K [0x00000000eb200000, 0x00000000fc880000, 0x0000000100000000)
  eden space 267264K, 100% used [0x00000000eb200000,0x00000000fb700000,0x00000000fb700000)
  from space 9216K, 5% used [0x00000000fb700000,0x00000000fb780000,0x00000000fc000000)
  to   space 8704K, 0% used [0x00000000fc000000,0x00000000fc000000,0x00000000fc880000)
 ParOldGen       total 192512K, used 62634K [0x00000000c1600000, 0x00000000cd200000, 0x00000000eb200000)
  object space 192512K, 32% used [0x00000000c1600000,0x00000000c532aa40,0x00000000cd200000)
 Metaspace       used 84008K, capacity 87064K, committed 126848K, reserved 1163264K
  class space    used 9036K, capacity 9659K, committed 13952K, reserved 1048576K
Event: 12113.727 GC heap after
Heap after GC invocations=210 (full 30):
 PSYoungGen      total 275456K, used 96K [0x00000000eb200000, 0x00000000fc780000, 0x0000000100000000)
  eden space 267776K, 0% used [0x00000000eb200000,0x00000000eb200000,0x00000000fb780000)
  from space 7680K, 1% used [0x00000000fc000000,0x00000000fc018000,0x00000000fc780000)
  to   space 8192K, 0% used [0x00000000fb780000,0x00000000fb780000,0x00000000fbf80000)
 ParOldGen       total 192512K, used 62634K [0x00000000c1600000, 0x00000000cd200000, 0x00000000eb200000)
  object space 192512K, 32% used [0x00000000c1600000,0x00000000c532aa40,0x00000000cd200000)
 Metaspace       used 84008K, capacity 87064K, committed 126848K, reserved 1163264K
  class space    used 9036K, capacity 9659K, committed 13952K, reserved 1048576K
}
Event: 12202.856 GC heap before
{Heap before GC invocations=211 (full 30):
 PSYoungGen      total 275456K, used 267872K [0x00000000eb200000, 0x00000000fc780000, 0x0000000100000000)
  eden space 267776K, 100% used [0x00000000eb200000,0x00000000fb780000,0x00000000fb780000)
  from space 7680K, 1% used [0x00000000fc000000,0x00000000fc018000,0x00000000fc780000)
  to   space 8192K, 0% used [0x00000000fb780000,0x00000000fb780000,0x00000000fbf80000)
 ParOldGen       total 192512K, used 62634K [0x00000000c1600000, 0x00000000cd200000, 0x00000000eb200000)
  object space 192512K, 32% used [0x00000000c1600000,0x00000000c532aa40,0x00000000cd200000)
 Metaspace       used 84008K, capacity 87064K, committed 126848K, reserved 1163264K
  class space    used 9036K, capacity 9659K, committed 13952K, reserved 1048576K
Event: 12202.860 GC heap after
Heap after GC invocations=211 (full 30):
 PSYoungGen      total 275968K, used 544K [0x00000000eb200000, 0x00000000fc700000, 0x0000000100000000)
  eden space 267776K, 0% used [0x00000000eb200000,0x00000000eb200000,0x00000000fb780000)
  from space 8192K, 6% used [0x00000000fb780000,0x00000000fb808000,0x00000000fbf80000)
  to   space 7680K, 0% used [0x00000000fbf80000,0x00000000fbf80000,0x00000000fc700000)
 ParOldGen       total 192512K, used 62634K [0x00000000c1600000, 0x00000000cd200000, 0x00000000eb200000)
  object space 192512K, 32% used [0x00000000c1600000,0x00000000c532aa40,0x00000000cd200000)
 Metaspace       used 84008K, capacity 87064K, committed 126848K, reserved 1163264K
  class space    used 9036K, capacity 9659K, committed 13952K, reserved 1048576K
}

Deoptimization events (10 events):
Event: 8073.682 Thread 0x000000005d99d000 Uncommon trap: reason=class_check action=maybe_recompile pc=0x00000000034e3418 method=java.util.Formatter.format(Ljava/util/Locale;Ljava/lang/String;[Ljava/lang/Object;)Ljava/util/Formatter; @ 76
Event: 8097.179 Thread 0x000000005e12e000 Uncommon trap: reason=predicate action=maybe_recompile pc=0x0000000004b3f950 method=org.springframework.data.repository.util.QueryExecutionConverters.supports(Ljava/lang/Class;)Z @ 24
Event: 8097.685 Thread 0x000000005e12e000 Uncommon trap: reason=unstable_if action=reinterpret pc=0x00000000041b7b8c method=org.springframework.beans.factory.support.AbstractBeanDefinition.getResourceDescription()Ljava/lang/String; @ 4
Event: 8097.703 Thread 0x000000005e12e000 Uncommon trap: reason=class_check action=maybe_recompile pc=0x00000000034e3418 method=java.util.Formatter.format(Ljava/util/Locale;Ljava/lang/String;[Ljava/lang/Object;)Ljava/util/Formatter; @ 76
Event: 8110.884 Thread 0x000000005e12a000 Uncommon trap: reason=null_check action=make_not_entrant pc=0x00000000041b15b4 method=org.hibernate.cfg.Ejb3Column.setExplicitTableName(Ljava/lang/String;)V @ 3
Event: 8111.919 Thread 0x000000005e12a000 Uncommon trap: reason=null_check action=make_not_entrant pc=0x00000000057edf94 method=org.springframework.data.repository.util.QueryExecutionConverters.supports(Ljava/lang/Class;)Z @ 36
Event: 8128.610 Thread 0x000000005e12b000 Uncommon trap: reason=class_check action=maybe_recompile pc=0x00000000047d5e44 method=java.util.AbstractList.hashCode()I @ 3
Event: 8682.856 Thread 0x0000000059ddc800 Uncommon trap: reason=class_check action=maybe_recompile pc=0x00000000047d5e44 method=java.util.AbstractList.hashCode()I @ 3
Event: 9254.993 Thread 0x0000000059ddb000 Uncommon trap: reason=class_check action=maybe_recompile pc=0x00000000047d5e44 method=java.util.AbstractList.hashCode()I @ 3
Event: 9682.832 Thread 0x000000005e12a000 Uncommon trap: reason=unstable_if action=reinterpret pc=0x00000000058599ac method=com.mysql.jdbc.util.ReadAheadInputStream.readFromUnderlyingStreamIfNecessary([BII)I @ 203

Internal exceptions (10 events):
Event: 8112.284 Thread 0x000000005e12a000 Exception <a 'java/lang/ClassNotFoundException': java/lang/ObjectCustomizer> (0x00000000ee75d840) thrown at [C:\workspace\8-2-build-windows-amd64-cygwin\jdk8u65\4987\hotspot\src\share\vm\classfile\systemDictionary.cpp, line 210]
Event: 8112.285 Thread 0x000000005e12a000 Exception <a 'java/lang/ClassNotFoundException': com/mac/care_point/service/zmaster/vehicle/SVVehicleControllerCustomizer> (0x00000000ee77a958) thrown at [C:\workspace\8-2-build-windows-amd64-cygwin\jdk8u65\4987\hotspot\src\share\vm\classfile\systemDiction˜∞˛NI∞ø@
Event: 8112.286 Thread 0x000000005e12a000 Exception <a 'java/lang/ClassNotFoundException': java/lang/ObjectCustomizer> (0x00000000ee794c70) thrown at [C:\workspace\8-2-build-windows-amd64-cygwin\jdk8u65\4987\hotspot\src\share\vm\classfile\systemDictionary.cpp, line 210]
Event: 8112.287 Thread 0x000000005e12a000 Exception <a 'java/lang/ClassNotFoundException': com/mac/care_point/service/zmaster/vehicle/SVVehicleServiceCustomizer> (0x00000000ee7b1320) thrown at [C:\workspace\8-2-build-windows-amd64-cygwin\jdk8u65\4987\hotspot\src\share\vm\classfile\systemDictionaryÑ@£ûL∞ø@
Event: 8112.299 Thread 0x000000005e12a000 Exception <a 'java/lang/ClassNotFoundException': java/lang/ObjectCustomizer> (0x00000000ee9a3700) thrown at [C:\workspace\8-2-build-windows-amd64-cygwin\jdk8u65\4987\hotspot\src\share\vm\classfile\systemDictionary.cpp, line 210]
Event: 8112.300 Thread 0x000000005e12a000 Exception <a 'java/lang/ClassNotFoundException': com/mac/care_point/service/zmaster/vehicle_type/SVVehicleTypeControllerCustomizer> (0x00000000ee9c2888) thrown at [C:\workspace\8-2-build-windows-amd64-cygwin\jdk8u65\4987\hotspot\src\share\vm\classfile\systg_EM∞ø@
Event: 8112.301 Thread 0x000000005e12a000 Exception <a 'java/lang/ClassNotFoundException': java/lang/ObjectCustomizer> (0x00000000ee9d8580) thrown at [C:\workspace\8-2-build-windows-amd64-cygwin\jdk8u65\4987\hotspot\src\share\vm\classfile\systemDictionary.cpp, line 210]
Event: 8112.301 Thread 0x000000005e12a000 Exception <a 'java/lang/ClassNotFoundException': com/mac/care_point/service/zmaster/vehicle_type/SVVehicleTypeServiceCustomizer> (0x00000000ee9f6bd8) thrown at [C:\workspace\8-2-build-windows-amd64-cygwin\jdk8u65\4987\hotspot\src\share\vm\classfile\systemD
Event: 8112.312 Thread 0x000000005e12a000 Exception <a 'java/lang/ClassNotFoundException': java/lang/ObjectCustomizer> (0x00000000eeb55840) thrown at [C:\workspace\8-2-build-windows-amd64-cygwin\jdk8u65\4987\hotspot\src\share\vm\classfile\systemDictionary.cpp, line 210]
Event: 8112.313 Thread 0x000000005e12a000 Exception <a 'java/lang/ClassNotFoundException': com/mac/care_point/system/exception/handler/SystemExceptionHandlerCustomizer> (0x00000000eeb73910) thrown at [C:\workspace\8-2-build-windows-amd64-cygwin\jdk8u65\4987\hotspot\src\share\vm\classfile\systemDicéçL”H∞ø@

Events (10 events):
Event: 11845.600 Executing VM operation: ParallelGCFailedAllocation
Event: 11845.604 Executing VM operation: ParallelGCFailedAllocation done
Event: 11933.830 Executing VM operation: ParallelGCFailedAllocation
Event: 11933.834 Executing VM operation: ParallelGCFailedAllocation done
Event: 12024.133 Executing VM operation: ParallelGCFailedAllocation
Event: 12024.137 Executing VM operation: ParallelGCFailedAllocation done
Event: 12113.723 Executing VM operation: ParallelGCFailedAllocation
Event: 12113.727 Executing VM operation: ParallelGCFailedAllocation done
Event: 12202.856 Executing VM operation: ParallelGCFailedAllocation
Event: 12202.860 Executing VM operation: ParallelGCFailedAllocation done


Dynamic libraries:
0x000000013fb90000 - 0x000000013fbc7000 	C:\Program Files\Java\jdk1.8.0_65\bin\java.exe
0x0000000077800000 - 0x00000000779a9000 	C:\Windows\SYSTEM32\ntdll.dll
0x00000000775e0000 - 0x00000000776ff000 	C:\Windows\system32\kernel32.dll
0x000007fefd800000 - 0x000007fefd86b000 	C:\Windows\system32\KERNELBASE.dll
0x000007fefe5a0000 - 0x000007fefe67b000 	C:\Windows\system32\ADVAPI32.dll
0x000007fefdbc0000 - 0x000007fefdc5f000 	C:\Windows\system32\msvcrt.dll
0x000007fefea00000 - 0x000007fefea1f000 	C:\Windows\SYSTEM32\sechost.dll
0x000007fefe290000 - 0x000007fefe3bd000 	C:\Windows\system32\RPCRT4.dll
0x0000000077700000 - 0x00000000777fa000 	C:\Windows\system32\USER32.dll
0x000007fefe940000 - 0x000007fefe9a7000 	C:\Windows\system32\GDI32.dll
0x000007fefdde0000 - 0x000007fefddee000 	C:\Windows\system32\LPK.dll
0x000007fefdce0000 - 0x000007fefdda9000 	C:\Windows\system32\USP10.dll
0x000007fefc220000 - 0x000007fefc414000 	C:\Windows\WinSxS\amd64_microsoft.windows.common-controls_6595b64144ccf1df_6.0.7601.17514_none_fa396087175ac9ac\COMCTL32.dll
0x000007fefdc60000 - 0x000007fefdcd1000 	C:\Windows\system32\SHLWAPI.dll
0x000007fefddb0000 - 0x000007fefddde000 	C:\Windows\system32\IMM32.DLL
0x000007fefe180000 - 0x000007fefe289000 	C:\Windows\system32\MSCTF.dll
0x0000000066030000 - 0x0000000066102000 	C:\Program Files\Java\jdk1.8.0_65\jre\bin\msvcr100.dll
0x000000005ba70000 - 0x000000005c2f9000 	C:\Program Files\Java\jdk1.8.0_65\jre\bin\server\jvm.dll
0x000007fef8860000 - 0x000007fef8869000 	C:\Windows\system32\WSOCK32.dll
0x000007fefe9b0000 - 0x000007fefe9fd000 	C:\Windows\system32\WS2_32.dll
0x000007fefe590000 - 0x000007fefe598000 	C:\Windows\system32\NSI.dll
0x000007fefb910000 - 0x000007fefb94b000 	C:\Windows\system32\WINMM.dll
0x000007fefc8b0000 - 0x000007fefc8bc000 	C:\Windows\system32\VERSION.dll
0x00000000779c0000 - 0x00000000779c7000 	C:\Windows\system32\PSAPI.DLL
0x0000000066550000 - 0x000000006655f000 	C:\Program Files\Java\jdk1.8.0_65\jre\bin\verify.dll
0x0000000066520000 - 0x0000000066549000 	C:\Program Files\Java\jdk1.8.0_65\jre\bin\java.dll
0x0000000066220000 - 0x0000000066236000 	C:\Program Files\Java\jdk1.8.0_65\jre\bin\zip.dll
0x000007fefeac0000 - 0x000007feff848000 	C:\Windows\system32\SHELL32.dll
0x000007fefddf0000 - 0x000007fefdff3000 	C:\Windows\system32\ole32.dll
0x000007fefd750000 - 0x000007fefd75f000 	C:\Windows\system32\profapi.dll
0x000000006cd30000 - 0x000000006cd3d000 	C:\Program Files\Java\jdk1.8.0_65\jre\bin\management.dll
0x0000000065ff0000 - 0x000000006600a000 	C:\Program Files\Java\jdk1.8.0_65\jre\bin\net.dll
0x000007fefcf80000 - 0x000007fefcfd5000 	C:\Windows\system32\mswsock.dll
0x000007fefcf70000 - 0x000007fefcf77000 	C:\Windows\System32\wship6.dll
0x000007fefb870000 - 0x000007fefb885000 	C:\Windows\system32\NLAapi.dll
0x000007feefe80000 - 0x000007feefe95000 	C:\Windows\system32\napinsp.dll
0x000007feefe60000 - 0x000007feefe79000 	C:\Windows\system32\pnrpnsp.dll
0x000007fefce00000 - 0x000007fefce5b000 	C:\Windows\system32\DNSAPI.dll
0x000007feefbe0000 - 0x000007feefbeb000 	C:\Windows\System32\winrnr.dll
0x000007feefac0000 - 0x000007feefad0000 	C:\Windows\system32\wshbth.dll
0x000007fefc980000 - 0x000007fefc987000 	C:\Windows\System32\wshtcpip.dll
0x000007fefb120000 - 0x000007fefb147000 	C:\Windows\system32\IPHLPAPI.DLL
0x000007fefb110000 - 0x000007fefb11b000 	C:\Windows\system32\WINNSI.DLL
0x000007fef8c30000 - 0x000007fef8c38000 	C:\Windows\system32\rasadhlp.dll
0x000007fefabc0000 - 0x000007fefac13000 	C:\Windows\System32\fwpuclnt.dll
0x0000000066010000 - 0x0000000066021000 	C:\Program Files\Java\jdk1.8.0_65\jre\bin\nio.dll
0x000007fefcfe0000 - 0x000007fefcff7000 	C:\Windows\system32\CRYPTSP.dll
0x000007fefcce0000 - 0x000007fefcd27000 	C:\Windows\system32\rsaenh.dll
0x000007fefcaa0000 - 0x000007fefcabe000 	C:\Windows\system32\USERENV.dll
0x000007fefd680000 - 0x000007fefd68f000 	C:\Windows\system32\CRYPTBASE.dll
0x000007fefa840000 - 0x000007fefa858000 	C:\Windows\system32\dhcpcsvc.DLL
0x000007fefa820000 - 0x000007fefa831000 	C:\Windows\system32\dhcpcsvc6.DLL
0x000007feece50000 - 0x000007feecf75000 	C:\Windows\system32\dbghelp.dll

VM Arguments:
java_command: com.mac.care_point.Application
java_class_path (initial): J:\Supervis\auto-care\AUTO_CARE\target\classes;C:\Users\kavish manjitha\.m2\repository\org\springframework\boot\spring-boot-starter-web\1.4.0.RELEASE\spring-boot-starter-web-1.4.0.RELEASE.jar;C:\Users\kavish manjitha\.m2\repository\org\springframework\boot\spring-boot-starter\1.4.0.RELEASE\spring-boot-starter-1.4.0.RELEASE.jar;C:\Users\kavish manjitha\.m2\repository\org\springframework\boot\spring-boot-starter-logging\1.4.0.RELEASE\spring-boot-starter-logging-1.4.0.RELEASE.jar;C:\Users\kavish manjitha\.m2\repository\ch\qos\logback\logback-classic\1.1.7\logback-classic-1.1.7.jar;C:\Users\kavish manjitha\.m2\repository\ch\qos\logback\logback-core\1.1.7\logback-core-1.1.7.jar;C:\Users\kavish manjitha\.m2\repository\org\slf4j\jul-to-slf4j\1.7.21\jul-to-slf4j-1.7.21.jar;C:\Users\kavish manjitha\.m2\repository\org\slf4j\log4j-over-slf4j\1.7.21\log4j-over-slf4j-1.7.21.jar;C:\Users\kavish manjitha\.m2\repository\org\springframework\spring-core\4.3.2.RELEASE\spring-core-4.3.2.RELEASE.jar;C:\Users\kavish manjitha\.m2\repository\org\yaml\snakeyaml\1.17\snakeyaml-1.17.jar;C:\Users\kavish manjitha\.m2\repository\org\springframework\boot\spring-boot-starter-tomcat\1.4.0.RELEASE\spring-boot-starter-tomcat-1.4.0.RELEASE.jar;C:\Users\kavish manjitha\.m2\repository\org\apache\tomcat\embed\tomcat-embed-core\8.5.4\tomcat-embed-core-8.5.4.jar;C:\Users\kavish manjitha\.m2\repository\org\apache\tomcat\embed\tomcat-embed-el\8.5.4\tomcat-embed-el-8.5.4.jar;C:\Users\kavish manjitha\.m2\repository\org\apache\tomcat\embed\tomcat-embed-websocket\8.5.4\tomcat-embed-websocket-8.5.4.jar;C:\Users\kavish manjitha\.m2\repository\org\hibernate\hibernate-validator\5.2.4.Final\hibernate-validator-5.2.4.Final.jar;C:\Users\kavish manjitha\.m2\repository\javax\validation\validation-api\1.1.0.Final\validation-api-1.1.0.Final.jar;C:\Users\kavish manjitha\.m2\repository\org\jboss\logging\jboss-logging\3.3.0.Final\jboss-logging-3.3.0.Final.jar;C:\Users\kavish manjitha\.m2\repositor
Launcher Type: SUN_STANDARD

Environment Variables:
JAVA_HOME=C:\Program Files\Java\jdk1.8.0_65
PATH=C:\ProgramData\Oracle\Java\javapath;C:\Windows\system32;C:\Windows;C:\Windows\System32\Wbem;C:\Windows\System32\WindowsPowerShell\v1.0\;C:\Program Files\Java\jdk1.8.0_65\bin;C:\Program Files (x86)\MySQL\MySQL Server 5.5\bin;C:\Program Files\nodejs\;c:\Program Files (x86)\Microsoft SQL Server\90\Tools\binn\;C:\Program Files (x86)\Brackets\command;C:\Program Files\Git\cmd;C:\Users\kavish manjitha\AppData\Roaming\npm;C:\Users\kavish manjitha\AppData\Local\atom\bin;C:\Program Files\Heroku\bin
USERNAME=kavish manjitha
OS=Windows_NT
PROCESSOR_IDENTIFIER=Intel64 Family 6 Model 61 Stepping 4, GenuineIntel



---------------  S Y S T E M  ---------------

OS: Windows 7 , 64 bit Build 7601 (6.1.7601.17514)

CPU:total 4 (2 cores per cpu, 2 threads per core) family 6 model 61 stepping 4, cmov, cx8, fxsr, mmx, sse, sse2, sse3, ssse3, sse4.1, sse4.2, popcnt, avx, avx2, aes, clmul, erms, 3dnowpref, lzcnt, ht, tsc, tscinvbit, bmi1, bmi2, adx

Memory: 4k page, physical 4103584k(689132k free), swap 9453296k(935052k free)

vm_info: Java HotSpot(TM) 64-Bit Server VM (25.65-b01) for windows-amd64 JRE (1.8.0_65-b17), built on Oct  6 2015 16:39:20 by "java_re" with MS VC++ 10.0 (VS2010)

time: Fri Jun 02 13:40:05 2017
elapsed time: 12259 seconds (0d 3h 24m 19s)

