#
# A fatal error has been detected by the Java Runtime Environment:
#
#  EXCEPTION_ACCESS_VIOLATION (0xc0000005) at pc=0x000000006c5badf6, pid=4780, tid=4616
#
# JRE version: Java(TM) SE Runtime Environment (8.0_65-b17) (build 1.8.0_65-b17)
# Java VM: Java HotSpot(TM) 64-Bit Server VM (25.65-b01 mixed mode windows-amd64 compressed oops)
# Problematic frame:
# V  [jvm.dll+0x3fadf6]
#
# Failed to write core dump. Minidumps are not enabled by default on client versions of Windows
#
# If you would like to submit a bug report, please visit:
#   http://bugreport.java.com/bugreport/crash.jsp
#

---------------  T H R E A D  ---------------

Current thread (0x00000000022f0000):  GCTaskThread [stack: 0x0000000011f20000,0x0000000012020000] [id=4616]

siginfo: ExceptionCode=0xc0000005, reading address 0xffffffffffffffff

Registers:
RAX=0xfb4538e000000000, RBX=0x00000000fb453860, RCX=0x00000000fb453860, RDX=0x00000000fb4537b0
RSP=0x000000001201f290, RBP=0x00000000028dd547, RSI=0x000000005504e900, RDI=0x00000000589a7880
R8 =0x00000000028dd547, R9 =0x00000000fb4537b0, R10=0x0000000000000008, R11=0x00000000f985c640
R12=0x000000006c80acc0, R13=0xfb4538e000000000, R14=0x0000000000000000, R15=0x00000000022f06e0
RIP=0x000000006c5badf6, EFLAGS=0x0000000000010286

Top of Stack: (sp=0x000000001201f290)
0x000000001201f290:   00000000fb453838 0000000000000002
0x000000001201f2a0:   000000005504e900 000000006c2aad7a
0x000000001201f2b0:   00000000f9854650 0000000000001000
0x000000001201f2c0:   0000000000000000 00000000022ed880
0x000000001201f2d0:   0000000000000000 00000000022ed801
0x000000001201f2e0:   000000006c80acc0 000000006c5bb150
0x000000001201f2f0:   00000000f98597f8 0000000000000000
0x000000001201f300:   000000005504e900 00000000589a7880
0x000000001201f310:   00000000f98597f8 000000006c5bbb25
0x000000001201f320:   00000000fb0fb680 0000000000000000
0x000000001201f330:   000000005504e900 000000006c5bb061
0x000000001201f340:   00000000fb0f7c98 000000000000000e
0x000000001201f350:   000000005504e900 00010a6300007cb4
0x000000001201f360:   00000000589a7850 00010a6300007cb5
0x000000001201f370:   00010a6300007cb1 00010a6300007cb4
0x000000001201f380:   00000000022f06d0 00000000022ed880 

Instructions: (pc=0x000000006c5badf6)
0x000000006c5badd6:   48 8b 52 08 48 8b cb e8 ae 37 cb ff 48 63 e8 41
0x000000006c5bade6:   0f b6 c5 f6 d0 a8 01 49 8b c5 74 06 48 83 e0 fd
0x000000006c5badf6:   8b 00 48 c1 e8 03 83 e0 0f 3b 05 b3 f8 40 00 0f
0x000000006c5bae06:   83 11 01 00 00 48 8b d5 48 8b ce e8 3a fa ff ff 


Register to memory mapping:

RAX=0xfb4538e000000000 is an unknown value
RBX=0x00000000fb453860 is an unknown value
RCX=0x00000000fb453860 is an unknown value
RDX=0x00000000fb4537b0 is an oop
java.util.LinkedHashMap$Entry 
 - klass: 'java/util/LinkedHashMap$Entry'
RSP=0x000000001201f290 is an unknown value
RBP=0x00000000028dd547 is at entry_point+167 in (nmethod*)0x00000000028dd350
RSI=0x000000005504e900 is an unknown value
RDI=0x00000000589a7880 is an unknown value
R8 =0x00000000028dd547 is at entry_point+167 in (nmethod*)0x00000000028dd350
R9 =0x00000000fb4537b0 is an oop
java.util.LinkedHashMap$Entry 
 - klass: 'java/util/LinkedHashMap$Entry'
R10=0x0000000000000008 is an unknown value
R11=0x00000000f985c640 is an unknown value
R12=0x000000006c80acc0 is an unknown value
R13=0xfb4538e000000000 is an unknown value
R14=0x0000000000000000 is an unknown value
R15=0x00000000022f06e0 is an unknown value


Stack: [0x0000000011f20000,0x0000000012020000],  sp=0x000000001201f290,  free space=1020k
Native frames: (J=compiled Java code, j=interpreted, Vv=VM code, C=native code)
V  [jvm.dll+0x3fadf6]
V  [jvm.dll+0x3fb150]
V  [jvm.dll+0x3fbb25]
V  [jvm.dll+0x3fe70b]
V  [jvm.dll+0x3ecfbe]
V  [jvm.dll+0x299f7a]
C  [msvcr100.dll+0x21d9f]
C  [msvcr100.dll+0x21e3b]
C  [kernel32.dll+0x1652d]
C  [ntdll.dll+0x2c521]


---------------  P R O C E S S  ---------------

Java Threads: ( => current thread )
  0x000000005ad88000 JavaThread "http-nio-8080-exec-9" daemon [_thread_blocked, id=5324, stack(0x0000000069eb0000,0x0000000069fb0000)]
  0x000000005ad8c000 JavaThread "http-nio-8080-exec-10" daemon [_thread_blocked, id=2800, stack(0x0000000069d00000,0x0000000069e00000)]
  0x000000005d569000 JavaThread "http-nio-8080-exec-8" daemon [_thread_blocked, id=1688, stack(0x0000000062520000,0x0000000062620000)]
  0x000000005d566000 JavaThread "http-nio-8080-exec-7" daemon [_thread_blocked, id=6672, stack(0x0000000065070000,0x0000000065170000)]
  0x000000005d568000 JavaThread "http-nio-8080-exec-6" daemon [_thread_blocked, id=3924, stack(0x0000000069b00000,0x0000000069c00000)]
  0x000000005d569800 JavaThread "http-nio-8080-exec-5" daemon [_thread_blocked, id=3744, stack(0x0000000063d20000,0x0000000063e20000)]
  0x000000005c449000 JavaThread "http-nio-8080-exec-4" daemon [_thread_blocked, id=7048, stack(0x0000000069970000,0x0000000069a70000)]
  0x000000005ab13000 JavaThread "http-nio-8080-exec-3" daemon [_thread_blocked, id=1792, stack(0x0000000064370000,0x0000000064470000)]
  0x000000005ab0e800 JavaThread "http-nio-8080-exec-2" daemon [_thread_blocked, id=1144, stack(0x000000005c190000,0x000000005c290000)]
  0x000000005ab12800 JavaThread "http-nio-8080-exec-1" daemon [_thread_blocked, id=5872, stack(0x000000005ac00000,0x000000005ad00000)]
  0x000000005c447000 JavaThread "http-nio-8080-AsyncTimeout" daemon [_thread_blocked, id=5612, stack(0x0000000069850000,0x0000000069950000)]
  0x000000005c448800 JavaThread "http-nio-8080-Acceptor-0" daemon [_thread_in_native, id=6420, stack(0x0000000066d60000,0x0000000066e60000)]
  0x000000005c44a800 JavaThread "http-nio-8080-ClientPoller-1" daemon [_thread_blocked, id=4816, stack(0x0000000069740000,0x0000000069840000)]
  0x000000005c447800 JavaThread "http-nio-8080-ClientPoller-0" daemon [_thread_blocked, id=6480, stack(0x0000000067dc0000,0x0000000067ec0000)]
  0x000000005c446000 JavaThread "NioBlockingSelector.BlockPoller-35" daemon [_thread_blocked, id=5944, stack(0x0000000066250000,0x0000000066350000)]
  0x000000005c44a000 JavaThread "File Watcher" daemon [_thread_blocked, id=7000, stack(0x00000000678c0000,0x00000000679c0000)]
  0x000000005c444000 JavaThread "Tomcat JDBC Pool Cleaner[1309552426:1494071225775]" daemon [_thread_blocked, id=1116, stack(0x0000000069360000,0x0000000069460000)]
  0x000000005ab0c800 JavaThread "container-0" [_thread_blocked, id=7080, stack(0x0000000064ae0000,0x0000000064be0000)]
  0x000000005ab11000 JavaThread "ContainerBackgroundProcessor[StandardEngine[Tomcat].StandardHost[localhost].StandardContext[]]" daemon [_thread_blocked, id=504, stack(0x000000005f570000,0x000000005f670000)]
  0x000000005c75d800 JavaThread "File Watcher" daemon [_thread_blocked, id=6476, stack(0x0000000061980000,0x0000000061a80000)]
  0x000000005c75d000 JavaThread "File Watcher" daemon [_thread_blocked, id=6700, stack(0x0000000061d40000,0x0000000061e40000)]
  0x0000000057562000 JavaThread "File Watcher" daemon [_thread_blocked, id=7148, stack(0x000000005fce0000,0x000000005fde0000)]
  0x000000005ad89000 JavaThread "File Watcher" daemon [_thread_blocked, id=4952, stack(0x000000005e9c0000,0x000000005eac0000)]
  0x000000005ad8b000 JavaThread "File Watcher" daemon [_thread_blocked, id=6104, stack(0x0000000058d90000,0x0000000058e90000)]
  0x000000005ad8a800 JavaThread "File Watcher" daemon [_thread_blocked, id=5748, stack(0x0000000056470000,0x0000000056570000)]
  0x000000005ad8f000 JavaThread "File Watcher" daemon [_thread_blocked, id=1664, stack(0x000000005e390000,0x000000005e490000)]
  0x000000005ad8d800 JavaThread "File Watcher" daemon [_thread_blocked, id=3608, stack(0x00000000571f0000,0x00000000572f0000)]
  0x000000005ad8e800 JavaThread "DestroyJavaVM" [_thread_blocked, id=4732, stack(0x0000000002400000,0x0000000002500000)]
  0x000000005ad89800 JavaThread "Live Reload Server" daemon [_thread_in_native, id=4788, stack(0x0000000056e40000,0x0000000056f40000)]
  0x000000005d4f9000 JavaThread "Abandoned connection cleanup thread" daemon [_thread_blocked, id=3412, stack(0x000000005e270000,0x000000005e370000)]
  0x00000000566e6000 JavaThread "Service Thread" daemon [_thread_blocked, id=4940, stack(0x00000000570b0000,0x00000000571b0000)]
  0x00000000566d3000 JavaThread "C1 CompilerThread2" daemon [_thread_blocked, id=4440, stack(0x0000000056f50000,0x0000000057050000)]
  0x00000000550bc000 JavaThread "C2 CompilerThread1" daemon [_thread_blocked, id=1276, stack(0x0000000056aa0000,0x0000000056ba0000)]
  0x0000000056678800 JavaThread "C2 CompilerThread0" daemon [_thread_blocked, id=4704, stack(0x0000000056d40000,0x0000000056e40000)]
  0x0000000056677000 JavaThread "Attach Listener" daemon [_thread_blocked, id=4920, stack(0x0000000056bd0000,0x0000000056cd0000)]
  0x0000000056674800 JavaThread "Signal Dispatcher" daemon [_thread_blocked, id=4356, stack(0x0000000055fa0000,0x00000000560a0000)]
  0x000000005505e000 JavaThread "Finalizer" daemon [_thread_blocked, id=3456, stack(0x0000000056570000,0x0000000056670000)]
  0x0000000055057000 JavaThread "Reference Handler" daemon [_thread_blocked, id=1944, stack(0x0000000056370000,0x0000000056470000)]

Other Threads:
  0x0000000055051000 VMThread [stack: 0x0000000056170000,0x0000000056270000] [id=4580]
  0x0000000056711800 WatcherThread [stack: 0x0000000057330000,0x0000000057430000] [id=3748]

=>0x00000000022f0000 (exited) GCTaskThread [stack: 0x0000000011f20000,0x0000000012020000] [id=4616]

VM state:at safepoint (normal execution)

VM Mutex/Monitor currently owned by a thread:  ([mutex/lock_event])
[0x00000000022d8900] Threads_lock - owner thread: 0x0000000055051000
[0x00000000022d8e00] Heap_lock - owner thread: 0x000000005c44a000

Heap:
 PSYoungGen      total 248320K, used 241169K [0x00000000eb200000, 0x00000000fc080000, 0x0000000100000000)
  eden space 224768K, 100% used [0x00000000eb200000,0x00000000f8d80000,0x00000000f8d80000)
  from space 23552K, 69% used [0x00000000fa980000,0x00000000fb984680,0x00000000fc080000)
  to   space 26112K, 62% used [0x00000000f8d80000,0x00000000f9d84660,0x00000000fa700000)
 ParOldGen       total 131584K, used 97146K [0x00000000c1600000, 0x00000000c9680000, 0x00000000eb200000)
  object space 131584K, 73% used [0x00000000c1600000,0x00000000c74de8d8,0x00000000c9680000)
 Metaspace       used 155730K, capacity 160032K, committed 161960K, reserved 1193984K
  class space    used 14914K, capacity 16146K, committed 16552K, reserved 1048576K

Card table byte_map: [0x0000000011b90000,0x0000000011d90000] byte_map_base: 0x0000000011585000

Marking Bits: (ParMarkBitMap*) 0x000000006c9ca5b0
 Begin Bits: [0x0000000012570000, 0x0000000013518000)
 End Bits:   [0x0000000013518000, 0x00000000144c0000)

Polling page: 0x0000000000140000

CodeCache: size=245760Kb used=63264Kb max_used=63279Kb free=182495Kb
 bounds [0x00000000027d0000, 0x0000000006610000, 0x00000000117d0000]
 total_blobs=15244 nmethods=14688 adapters=466
 compilation: enabled

Compilation events (10 events):
Event: 85951.325 Thread 0x0000000056678800 19960       4       com.fasterxml.jackson.databind.introspect.AnnotatedMethod::getParameterType (29 bytes)
Event: 85951.349 Thread 0x0000000056678800 nmethod 19960 0x00000000066012d0 code [0x0000000006601520, 0x0000000006602310]
Event: 85955.093 Thread 0x00000000566d3000 19961       3       com.mac.care_point.master.items.items.model.MItem::<init> (5 bytes)
Event: 85955.093 Thread 0x00000000566d3000 nmethod 19961 0x0000000002bb2090 code [0x0000000002bb21e0, 0x0000000002bb2390]
Event: 85955.096 Thread 0x00000000566d3000 19962       3       org.apache.coyote.http11.Http11OutputBuffer::endHeaders (37 bytes)
Event: 85955.096 Thread 0x00000000566d3000 nmethod 19962 0x000000000313a750 code [0x000000000313a8a0, 0x000000000313aa50]
Event: 85955.125 Thread 0x00000000550bc000 19963       4       org.springframework.http.HttpHeaders::add (47 bytes)
Event: 85955.130 Thread 0x00000000566d3000 19964       3       org.springframework.transaction.support.AbstractPlatformTransactionManager::doResumeSynchronization (43 bytes)
Event: 85955.131 Thread 0x00000000566d3000 nmethod 19964 0x0000000003601ad0 code [0x0000000003601ca0, 0x00000000036023d8]
Event: 85955.134 Thread 0x00000000550bc000 nmethod 19963 0x00000000030f7dd0 code [0x00000000030f7f60, 0x00000000030f8258]

GC Heap History (10 events):
Event: 85828.642 GC heap after
Heap after GC invocations=989 (full 39):
 PSYoungGen      total 215040K, used 15025K [0x00000000eb200000, 0x00000000f9c00000, 0x0000000100000000)
  eden space 192512K, 0% used [0x00000000eb200000,0x00000000eb200000,0x00000000f6e00000)
  from space 22528K, 66% used [0x00000000f8600000,0x00000000f94ac5c0,0x00000000f9c00000)
  to   space 23552K, 0% used [0x00000000f6e00000,0x00000000f6e00000,0x00000000f8500000)
 ParOldGen       total 131584K, used 97138K [0x00000000c1600000, 0x00000000c9680000, 0x00000000eb200000)
  object space 131584K, 73% used [0x00000000c1600000,0x00000000c74dc8d8,0x00000000c9680000)
 Metaspace       used 155505K, capacity 159728K, committed 161576K, reserved 1193984K
  class space    used 14890K, capacity 16090K, committed 16424K, reserved 1048576K
}
Event: 85864.564 GC heap before
{Heap before GC invocations=990 (full 39):
 PSYoungGen      total 215040K, used 207537K [0x00000000eb200000, 0x00000000f9c00000, 0x0000000100000000)
  eden space 192512K, 100% used [0x00000000eb200000,0x00000000f6e00000,0x00000000f6e00000)
  from space 22528K, 66% used [0x00000000f8600000,0x00000000f94ac5c0,0x00000000f9c00000)
  to   space 23552K, 0% used [0x00000000f6e00000,0x00000000f6e00000,0x00000000f8500000)
 ParOldGen       total 131584K, used 97138K [0x00000000c1600000, 0x00000000c9680000, 0x00000000eb200000)
  object space 131584K, 73% used [0x00000000c1600000,0x00000000c74dc8d8,0x00000000c9680000)
 Metaspace       used 155505K, capacity 159728K, committed 161576K, reserved 1193984K
  class space    used 14890K, capacity 16090K, committed 16424K, reserved 1048576K
Event: 85864.601 GC heap after
Heap after GC invocations=990 (full 39):
 PSYoungGen      total 216064K, used 15137K [0x00000000eb200000, 0x00000000fb080000, 0x0000000100000000)
  eden space 192512K, 0% used [0x00000000eb200000,0x00000000eb200000,0x00000000f6e00000)
  from space 23552K, 64% used [0x00000000f6e00000,0x00000000f7cc85d0,0x00000000f8500000)
  to   space 24064K, 0% used [0x00000000f9900000,0x00000000f9900000,0x00000000fb080000)
 ParOldGen       total 131584K, used 97138K [0x00000000c1600000, 0x00000000c9680000, 0x00000000eb200000)
  object space 131584K, 73% used [0x00000000c1600000,0x00000000c74dc8d8,0x00000000c9680000)
 Metaspace       used 155505K, capacity 159728K, committed 161576K, reserved 1193984K
  class space    used 14890K, capacity 16090K, committed 16424K, reserved 1048576K
}
Event: 85898.319 GC heap before
{Heap before GC invocations=991 (full 39):
 PSYoungGen      total 216064K, used 207649K [0x00000000eb200000, 0x00000000fb080000, 0x0000000100000000)
  eden space 192512K, 100% used [0x00000000eb200000,0x00000000f6e00000,0x00000000f6e00000)
  from space 23552K, 64% used [0x00000000f6e00000,0x00000000f7cc85d0,0x00000000f8500000)
  to   space 24064K, 0% used [0x00000000f9900000,0x00000000f9900000,0x00000000fb080000)
 ParOldGen       total 131584K, used 97138K [0x00000000c1600000, 0x00000000c9680000, 0x00000000eb200000)
  object space 131584K, 73% used [0x00000000c1600000,0x00000000c74dc8d8,0x00000000c9680000)
 Metaspace       used 155696K, capacity 159984K, committed 161960K, reserved 1193984K
  class space    used 14908K, capacity 16138K, committed 16552K, reserved 1048576K
Event: 85898.353 GC heap after
Heap after GC invocations=991 (full 39):
 PSYoungGen      total 234496K, used 16385K [0x00000000eb200000, 0x00000000fb080000, 0x0000000100000000)
  eden space 210432K, 0% used [0x00000000eb200000,0x00000000eb200000,0x00000000f7f80000)
  from space 24064K, 68% used [0x00000000f9900000,0x00000000fa900630,0x00000000fb080000)
  to   space 25088K, 0% used [0x00000000f7f80000,0x00000000f7f80000,0x00000000f9800000)
 ParOldGen       total 131584K, used 97146K [0x00000000c1600000, 0x00000000c9680000, 0x00000000eb200000)
  object space 131584K, 73% used [0x00000000c1600000,0x00000000c74de8d8,0x00000000c9680000)
 Metaspace       used 155696K, capacity 159984K, committed 161960K, reserved 1193984K
  class space    used 14908K, capacity 16138K, committed 16552K, reserved 1048576K
}
Event: 85937.147 GC heap before
{Heap before GC invocations=992 (full 39):
 PSYoungGen      total 234496K, used 226817K [0x00000000eb200000, 0x00000000fb080000, 0x0000000100000000)
  eden space 210432K, 100% used [0x00000000eb200000,0x00000000f7f80000,0x00000000f7f80000)
  from space 24064K, 68% used [0x00000000f9900000,0x00000000fa900630,0x00000000fb080000)
  to   space 25088K, 0% used [0x00000000f7f80000,0x00000000f7f80000,0x00000000f9800000)
 ParOldGen       total 131584K, used 97146K [0x00000000c1600000, 0x00000000c9680000, 0x00000000eb200000)
  object space 131584K, 73% used [0x00000000c1600000,0x00000000c74de8d8,0x00000000c9680000)
 Metaspace       used 155725K, capacity 160032K, committed 161960K, reserved 1193984K
  class space    used 14914K, capacity 16146K, committed 16552K, reserved 1048576K
Event: 85937.177 GC heap after
Heap after GC invocations=992 (full 39):
 PSYoungGen      total 235520K, used 16321K [0x00000000eb200000, 0x00000000fc300000, 0x0000000100000000)
  eden space 210432K, 0% used [0x00000000eb200000,0x00000000eb200000,0x00000000f7f80000)
  from space 25088K, 65% used [0x00000000f7f80000,0x00000000f8f70650,0x00000000f9800000)
  to   space 26112K, 0% used [0x00000000fa980000,0x00000000fa980000,0x00000000fc300000)
 ParOldGen       total 131584K, used 97146K [0x00000000c1600000, 0x00000000c9680000, 0x00000000eb200000)
  object space 131584K, 73% used [0x00000000c1600000,0x00000000c74de8d8,0x00000000c9680000)
 Metaspace       used 155725K, capacity 160032K, committed 161960K, reserved 1193984K
  class space    used 14914K, capacity 16146K, committed 16552K, reserved 1048576K
}
Event: 85976.022 GC heap before
{Heap before GC invocations=993 (full 39):
 PSYoungGen      total 235520K, used 226753K [0x00000000eb200000, 0x00000000fc300000, 0x0000000100000000)
  eden space 210432K, 100% used [0x00000000eb200000,0x00000000f7f80000,0x00000000f7f80000)
  from space 25088K, 65% used [0x00000000f7f80000,0x00000000f8f70650,0x00000000f9800000)
  to   space 26112K, 0% used [0x00000000fa980000,0x00000000fa980000,0x00000000fc300000)
 ParOldGen       total 131584K, used 97146K [0x00000000c1600000, 0x00000000c9680000, 0x00000000eb200000)
  object space 131584K, 73% used [0x00000000c1600000,0x00000000c74de8d8,0x00000000c9680000)
 Metaspace       used 155730K, capacity 160032K, committed 161960K, reserved 1193984K
  class space    used 14914K, capacity 16146K, committed 16552K, reserved 1048576K
Event: 85976.053 GC heap after
Heap after GC invocations=993 (full 39):
 PSYoungGen      total 248320K, used 16401K [0x00000000eb200000, 0x00000000fc080000, 0x0000000100000000)
  eden space 224768K, 0% used [0x00000000eb200000,0x00000000eb200000,0x00000000f8d80000)
  from space 23552K, 69% used [0x00000000fa980000,0x00000000fb984680,0x00000000fc080000)
  to   space 26112K, 0% used [0x00000000f8d80000,0x00000000f8d80000,0x00000000fa700000)
 ParOldGen       total 131584K, used 97146K [0x00000000c1600000, 0x00000000c9680000, 0x00000000eb200000)
  object space 131584K, 73% used [0x00000000c1600000,0x00000000c74de8d8,0x00000000c9680000)
 Metaspace       used 155730K, capacity 160032K, committed 161960K, reserved 1193984K
  class space    used 14914K, capacity 16146K, committed 16552K, reserved 1048576K
}
Event: 86017.974 GC heap before
{Heap before GC invocations=994 (full 39):
 PSYoungGen      total 248320K, used 241169K [0x00000000eb200000, 0x00000000fc080000, 0x0000000100000000)
  eden space 224768K, 100% used [0x00000000eb200000,0x00000000f8d80000,0x00000000f8d80000)
  from space 23552K, 69% used [0x00000000fa980000,0x00000000fb984680,0x00000000fc080000)
  to   space 26112K, 0% used [0x00000000f8d80000,0x00000000f8d80000,0x00000000fa700000)
 ParOldGen       total 131584K, used 97146K [0x00000000c1600000, 0x00000000c9680000, 0x00000000eb200000)
  object space 131584K, 73% used [0x00000000c1600000,0x00000000c74de8d8,0x00000000c9680000)
 Metaspace       used 155730K, capacity 160032K, committed 161960K, reserved 1193984K
  class space    used 14914K, capacity 16146K, committed 16552K, reserved 1048576K

Deoptimization events (10 events):
Event: 83218.811 Thread 0x000000005c448800 Uncommon trap: reason=array_check action=maybe_recompile pc=0x0000000005807314 method=org.hibernate.engine.internal.EntityEntryContext.reentrantSafeEntityEntries()[Ljava/util/Map$Entry; @ 57
Event: 83715.732 Thread 0x000000005d566000 Uncommon trap: reason=unstable_if action=reinterpret pc=0x0000000002b70308 method=org.springframework.web.method.HandlerMethod$ReturnValueMethodParameter.getParameterType()Ljava/lang/Class; @ 4
Event: 83715.733 Thread 0x000000005d566000 Uncommon trap: reason=null_check action=make_not_entrant pc=0x000000000533ef64 method=com.fasterxml.jackson.databind.type.TypeFactory._fromClass(Lcom/fasterxml/jackson/databind/type/ClassStack;Ljava/lang/Class;Lcom/fasterxml/jackson/databind/type/TypeBindi%`xû;pô@
Event: 83715.749 Thread 0x000000005d566000 Uncommon trap: reason=null_check action=make_not_entrant pc=0x00000000044ff250 method=org.springframework.core.annotation.AnnotationUtils.findAnnotation(Ljava/lang/Class;Ljava/lang/Class;Ljava/util/Set;)Ljava/lang/annotation/Annotation; @ 182
Event: 83718.529 Thread 0x000000005d56c000 Uncommon trap: reason=unstable_if action=reinterpret pc=0x000000000484d230 method=com.fasterxml.jackson.core.json.UTF8JsonGenerator.writeFieldName(Lcom/fasterxml/jackson/core/SerializableString;)V @ 51
Event: 83748.699 Thread 0x000000005d56c000 Uncommon trap: reason=unstable_if action=reinterpret pc=0x00000000057ba6b4 method=com.fasterxml.jackson.core.json.UTF8JsonGenerator.writeFieldName(Lcom/fasterxml/jackson/core/SerializableString;)V @ 51
Event: 83761.012 Thread 0x000000005d566800 Uncommon trap: reason=null_check action=make_not_entrant pc=0x0000000003b3ce8c method=org.hibernate.engine.internal.EntityEntryContext.getEntityEntry(Ljava/lang/Object;)Lorg/hibernate/engine/spi/EntityEntry; @ 3
Event: 85239.291 Thread 0x000000005c44a000 Uncommon trap: reason=bimorphic action=maybe_recompile pc=0x00000000043fb3d4 method=org.springframework.core.annotation.AnnotationUtils.isSynthesizable(Ljava/lang/Class;)Z @ 59
Event: 85241.413 Thread 0x000000005c44a000 Uncommon trap: reason=null_check action=make_not_entrant pc=0x00000000044ffc78 method=org.springframework.data.repository.core.support.AbstractRepositoryMetadata.unwrapWrapperTypes(Lorg/springframework/data/util/TypeInformation;)Ljava/lang/Class; @ 10
Event: 85759.872 Thread 0x000000005c449000 Uncommon trap: reason=null_check action=make_not_entrant pc=0x0000000002bcbf6c method=org.springframework.data.util.ReflectionUtils.isJava8StreamType(Ljava/lang/Class;)Z @ 16

Internal exceptions (10 events):
Event: 85771.826 Thread 0x000000005ab13000 Exception <a 'java/lang/ClassNotFoundException': java/lang/ObjectCustomizer> (0x00000000eb495f80) thrown at [C:\workspace\8-2-build-windows-amd64-cygwin\jdk8u65\4987\hotspot\src\share\vm\classfile\systemDictionary.cpp, line 210]
Event: 85771.827 Thread 0x000000005ab13000 Exception <a 'java/lang/ClassNotFoundException': com/mac/care_point/service/zmaster/vehicle_type/SVVehicleTypeServiceCustomizer> (0x00000000eb4b3488) thrown at [C:\workspace\8-2-build-windows-amd64-cygwin\jdk8u65\4987\hotspot\src\share\vm\classfile\systemD/†òa½ðô@
Event: 85771.836 Thread 0x000000005ab13000 Exception <a 'java/lang/ClassNotFoundException': java/lang/ObjectCustomizer> (0x00000000eb60f368) thrown at [C:\workspace\8-2-build-windows-amd64-cygwin\jdk8u65\4987\hotspot\src\share\vm\classfile\systemDictionary.cpp, line 210]
Event: 85771.837 Thread 0x000000005ab13000 Exception <a 'java/lang/ClassNotFoundException': com/mac/care_point/system/exception/handler/SystemExceptionHandlerCustomizer> (0x00000000eb62c2f8) thrown at [C:\workspace\8-2-build-windows-amd64-cygwin\jdk8u65\4987\hotspot\src\share\vm\classfile\systemDicMHò3ôûô@
Event: 85951.263 Thread 0x000000005d568000 Exception <a 'java/lang/ClassNotFoundException': java/lang/ObjectCustomizer> (0x00000000eff42220) thrown at [C:\workspace\8-2-build-windows-amd64-cygwin\jdk8u65\4987\hotspot\src\share\vm\classfile\systemDictionary.cpp, line 210]
Event: 85951.264 Thread 0x000000005d568000 Exception <a 'java/lang/ClassNotFoundException': com/mac/care_point/master/items/items/model/MItemCustomizer> (0x00000000eff60160) thrown at [C:\workspace\8-2-build-windows-amd64-cygwin\jdk8u65\4987\hotspot\src\share\vm\classfile\systemDictionary.cpp, lineÊÖv=ôûô@
Event: 85951.265 Thread 0x000000005d568000 Exception <a 'java/lang/ClassNotFoundException': java/io/SerializableCustomizer> (0x00000000eff94d08) thrown at [C:\workspace\8-2-build-windows-amd64-cygwin\jdk8u65\4987\hotspot\src\share\vm\classfile\systemDictionary.cpp, line 210]
Event: 85951.271 Thread 0x000000005d568000 Exception <a 'java/lang/ClassNotFoundException': java/lang/ObjectCustomizer> (0x00000000efffe9c8) thrown at [C:\workspace\8-2-build-windows-amd64-cygwin\jdk8u65\4987\hotspot\src\share\vm\classfile\systemDictionary.cpp, line 210]
Event: 85951.272 Thread 0x000000005d568000 Exception <a 'java/lang/ClassNotFoundException': com/mac/care_point/master/items/item_unit/model/MItemUnitsCustomizer> (0x00000000f001dd88) thrown at [C:\workspace\8-2-build-windows-amd64-cygwin\jdk8u65\4987\hotspot\src\share\vm\classfile\systemDictionary.îŒ\ôûô@
Event: 85951.272 Thread 0x000000005d568000 Exception <a 'java/lang/ClassNotFoundException': java/io/SerializableCustomizer> (0x00000000f0044278) thrown at [C:\workspace\8-2-build-windows-amd64-cygwin\jdk8u65\4987\hotspot\src\share\vm\classfile\systemDictionary.cpp, line 210]

Events (10 events):
Event: 85955.093 Thread 0x00000000566d3000 flushing nmethod 0x000000000313a3d0
Event: 85955.097 Thread 0x00000000566d3000 flushing nmethod 0x0000000003601ad0
Event: 85955.097 Thread 0x00000000566d3000 flushing nmethod 0x0000000003601fd0
Event: 85955.117 Executing VM operation: RevokeBias
Event: 85955.117 Executing VM operation: RevokeBias done
Event: 85961.080 Executing VM operation: BulkRevokeBias
Event: 85961.080 Executing VM operation: BulkRevokeBias done
Event: 85976.022 Executing VM operation: ParallelGCFailedAllocation
Event: 85976.053 Executing VM operation: ParallelGCFailedAllocation done
Event: 86017.974 Executing VM operation: ParallelGCFailedAllocation


Dynamic libraries:
0x000000013fd70000 - 0x000000013fda7000 	C:\Program Files\Java\jdk1.8.0_65\bin\java.exe
0x0000000077330000 - 0x00000000774d9000 	C:\Windows\SYSTEM32\ntdll.dll
0x0000000077110000 - 0x000000007722f000 	C:\Windows\system32\kernel32.dll
0x000007fefd330000 - 0x000007fefd39b000 	C:\Windows\system32\KERNELBASE.dll
0x000007fefda00000 - 0x000007fefdadb000 	C:\Windows\system32\ADVAPI32.dll
0x000007fefdf70000 - 0x000007fefe00f000 	C:\Windows\system32\msvcrt.dll
0x000007fefdbd0000 - 0x000007fefdbef000 	C:\Windows\SYSTEM32\sechost.dll
0x000007fefe310000 - 0x000007fefe43d000 	C:\Windows\system32\RPCRT4.dll
0x0000000077230000 - 0x000000007732a000 	C:\Windows\system32\USER32.dll
0x000007feff530000 - 0x000007feff597000 	C:\Windows\system32\GDI32.dll
0x000007fefdbc0000 - 0x000007fefdbce000 	C:\Windows\system32\LPK.dll
0x000007fefd6d0000 - 0x000007fefd799000 	C:\Windows\system32\USP10.dll
0x000007fefbd50000 - 0x000007fefbf44000 	C:\Windows\WinSxS\amd64_microsoft.windows.common-controls_6595b64144ccf1df_6.0.7601.17514_none_fa396087175ac9ac\COMCTL32.dll
0x000007fefdb40000 - 0x000007fefdbb1000 	C:\Windows\system32\SHLWAPI.dll
0x000007fefdbf0000 - 0x000007fefdc1e000 	C:\Windows\system32\IMM32.DLL
0x000007fefe200000 - 0x000007fefe309000 	C:\Windows\system32\MSCTF.dll
0x000000006d200000 - 0x000000006d2d2000 	C:\Program Files\Java\jdk1.8.0_65\jre\bin\msvcr100.dll
0x000000006c1c0000 - 0x000000006ca49000 	C:\Program Files\Java\jdk1.8.0_65\jre\bin\server\jvm.dll
0x000007feeeb60000 - 0x000007feeeb69000 	C:\Windows\system32\WSOCK32.dll
0x000007fefdc20000 - 0x000007fefdc6d000 	C:\Windows\system32\WS2_32.dll
0x000007fefe010000 - 0x000007fefe018000 	C:\Windows\system32\NSI.dll
0x000007fefafc0000 - 0x000007fefaffb000 	C:\Windows\system32\WINMM.dll
0x000007fefc3e0000 - 0x000007fefc3ec000 	C:\Windows\system32\VERSION.dll
0x0000000077500000 - 0x0000000077507000 	C:\Windows\system32\PSAPI.DLL
0x0000000074350000 - 0x000000007435f000 	C:\Program Files\Java\jdk1.8.0_65\jre\bin\verify.dll
0x0000000073e10000 - 0x0000000073e39000 	C:\Program Files\Java\jdk1.8.0_65\jre\bin\java.dll
0x0000000073e70000 - 0x0000000073e86000 	C:\Program Files\Java\jdk1.8.0_65\jre\bin\zip.dll
0x000007fefe440000 - 0x000007feff1c8000 	C:\Windows\system32\SHELL32.dll
0x000007feff1d0000 - 0x000007feff3d3000 	C:\Windows\system32\ole32.dll
0x000007fefd280000 - 0x000007fefd28f000 	C:\Windows\system32\profapi.dll
0x00000000730f0000 - 0x00000000730fd000 	C:\Program Files\Java\jdk1.8.0_65\jre\bin\management.dll
0x00000000737f0000 - 0x000000007380a000 	C:\Program Files\Java\jdk1.8.0_65\jre\bin\net.dll
0x000007fefcab0000 - 0x000007fefcb05000 	C:\Windows\system32\mswsock.dll
0x000007fefcaa0000 - 0x000007fefcaa7000 	C:\Windows\System32\wship6.dll
0x000007fefb520000 - 0x000007fefb535000 	C:\Windows\system32\NLAapi.dll
0x000007fef83f0000 - 0x000007fef8405000 	C:\Windows\system32\napinsp.dll
0x000007fef83d0000 - 0x000007fef83e9000 	C:\Windows\system32\pnrpnsp.dll
0x000007fefc930000 - 0x000007fefc98b000 	C:\Windows\system32\DNSAPI.dll
0x000007fef7e80000 - 0x000007fef7e8b000 	C:\Windows\System32\winrnr.dll
0x000007fef7e60000 - 0x000007fef7e70000 	C:\Windows\system32\wshbth.dll
0x000007fefc4b0000 - 0x000007fefc4b7000 	C:\Windows\System32\wshtcpip.dll
0x000007fefad80000 - 0x000007fefada7000 	C:\Windows\system32\IPHLPAPI.DLL
0x000007fefad60000 - 0x000007fefad6b000 	C:\Windows\system32\WINNSI.DLL
0x000007fef8b90000 - 0x000007fef8b98000 	C:\Windows\system32\rasadhlp.dll
0x000007fefac10000 - 0x000007fefac63000 	C:\Windows\System32\fwpuclnt.dll
0x00000000737d0000 - 0x00000000737e1000 	C:\Program Files\Java\jdk1.8.0_65\jre\bin\nio.dll
0x000007fefcb10000 - 0x000007fefcb27000 	C:\Windows\system32\CRYPTSP.dll
0x000007fefc810000 - 0x000007fefc857000 	C:\Windows\system32\rsaenh.dll
0x000007fefc5c0000 - 0x000007fefc5de000 	C:\Windows\system32\USERENV.dll
0x000007fefd1b0000 - 0x000007fefd1bf000 	C:\Windows\system32\CRYPTBASE.dll
0x000007fefabe0000 - 0x000007fefabf8000 	C:\Windows\system32\dhcpcsvc.DLL
0x000007fefabc0000 - 0x000007fefabd1000 	C:\Windows\system32\dhcpcsvc6.DLL
0x000007feeb4e0000 - 0x000007feeb605000 	C:\Windows\system32\dbghelp.dll

VM Arguments:
java_command: com.mac.care_point.Application
java_class_path (initial): J:\Supervis\auto-care\AUTO_CARE\target\classes;C:\Users\kavish manjitha\.m2\repository\org\springframework\boot\spring-boot-starter-web\1.4.0.RELEASE\spring-boot-starter-web-1.4.0.RELEASE.jar;C:\Users\kavish manjitha\.m2\repository\org\springframework\boot\spring-boot-starter\1.4.0.RELEASE\spring-boot-starter-1.4.0.RELEASE.jar;C:\Users\kavish manjitha\.m2\repository\org\springframework\boot\spring-boot-starter-logging\1.4.0.RELEASE\spring-boot-starter-logging-1.4.0.RELEASE.jar;C:\Users\kavish manjitha\.m2\repository\ch\qos\logback\logback-classic\1.1.7\logback-classic-1.1.7.jar;C:\Users\kavish manjitha\.m2\repository\ch\qos\logback\logback-core\1.1.7\logback-core-1.1.7.jar;C:\Users\kavish manjitha\.m2\repository\org\slf4j\jul-to-slf4j\1.7.21\jul-to-slf4j-1.7.21.jar;C:\Users\kavish manjitha\.m2\repository\org\slf4j\log4j-over-slf4j\1.7.21\log4j-over-slf4j-1.7.21.jar;C:\Users\kavish manjitha\.m2\repository\org\springframework\spring-core\4.3.2.RELEASE\spring-core-4.3.2.RELEASE.jar;C:\Users\kavish manjitha\.m2\repository\org\yaml\snakeyaml\1.17\snakeyaml-1.17.jar;C:\Users\kavish manjitha\.m2\repository\org\springframework\boot\spring-boot-starter-tomcat\1.4.0.RELEASE\spring-boot-starter-tomcat-1.4.0.RELEASE.jar;C:\Users\kavish manjitha\.m2\repository\org\apache\tomcat\embed\tomcat-embed-core\8.5.4\tomcat-embed-core-8.5.4.jar;C:\Users\kavish manjitha\.m2\repository\org\apache\tomcat\embed\tomcat-embed-el\8.5.4\tomcat-embed-el-8.5.4.jar;C:\Users\kavish manjitha\.m2\repository\org\apache\tomcat\embed\tomcat-embed-websocket\8.5.4\tomcat-embed-websocket-8.5.4.jar;C:\Users\kavish manjitha\.m2\repository\org\hibernate\hibernate-validator\5.2.4.Final\hibernate-validator-5.2.4.Final.jar;C:\Users\kavish manjitha\.m2\repository\javax\validation\validation-api\1.1.0.Final\validation-api-1.1.0.Final.jar;C:\Users\kavish manjitha\.m2\repository\org\jboss\logging\jboss-logging\3.3.0.Final\jboss-logging-3.3.0.Final.jar;C:\Users\kavish manjitha\.m2\repositor
Launcher Type: SUN_STANDARD

Environment Variables:
JAVA_HOME=C:\Program Files\Java\jdk1.8.0_65
PATH=C:\ProgramData\Oracle\Java\javapath;C:\Windows\system32;C:\Windows;C:\Windows\System32\Wbem;C:\Windows\System32\WindowsPowerShell\v1.0\;C:\Program Files\Java\jdk1.8.0_65\bin;C:\Program Files (x86)\MySQL\MySQL Server 5.5\bin;C:\Program Files\nodejs\;C:\Program Files\Git\cmd;C:\Users\kavish manjitha\AppData\Roaming\npm
USERNAME=kavish manjitha
OS=Windows_NT
PROCESSOR_IDENTIFIER=Intel64 Family 6 Model 61 Stepping 4, GenuineIntel



---------------  S Y S T E M  ---------------

OS: Windows 7 , 64 bit Build 7601 (6.1.7601.17514)

CPU:total 4 (2 cores per cpu, 2 threads per core) family 6 model 61 stepping 4, cmov, cx8, fxsr, mmx, sse, sse2, sse3, ssse3, sse4.1, sse4.2, popcnt, avx, avx2, aes, clmul, erms, 3dnowpref, lzcnt, ht, tsc, tscinvbit, bmi1, bmi2, adx

Memory: 4k page, physical 4103584k(756272k free), swap 8205324k(2807944k free)

vm_info: Java HotSpot(TM) 64-Bit Server VM (25.65-b01) for windows-amd64 JRE (1.8.0_65-b17), built on Oct  6 2015 16:39:20 by "java_re" with MS VC++ 10.0 (VS2010)

time: Sat May 06 17:21:13 2017
elapsed time: 86018 seconds (0d 23h 53m 38s)

