#
# A fatal error has been detected by the Java Runtime Environment:
#
#  EXCEPTION_ACCESS_VIOLATION (0xc0000005) at pc=0x0000000000000000, pid=6476, tid=6764
#
# JRE version: Java(TM) SE Runtime Environment (8.0_65-b17) (build 1.8.0_65-b17)
# Java VM: Java HotSpot(TM) 64-Bit Server VM (25.65-b01 mixed mode windows-amd64 compressed oops)
# Problematic frame:
# C  0x0000000000000000
#
# Failed to write core dump. Minidumps are not enabled by default on client versions of Windows
#
# If you would like to submit a bug report, please visit:
#   http://bugreport.java.com/bugreport/crash.jsp
#

---------------  T H R E A D  ---------------

Current thread (0x0000000002caf800):  GCTaskThread [stack: 0x00000000127a0000,0x00000000128a0000] [id=6764]

siginfo: ExceptionCode=0xc0000005, ExceptionInformation=0x0000000000000008 0x0000000000000000

Registers:
RAX=0x000000010000000c, RBX=0x00000000ed3bd810, RCX=0x000000010009beb8, RDX=0x0000000015355680
RSP=0x000000001289f828, RBP=0x0000000000000005, RSI=0x0000000015355680, RDI=0x00000000efc60fb8
R8 =0x00000000efc60fb8, R9 =0x000000010009beb8, R10=0x0000000000000008, R11=0x00000000efc648c8
R12=0x0000000012151d52, R13=0x000000000000001d, R14=0x0000000000000000, R15=0x0000000002ca0780
RIP=0x0000000000000000, EFLAGS=0x0000000000010207

Top of Stack: (sp=0x000000001289f828)
0x000000001289f828:   00000000530eb061 0000000000000025
0x000000001289f838:   0000000000000005 0000000015355680
0x000000001289f848:   0000000000000012 00000000efc5c8d8
0x000000001289f858:   0000000000001000 0000000015355680
0x000000001289f868:   0000000052f7cd61 0000000000000000
0x000000001289f878:   0000000015355600 0000000012151d52
0x000000001289f888:   00000000530eb150 00000000efc60fa4
0x000000001289f898:   0000000012151d81 0000000015355680
0x000000001289f8a8:   00000000c19acc40 00000000efc60fa4
0x000000001289f8b8:   00000000530ebcf5 00000000ed37c020
0x000000001289f8c8:   0000000012151d81 0000000015355680
0x000000001289f8d8:   000000000000000a 0000000015355680
0x000000001289f8e8:   0000000015355680 00000000c19aa794
0x000000001289f8f8:   0000000052e03457 0000000015355680
0x000000001289f908:   0000000052e01673 00000000c19acad1
0x000000001289f918:   00000000c19acad1 000000000000000c 

Instructions: (pc=0x0000000000000000)
0xffffffffffffffe0:   


Register to memory mapping:

RAX=0x000000010000000c is pointing into metadata
RBX=0x00000000ed3bd810 is an oop

[error occurred during error reporting (printing register info), id 0xc0000005]

Stack: [0x00000000127a0000,0x00000000128a0000],  sp=0x000000001289f828,  free space=1022k
Native frames: (J=compiled Java code, j=interpreted, Vv=VM code, C=native code)


---------------  P R O C E S S  ---------------

Java Threads: ( => current thread )
  0x00000000176f1800 JavaThread "restartedMain" [_thread_blocked, id=3076, stack(0x0000000018cb0000,0x0000000018db0000)]
  0x00000000176f0800 JavaThread "Thread-0" [_thread_blocked, id=4336, stack(0x0000000018bb0000,0x0000000018cb0000)]
  0x0000000016d21800 JavaThread "Service Thread" daemon [_thread_blocked, id=5896, stack(0x0000000017100000,0x0000000017200000)]
  0x0000000015399000 JavaThread "C1 CompilerThread2" daemon [_thread_blocked, id=4116, stack(0x0000000016c00000,0x0000000016d00000)]
  0x0000000015398000 JavaThread "C2 CompilerThread1" daemon [_thread_blocked, id=7104, stack(0x0000000016b00000,0x0000000016c00000)]
  0x0000000015394000 JavaThread "C2 CompilerThread0" daemon [_thread_blocked, id=7432, stack(0x0000000016a00000,0x0000000016b00000)]
  0x0000000015392000 JavaThread "Attach Listener" daemon [_thread_blocked, id=2880, stack(0x0000000016900000,0x0000000016a00000)]
  0x0000000015390800 JavaThread "Signal Dispatcher" daemon [_thread_blocked, id=5140, stack(0x0000000016800000,0x0000000016900000)]
  0x0000000002d89000 JavaThread "Finalizer" daemon [_thread_blocked, id=4856, stack(0x0000000016610000,0x0000000016710000)]
  0x0000000002d80000 JavaThread "Reference Handler" daemon [_thread_blocked, id=7352, stack(0x0000000016510000,0x0000000016610000)]
  0x0000000002c93800 JavaThread "main" [_thread_blocked, id=5080, stack(0x0000000002b40000,0x0000000002c40000)]

Other Threads:
  0x0000000015357800 VMThread [stack: 0x0000000016410000,0x0000000016510000] [id=2260]
  0x0000000016d5c000 WatcherThread [stack: 0x0000000017200000,0x0000000017300000] [id=6844]

=>0x0000000002caf800 (exited) GCTaskThread [stack: 0x00000000127a0000,0x00000000128a0000] [id=6764]

VM state:at safepoint (normal execution)

VM Mutex/Monitor currently owned by a thread:  ([mutex/lock_event])
[0x0000000002c901d0] Threads_lock - owner thread: 0x0000000015357800
[0x0000000002c90550] Heap_lock - owner thread: 0x00000000176f1800

Heap:
 PSYoungGen      total 35328K, used 35314K [0x00000000eb200000, 0x00000000f0400000, 0x0000000100000000)
  eden space 32768K, 100% used [0x00000000eb200000,0x00000000ed200000,0x00000000ed200000)
  from space 2560K, 99% used [0x00000000ed200000,0x00000000ed47c8f8,0x00000000ed480000)
  to   space 9216K, 46% used [0x00000000efb00000,0x00000000eff2c8d8,0x00000000f0400000)
 ParOldGen       total 44032K, used 10707K [0x00000000c1600000, 0x00000000c4100000, 0x00000000eb200000)
  object space 44032K, 24% used [0x00000000c1600000,0x00000000c2074fc8,0x00000000c4100000)
 Metaspace       used 19200K, capacity 19418K, committed 19712K, reserved 1067008K
  class space    used 2344K, capacity 2437K, committed 2560K, reserved 1048576K

Card table byte_map: [0x0000000012150000,0x0000000012350000] byte_map_base: 0x0000000011b45000

Marking Bits: (ParMarkBitMap*) 0x00000000534fa5b0
 Begin Bits: [0x00000000128a0000, 0x0000000013848000)
 End Bits:   [0x0000000013848000, 0x00000000147f0000)

Polling page: 0x00000000013b0000

CodeCache: size=245760Kb used=6710Kb max_used=6732Kb free=239049Kb
 bounds [0x0000000002d90000, 0x0000000003430000, 0x0000000011d90000]
 total_blobs=2162 nmethods=1801 adapters=273
 compilation: enabled

Compilation events (10 events):
Event: 20.522 Thread 0x0000000015399000 nmethod 1854 0x000000000340ddd0 code [0x000000000340df40, 0x000000000340e168]
Event: 20.525 Thread 0x0000000015399000 1855       3       java.io.FilterInputStream::read (11 bytes)
Event: 20.525 Thread 0x0000000015399000 nmethod 1855 0x000000000340cdd0 code [0x000000000340cf40, 0x000000000340d168]
Event: 20.535 Thread 0x0000000015399000 1856   !   3       com.sun.proxy.$Proxy30::annotationType (29 bytes)
Event: 20.535 Thread 0x0000000015399000 nmethod 1856 0x000000000341c6d0 code [0x000000000341c860, 0x000000000341cc98]
Event: 20.536 Thread 0x0000000015399000 1857       3       org.springframework.asm.ClassReader::accept (1164 bytes)
Event: 20.538 Thread 0x0000000015394000 1858       4       java.util.LinkedHashMap::values (27 bytes)
Event: 20.538 Thread 0x0000000015398000 1859       4       java.util.LinkedHashMap$LinkedValues::iterator (12 bytes)
Event: 20.540 Thread 0x0000000015394000 nmethod 1858 0x000000000340ca10 code [0x000000000340cb60, 0x000000000340cc58]
Event: 20.540 Thread 0x0000000015398000 nmethod 1859 0x000000000341c390 code [0x000000000341c4e0, 0x000000000341c5f8]

GC Heap History (10 events):
Event: 5.020 GC heap after
Heap after GC invocations=1 (full 0):
 PSYoungGen      total 18944K, used 2552K [0x00000000eb200000, 0x00000000ec700000, 0x0000000100000000)
  eden space 16384K, 0% used [0x00000000eb200000,0x00000000eb200000,0x00000000ec200000)
  from space 2560K, 99% used [0x00000000ec200000,0x00000000ec47e390,0x00000000ec480000)
  to   space 2560K, 0% used [0x00000000ec480000,0x00000000ec480000,0x00000000ec700000)
 ParOldGen       total 44032K, used 846K [0x00000000c1600000, 0x00000000c4100000, 0x00000000eb200000)
  object space 44032K, 1% used [0x00000000c1600000,0x00000000c16d3bd8,0x00000000c4100000)
 Metaspace       used 6212K, capacity 6294K, committed 6400K, reserved 1056768K
  class space    used 730K, capacity 755K, committed 768K, reserved 1048576K
}
Event: 5.038 GC heap before
{Heap before GC invocations=2 (full 0):
 PSYoungGen      total 18944K, used 18892K [0x00000000eb200000, 0x00000000ec700000, 0x0000000100000000)
  eden space 16384K, 99% used [0x00000000eb200000,0x00000000ec1f4df8,0x00000000ec200000)
  from space 2560K, 99% used [0x00000000ec200000,0x00000000ec47e390,0x00000000ec480000)
  to   space 2560K, 0% used [0x00000000ec480000,0x00000000ec480000,0x00000000ec700000)
 ParOldGen       total 44032K, used 846K [0x00000000c1600000, 0x00000000c4100000, 0x00000000eb200000)
  object space 44032K, 1% used [0x00000000c1600000,0x00000000c16d3bd8,0x00000000c4100000)
 Metaspace       used 6218K, capacity 6358K, committed 6400K, reserved 1056768K
  class space    used 730K, capacity 755K, committed 768K, reserved 1048576K
Event: 5.041 GC heap after
Heap after GC invocations=2 (full 0):
 PSYoungGen      total 18944K, used 1494K [0x00000000eb200000, 0x00000000ed700000, 0x0000000100000000)
  eden space 16384K, 0% used [0x00000000eb200000,0x00000000eb200000,0x00000000ec200000)
  from space 2560K, 58% used [0x00000000ec480000,0x00000000ec5f5a28,0x00000000ec700000)
  to   space 2560K, 0% used [0x00000000ec200000,0x00000000ec200000,0x00000000ec480000)
 ParOldGen       total 44032K, used 854K [0x00000000c1600000, 0x00000000c4100000, 0x00000000eb200000)
  object space 44032K, 1% used [0x00000000c1600000,0x00000000c16d5bd8,0x00000000c4100000)
 Metaspace       used 6218K, capacity 6358K, committed 6400K, reserved 1056768K
  class space    used 730K, capacity 755K, committed 768K, reserved 1048576K
}
Event: 6.937 GC heap before
{Heap before GC invocations=3 (full 0):
 PSYoungGen      total 18944K, used 17878K [0x00000000eb200000, 0x00000000ed700000, 0x0000000100000000)
  eden space 16384K, 100% used [0x00000000eb200000,0x00000000ec200000,0x00000000ec200000)
  from space 2560K, 58% used [0x00000000ec480000,0x00000000ec5f5a28,0x00000000ec700000)
  to   space 2560K, 0% used [0x00000000ec200000,0x00000000ec200000,0x00000000ec480000)
 ParOldGen       total 44032K, used 854K [0x00000000c1600000, 0x00000000c4100000, 0x00000000eb200000)
  object space 44032K, 1% used [0x00000000c1600000,0x00000000c16d5bd8,0x00000000c4100000)
 Metaspace       used 8396K, capacity 8508K, committed 8704K, reserved 1056768K
  class space    used 943K, capacity 981K, committed 1024K, reserved 1048576K
Event: 6.941 GC heap after
Heap after GC invocations=3 (full 0):
 PSYoungGen      total 18944K, used 2540K [0x00000000eb200000, 0x00000000ed700000, 0x0000000100000000)
  eden space 16384K, 0% used [0x00000000eb200000,0x00000000eb200000,0x00000000ec200000)
  from space 2560K, 99% used [0x00000000ec200000,0x00000000ec47b040,0x00000000ec480000)
  to   space 2560K, 0% used [0x00000000ed480000,0x00000000ed480000,0x00000000ed700000)
 ParOldGen       total 44032K, used 2232K [0x00000000c1600000, 0x00000000c4100000, 0x00000000eb200000)
  object space 44032K, 5% used [0x00000000c1600000,0x00000000c182e0e0,0x00000000c4100000)
 Metaspace       used 8396K, capacity 8508K, committed 8704K, reserved 1056768K
  class space    used 943K, capacity 981K, committed 1024K, reserved 1048576K
}
Event: 9.172 GC heap before
{Heap before GC invocations=4 (full 0):
 PSYoungGen      total 18944K, used 18924K [0x00000000eb200000, 0x00000000ed700000, 0x0000000100000000)
  eden space 16384K, 100% used [0x00000000eb200000,0x00000000ec200000,0x00000000ec200000)
  from space 2560K, 99% used [0x00000000ec200000,0x00000000ec47b040,0x00000000ec480000)
  to   space 2560K, 0% used [0x00000000ed480000,0x00000000ed480000,0x00000000ed700000)
 ParOldGen       total 44032K, used 2232K [0x00000000c1600000, 0x00000000c4100000, 0x00000000eb200000)
  object space 44032K, 5% used [0x00000000c1600000,0x00000000c182e0e0,0x00000000c4100000)
 Metaspace       used 10797K, capacity 10876K, committed 11136K, reserved 1058816K
  class space    used 1278K, capacity 1301K, committed 1408K, reserved 1048576K
Event: 9.183 GC heap after
Heap after GC invocations=4 (full 0):
 PSYoungGen      total 35328K, used 2543K [0x00000000eb200000, 0x00000000ed700000, 0x0000000100000000)
  eden space 32768K, 0% used [0x00000000eb200000,0x00000000eb200000,0x00000000ed200000)
  from space 2560K, 99% used [0x00000000ed480000,0x00000000ed6fbcf0,0x00000000ed700000)
  to   space 2560K, 0% used [0x00000000ed200000,0x00000000ed200000,0x00000000ed480000)
 ParOldGen       total 44032K, used 3628K [0x00000000c1600000, 0x00000000c4100000, 0x00000000eb200000)
  object space 44032K, 8% used [0x00000000c1600000,0x00000000c198b0f8,0x00000000c4100000)
 Metaspace       used 10797K, capacity 10876K, committed 11136K, reserved 1058816K
  class space    used 1278K, capacity 1301K, committed 1408K, reserved 1048576K
}
Event: 14.793 GC heap before
{Heap before GC invocations=5 (full 0):
 PSYoungGen      total 35328K, used 35311K [0x00000000eb200000, 0x00000000ed700000, 0x0000000100000000)
  eden space 32768K, 100% used [0x00000000eb200000,0x00000000ed200000,0x00000000ed200000)
  from space 2560K, 99% used [0x00000000ed480000,0x00000000ed6fbcf0,0x00000000ed700000)
  to   space 2560K, 0% used [0x00000000ed200000,0x00000000ed200000,0x00000000ed480000)
 ParOldGen       total 44032K, used 3628K [0x00000000c1600000, 0x00000000c4100000, 0x00000000eb200000)
  object space 44032K, 8% used [0x00000000c1600000,0x00000000c198b0f8,0x00000000c4100000)
 Metaspace       used 15755K, capacity 15878K, committed 16128K, reserved 1062912K
  class space    used 1925K, capacity 1964K, committed 2048K, reserved 1048576K
Event: 14.808 GC heap after
Heap after GC invocations=5 (full 0):
 PSYoungGen      total 35328K, used 2546K [0x00000000eb200000, 0x00000000f0400000, 0x0000000100000000)
  eden space 32768K, 0% used [0x00000000eb200000,0x00000000eb200000,0x00000000ed200000)
  from space 2560K, 99% used [0x00000000ed200000,0x00000000ed47c8f8,0x00000000ed480000)
  to   space 9216K, 0% used [0x00000000efb00000,0x00000000efb00000,0x00000000f0400000)
 ParOldGen       total 44032K, used 10699K [0x00000000c1600000, 0x00000000c4100000, 0x00000000eb200000)
  object space 44032K, 24% used [0x00000000c1600000,0x00000000c2072fc8,0x00000000c4100000)
 Metaspace       used 15755K, capacity 15878K, committed 16128K, reserved 1062912K
  class space    used 1925K, capacity 1964K, committed 2048K, reserved 1048576K
}
Event: 20.541 GC heap before
{Heap before GC invocations=6 (full 0):
 PSYoungGen      total 35328K, used 35314K [0x00000000eb200000, 0x00000000f0400000, 0x0000000100000000)
  eden space 32768K, 100% used [0x00000000eb200000,0x00000000ed200000,0x00000000ed200000)
  from space 2560K, 99% used [0x00000000ed200000,0x00000000ed47c8f8,0x00000000ed480000)
  to   space 9216K, 0% used [0x00000000efb00000,0x00000000efb00000,0x00000000f0400000)
 ParOldGen       total 44032K, used 10699K [0x00000000c1600000, 0x00000000c4100000, 0x00000000eb200000)
  object space 44032K, 24% used [0x00000000c1600000,0x00000000c2072fc8,0x00000000c4100000)
 Metaspace       used 19200K, capacity 19418K, committed 19712K, reserved 1067008K
  class space    used 2344K, capacity 2437K, committed 2560K, reserved 1048576K

Deoptimization events (10 events):
Event: 13.029 Thread 0x00000000176f1800 Uncommon trap: reason=unstable_if action=reinterpret pc=0x0000000003063cb0 method=java.io.WinNTFileSystem.normalize(Ljava/lang/String;)Ljava/lang/String; @ 128
Event: 13.248 Thread 0x00000000176f1800 Uncommon trap: reason=class_check action=maybe_recompile pc=0x00000000030bc9c8 method=java.util.regex.Pattern$CharProperty.match(Ljava/util/regex/Matcher;ILjava/lang/CharSequence;)Z @ 37
Event: 13.248 Thread 0x00000000176f1800 Uncommon trap: reason=class_check action=maybe_recompile pc=0x00000000030bc9c8 method=java.util.regex.Pattern$CharProperty.match(Ljava/util/regex/Matcher;ILjava/lang/CharSequence;)Z @ 37
Event: 13.249 Thread 0x00000000176f1800 Uncommon trap: reason=class_check action=maybe_recompile pc=0x00000000030bc9c8 method=java.util.regex.Pattern$CharProperty.match(Ljava/util/regex/Matcher;ILjava/lang/CharSequence;)Z @ 37
Event: 13.249 Thread 0x00000000176f1800 Uncommon trap: reason=class_check action=maybe_recompile pc=0x00000000030bc9c8 method=java.util.regex.Pattern$CharProperty.match(Ljava/util/regex/Matcher;ILjava/lang/CharSequence;)Z @ 37
Event: 14.642 Thread 0x000000001796c000 Uncommon trap: reason=unstable_if action=reinterpret pc=0x00000000031b2b6c method=com.sun.org.apache.xerces.internal.impl.XMLEntityScanner.scanLiteral(ILcom/sun/org/apache/xerces/internal/xni/XMLString;)I @ 563
Event: 14.756 Thread 0x000000001796c000 Uncommon trap: reason=unstable_if action=reinterpret pc=0x0000000003221d9c method=com.sun.org.apache.xerces.internal.util.SymbolTable.addSymbol([CII)Ljava/lang/String; @ 38
Event: 16.005 Thread 0x000000001796c000 Uncommon trap: reason=class_check action=maybe_recompile pc=0x000000000308f11c method=java.util.regex.Matcher.search(I)Z @ 86
Event: 17.694 Thread 0x000000001796c000 Uncommon trap: reason=predicate action=maybe_recompile pc=0x00000000030e5808 method=java.lang.String.regionMatches(ZILjava/lang/String;II)Z @ 63
Event: 19.893 Thread 0x00000000176f1800 Uncommon trap: reason=unloaded action=reinterpret pc=0x0000000003314b24 method=org.springframework.util.ConcurrentReferenceHashMap$Segment.restructureIfNecessary(Z)V @ 312

Internal exceptions (10 events):
Event: 10.606 Thread 0x00000000176f1800 Implicit null exception at 0x0000000003093b2f to 0x0000000003093b99
Event: 12.789 Thread 0x00000000176f1800 Exception <a 'java/lang/ClassNotFoundException': java/lang/ObjectCustomizer> (0x00000000ec89cd58) thrown at [C:\workspace\8-2-build-windows-amd64-cygwin\jdk8u65\4987\hotspot\src\share\vm\classfile\systemDictionary.cpp, line 210]
Event: 12.790 Thread 0x00000000176f1800 Exception <a 'java/lang/ClassNotFoundException': org/springframework/context/annotation/ConfigurationClassPostProcessorCustomizer> (0x00000000ec8ba510) thrown at [C:\workspace\8-2-build-windows-amd64-cygwin\jdk8u65\4987\hotspot\src\share\vm\classfile\systeÏG˘á]ï)@
Event: 12.792 Thread 0x00000000176f1800 Exception <a 'java/lang/ClassNotFoundException': org/springframework/beans/factory/support/BeanDefinitionRegistryPostProcessorCustomizer> (0x00000000ec8e74a8) thrown at [C:\workspace\8-2-build-windows-amd64-cygwin\jdk8u65\4987\hotspot\src\share\vm\classfilµêŸ‰úï)@
Event: 12.792 Thread 0x00000000176f1800 Exception <a 'java/lang/ClassNotFoundException': org/springframework/core/PriorityOrderedCustomizer> (0x00000000ec8fa4d8) thrown at [C:\workspace\8-2-build-windows-amd64-cygwin\jdk8u65\4987\hotspot\src\share\vm\classfile\systemDictionary.cpp, line 210]
Event: 12.793 Thread 0x00000000176f1800 Exception <a 'java/lang/ClassNotFoundException': org/springframework/context/ResourceLoaderAwareCustomizer> (0x00000000ec90e120) thrown at [C:\workspace\8-2-build-windows-amd64-cygwin\jdk8u65\4987\hotspot\src\share\vm\classfile\systemDictionary.cpp, line 2wñ)@
Event: 12.793 Thread 0x00000000176f1800 Exception <a 'java/lang/ClassNotFoundException': org/springframework/beans/factory/BeanClassLoaderAwareCustomizer> (0x00000000ec924b48) thrown at [C:\workspace\8-2-build-windows-amd64-cygwin\jdk8u65\4987\hotspot\src\share\vm\classfile\systemDictionary.cpp,„wòÙWñ)@
Event: 12.794 Thread 0x00000000176f1800 Exception <a 'java/lang/ClassNotFoundException': org/springframework/context/EnvironmentAwareCustomizer> (0x00000000ec938f50) thrown at [C:\workspace\8-2-build-windows-amd64-cygwin\jdk8u65\4987\hotspot\src\share\vm\classfile\systemDictionary.cpp, line 210]”«™ﬂÊW2@
Event: 18.343 Thread 0x000000001796c000 Exception <a 'java/lang/NoSuchFieldError': method resolution failed> (0x00000000ebd845c0) thrown at [C:\workspace\8-2-build-windows-amd64-cygwin\jdk8u65\4987\hotspot\src\share\vm\prims\methodHandles.cpp, line 1146]
Event: 18.346 Thread 0x000000001796c000 Exception <a 'java/lang/NoSuchFieldError': method resolution failed> (0x00000000ebd91df8) thrown at [C:\workspace\8-2-build-windows-amd64-cygwin\jdk8u65\4987\hotspot\src\share\vm\prims\methodHandles.cpp, line 1146]

Events (10 events):
Event: 20.392 loading class org/springframework/boot/context/properties/ConfigurationProperties done
Event: 20.397 loading class org/springframework/boot/autoconfigure/condition/ConditionalOnBean
Event: 20.397 loading class org/springframework/boot/autoconfigure/condition/ConditionalOnBean done
Event: 20.462 loading class org/springframework/boot/autoconfigure/AutoConfigureBefore
Event: 20.462 loading class org/springframework/boot/autoconfigure/AutoConfigureBefore done
Event: 20.522 loading class org/springframework/context/annotation/Profile
Event: 20.522 loading class org/springframework/context/annotation/Profile done
Event: 20.523 loading class org/springframework/context/annotation/ProfileCondition
Event: 20.523 loading class org/springframework/context/annotation/ProfileCondition done
Event: 20.541 Executing VM operation: ParallelGCFailedAllocation


Dynamic libraries:
0x00007ff694310000 - 0x00007ff694347000 	C:\Program Files\Java\jdk1.8.0_65\bin\java.exe
0x00007ffce52c0000 - 0x00007ffce5482000 	C:\WINDOWS\SYSTEM32\ntdll.dll
0x00007ffce2fa0000 - 0x00007ffce304d000 	C:\WINDOWS\system32\KERNEL32.DLL
0x00007ffce1ea0000 - 0x00007ffce207d000 	C:\WINDOWS\system32\KERNELBASE.dll
0x00007ffce5210000 - 0x00007ffce52b6000 	C:\WINDOWS\system32\ADVAPI32.dll
0x00007ffce3120000 - 0x00007ffce31bd000 	C:\WINDOWS\system32\msvcrt.dll
0x00007ffce3640000 - 0x00007ffce369b000 	C:\WINDOWS\system32\sechost.dll
0x00007ffce4ec0000 - 0x00007ffce4fe6000 	C:\WINDOWS\system32\RPCRT4.dll
0x00007ffce3290000 - 0x00007ffce33de000 	C:\WINDOWS\system32\USER32.dll
0x00007ffce4bd0000 - 0x00007ffce4d55000 	C:\WINDOWS\system32\GDI32.dll
0x00007ffcdae60000 - 0x00007ffcdb0d4000 	C:\WINDOWS\WinSxS\amd64_microsoft.windows.common-controls_6595b64144ccf1df_6.0.10240.16384_none_f41f7b285750ef43\COMCTL32.dll
0x00007ffce51d0000 - 0x00007ffce5206000 	C:\WINDOWS\system32\IMM32.DLL
0x00007ffce4d60000 - 0x00007ffce4ebc000 	C:\WINDOWS\system32\MSCTF.dll
0x0000000052c10000 - 0x0000000052ce2000 	C:\Program Files\Java\jdk1.8.0_65\jre\bin\msvcr100.dll
0x0000000052cf0000 - 0x0000000053579000 	C:\Program Files\Java\jdk1.8.0_65\jre\bin\server\jvm.dll
0x00007ffce3110000 - 0x00007ffce3118000 	C:\WINDOWS\system32\PSAPI.DLL
0x00007ffcdf3d0000 - 0x00007ffcdf3f3000 	C:\WINDOWS\SYSTEM32\WINMM.dll
0x00007ffcd9d30000 - 0x00007ffcd9d39000 	C:\WINDOWS\SYSTEM32\WSOCK32.dll
0x00007ffcdf140000 - 0x00007ffcdf14a000 	C:\WINDOWS\SYSTEM32\VERSION.dll
0x00007ffce35d0000 - 0x00007ffce3639000 	C:\WINDOWS\system32\WS2_32.dll
0x00007ffce2c10000 - 0x00007ffce2c18000 	C:\WINDOWS\system32\NSI.dll
0x0000000002b10000 - 0x0000000002b3c000 	C:\WINDOWS\SYSTEM32\WINMMBASE.dll
0x00007ffce1d90000 - 0x00007ffce1dd4000 	C:\WINDOWS\system32\cfgmgr32.dll
0x00007ffce1ab0000 - 0x00007ffce1ad7000 	C:\WINDOWS\SYSTEM32\DEVOBJ.dll
0x0000000052bc0000 - 0x0000000052bcf000 	C:\Program Files\Java\jdk1.8.0_65\jre\bin\verify.dll
0x0000000052b90000 - 0x0000000052bb9000 	C:\Program Files\Java\jdk1.8.0_65\jre\bin\java.dll
0x0000000052b70000 - 0x0000000052b86000 	C:\Program Files\Java\jdk1.8.0_65\jre\bin\zip.dll
0x00007ffce36a0000 - 0x00007ffce4bc5000 	C:\WINDOWS\system32\SHELL32.dll
0x00007ffce2360000 - 0x00007ffce2988000 	C:\WINDOWS\system32\windows.storage.dll
0x00007ffce2990000 - 0x00007ffce2c0c000 	C:\WINDOWS\system32\combase.dll
0x00007ffce34c0000 - 0x00007ffce3511000 	C:\WINDOWS\system32\shlwapi.dll
0x00007ffce1d10000 - 0x00007ffce1d1f000 	C:\WINDOWS\system32\kernel.appcore.dll
0x00007ffce1de0000 - 0x00007ffce1e93000 	C:\WINDOWS\system32\shcore.dll
0x00007ffce1d40000 - 0x00007ffce1d8a000 	C:\WINDOWS\system32\powrprof.dll
0x00007ffce1d20000 - 0x00007ffce1d33000 	C:\WINDOWS\system32\profapi.dll
0x00000000528e0000 - 0x00000000528ed000 	C:\Program Files\Java\jdk1.8.0_65\jre\bin\management.dll
0x0000000052b50000 - 0x0000000052b6a000 	C:\Program Files\Java\jdk1.8.0_65\jre\bin\net.dll
0x00007ffce11f0000 - 0x00007ffce124d000 	C:\WINDOWS\system32\mswsock.dll
0x00007ffcd6500000 - 0x00007ffcd6515000 	C:\WINDOWS\system32\napinsp.dll
0x00007ffcd6520000 - 0x00007ffcd653a000 	C:\WINDOWS\system32\pnrpnsp.dll
0x00007ffcdf870000 - 0x00007ffcdf888000 	C:\WINDOWS\system32\NLAapi.dll
0x00007ffce0f90000 - 0x00007ffce1038000 	C:\WINDOWS\SYSTEM32\DNSAPI.dll
0x00007ffcd6560000 - 0x00007ffcd656d000 	C:\WINDOWS\System32\winrnr.dll
0x00007ffcd6570000 - 0x00007ffcd6585000 	C:\WINDOWS\system32\wshbth.dll
0x00007ffcd9790000 - 0x00007ffcd979a000 	C:\Windows\System32\rasadhlp.dll
0x00007ffce04b0000 - 0x00007ffce04e8000 	C:\WINDOWS\SYSTEM32\IPHLPAPI.DLL
0x00007ffce04f0000 - 0x00007ffce04fb000 	C:\WINDOWS\SYSTEM32\WINNSI.DLL
0x00007ffcd9eb0000 - 0x00007ffcd9f18000 	C:\WINDOWS\System32\fwpuclnt.dll
0x00007ffce1c20000 - 0x00007ffce1c48000 	C:\WINDOWS\SYSTEM32\bcrypt.dll
0x0000000052b30000 - 0x0000000052b41000 	C:\Program Files\Java\jdk1.8.0_65\jre\bin\nio.dll
0x00007ffce1820000 - 0x00007ffce19aa000 	C:\WINDOWS\SYSTEM32\dbghelp.dll

VM Arguments:
java_command: com.mac.care_point.Application
java_class_path (initial): E:\SVISION_PROJECTS\auto-care\AUTO_CARE\target\classes;C:\Users\Don\.m2\repository\org\springframework\boot\spring-boot-starter-web\1.4.0.RELEASE\spring-boot-starter-web-1.4.0.RELEASE.jar;C:\Users\Don\.m2\repository\org\springframework\boot\spring-boot-starter\1.4.0.RELEASE\spring-boot-starter-1.4.0.RELEASE.jar;C:\Users\Don\.m2\repository\org\springframework\boot\spring-boot-starter-logging\1.4.0.RELEASE\spring-boot-starter-logging-1.4.0.RELEASE.jar;C:\Users\Don\.m2\repository\ch\qos\logback\logback-classic\1.1.7\logback-classic-1.1.7.jar;C:\Users\Don\.m2\repository\ch\qos\logback\logback-core\1.1.7\logback-core-1.1.7.jar;C:\Users\Don\.m2\repository\org\slf4j\jul-to-slf4j\1.7.21\jul-to-slf4j-1.7.21.jar;C:\Users\Don\.m2\repository\org\slf4j\log4j-over-slf4j\1.7.21\log4j-over-slf4j-1.7.21.jar;C:\Users\Don\.m2\repository\org\springframework\spring-core\4.3.2.RELEASE\spring-core-4.3.2.RELEASE.jar;C:\Users\Don\.m2\repository\org\yaml\snakeyaml\1.17\snakeyaml-1.17.jar;C:\Users\Don\.m2\repository\org\springframework\boot\spring-boot-starter-tomcat\1.4.0.RELEASE\spring-boot-starter-tomcat-1.4.0.RELEASE.jar;C:\Users\Don\.m2\repository\org\apache\tomcat\embed\tomcat-embed-core\8.5.4\tomcat-embed-core-8.5.4.jar;C:\Users\Don\.m2\repository\org\apache\tomcat\embed\tomcat-embed-el\8.5.4\tomcat-embed-el-8.5.4.jar;C:\Users\Don\.m2\repository\org\apache\tomcat\embed\tomcat-embed-websocket\8.5.4\tomcat-embed-websocket-8.5.4.jar;C:\Users\Don\.m2\repository\org\hibernate\hibernate-validator\5.2.4.Final\hibernate-validator-5.2.4.Final.jar;C:\Users\Don\.m2\repository\javax\validation\validation-api\1.1.0.Final\validation-api-1.1.0.Final.jar;C:\Users\Don\.m2\repository\org\jboss\logging\jboss-logging\3.3.0.Final\jboss-logging-3.3.0.Final.jar;C:\Users\Don\.m2\repository\com\fasterxml\classmate\1.3.1\classmate-1.3.1.jar;C:\Users\Don\.m2\repository\com\fasterxml\jackson\core\jackson-databind\2.8.1\jackson-databind-2.8.1.jar;C:\Users\Don\.m2\repository\com\fasterx
Launcher Type: SUN_STANDARD

Environment Variables:
JAVA_HOME=C:\Program Files\Java\jdk1.8.0_65
PATH=C:\ProgramData\Oracle\Java\javapath;C:\WINDOWS\system32;C:\WINDOWS;C:\WINDOWS\System32\Wbem;C:\WINDOWS\System32\WindowsPowerShell\v1.0\;C:\Program Files\Java\jdk1.8.0_65\bin;C:\Program Files\Git\cmd;C:\Program Files\nodejs\;C:\Program Files (x86)\Brackets\command;C:\Users\Don\AppData\Roaming\npm
USERNAME=Don
OS=Windows_NT
PROCESSOR_IDENTIFIER=Intel64 Family 6 Model 61 Stepping 4, GenuineIntel



---------------  S Y S T E M  ---------------

OS: Windows 10.0 , 64 bit Build 10240 (10.0.10240.16384)

CPU:total 4 (2 cores per cpu, 2 threads per core) family 6 model 61 stepping 4, cmov, cx8, fxsr, mmx, sse, sse2, sse3, ssse3, sse4.1, sse4.2, popcnt, avx, avx2, aes, clmul, erms, 3dnowpref, lzcnt, ht, tsc, tscinvbit, bmi1, bmi2, adx

Memory: 4k page, physical 4103580k(1025256k free), swap 7118236k(2572172k free)

vm_info: Java HotSpot(TM) 64-Bit Server VM (25.65-b01) for windows-amd64 JRE (1.8.0_65-b17), built on Oct  6 2015 16:39:20 by "java_re" with MS VC++ 10.0 (VS2010)

time: Mon Feb 06 09:34:09 2017
elapsed time: 21 seconds (0d 0h 0m 21s)

