#
# A fatal error has been detected by the Java Runtime Environment:
#
#  EXCEPTION_ACCESS_VIOLATION (0xc0000005) at pc=0x5195e817, pid=5852, tid=6548
#
# JRE version: Java(TM) SE Runtime Environment (8.0_65-b17) (build 1.8.0_65-b17)
# Java VM: Java HotSpot(TM) Client VM (25.65-b01 mixed mode windows-x86 )
# Problematic frame:
# V  [jvm.dll+0xbe817]
#
# Failed to write core dump. Minidumps are not enabled by default on client versions of Windows
#
# If you would like to submit a bug report, please visit:
#   http://bugreport.java.com/bugreport/crash.jsp
#

---------------  T H R E A D  ---------------

Current thread (0x14a61400):  VMThread [stack: 0x14c60000,0x14cb0000] [id=6548]

siginfo: ExceptionCode=0xc0000005, reading address 0x00000060

Registers:
EAX=0x00000000, EBX=0x0aadd818, ECX=0x00000000, EDX=0x00000000
ESP=0x14caf434, EBP=0x14caf454, ESI=0x0aadd81c, EDI=0x0aaefcc8
EIP=0x5195e817, EFLAGS=0x00010293

Top of Stack: (sp=0x14caf434)
0x14caf434:   0b250dd0 00000003 00000000 146350c8
0x14caf444:   0aadd81c 00000003 00000000 146350c0
0x14caf454:   14caf474 51a53341 0aadd7c8 15b0a000
0x14caf464:   51c0544c 00000000 14caf534 51c0544c
0x14caf474:   14caf480 51a5353c 15b0a004 14caf668
0x14caf484:   51a18483 15b0a004 00000001 15b0a000
0x14caf494:   00000000 00000000 00000000 00000000
0x14caf4a4:   14caf6f4 14caf51c 0000000b 14caf6e0 

Instructions: (pc=0x5195e817)
0x5195e7f7:   80 3d a4 44 bf 51 00 75 0a 8b d0 80 e2 07 80 fa
0x5195e807:   01 eb 1b 8b c8 83 e1 07 83 f9 05 74 24 8b 57 04
0x5195e817:   8b 52 60 83 e2 07 80 fa 05 74 0c 83 f9 01 75 07
0x5195e827:   a9 80 ff ff ff 74 0a 50 57 e8 eb 47 0f 00 83 c4 


Register to memory mapping:

EAX=0x00000000 is an unknown value
EBX=0x0aadd818 is pointing into object: 0x0aadd7c8
java.lang.reflect.Method 
 - klass: 'java/lang/reflect/Method'
ECX=0x00000000 is an unknown value
EDX=0x00000000 is an unknown value
ESP=0x14caf434 is an unknown value
EBP=0x14caf454 is an unknown value
ESI=0x0aadd81c is pointing into object: 0x0aadd7c8
java.lang.reflect.Method 
 - klass: 'java/lang/reflect/Method'
EDI=0x0aaefcc8 is pointing into object: 0x0aaefc88
java.lang.reflect.Method 
 - klass: 'java/lang/reflect/Method'


Stack: [0x14c60000,0x14cb0000],  sp=0x14caf434,  free space=317k
Native frames: (J=compiled Java code, j=interpreted, Vv=VM code, C=native code)
V  [jvm.dll+0xbe817]
V  [jvm.dll+0x1b3341]
V  [jvm.dll+0x1b353c]
V  [jvm.dll+0x178483]
V  [jvm.dll+0x176fba]
V  [jvm.dll+0x97020]
V  [jvm.dll+0x98311]
V  [jvm.dll+0x9a080]
V  [jvm.dll+0x9a4e9]
V  [jvm.dll+0x9930f]
V  [jvm.dll+0xa5502]
V  [jvm.dll+0x97ee3]
V  [jvm.dll+0x9840e]
V  [jvm.dll+0x1b682c]
V  [jvm.dll+0x180f0b]
V  [jvm.dll+0x180321]
V  [jvm.dll+0x180737]
V  [jvm.dll+0x180932]
V  [jvm.dll+0x1c0466]
C  [msvcr100.dll+0x5c556]
C  [msvcr100.dll+0x5c600]
C  [KERNEL32.DLL+0x18e94]
C  [ntdll.dll+0x69bc3]
C  [ntdll.dll+0x69b92]

VM_Operation (0x1b3bf45c): GenCollectFull, mode: safepoint, requested by thread 0x15b0a000


---------------  P R O C E S S  ---------------

Java Threads: ( => current thread )
  0x15b0a000 JavaThread "Thread-22" [_thread_blocked, id=6552, stack(0x1b370000,0x1b3c0000)]
  0x17753c00 JavaThread "http-nio-8080-AsyncTimeout" daemon [_thread_blocked, id=4892, stack(0x1b000000,0x1b050000)]
  0x17750c00 JavaThread "http-nio-8080-Acceptor-0" daemon [_thread_blocked, id=4484, stack(0x1afb0000,0x1b000000)]
  0x17751000 JavaThread "DestroyJavaVM" [_thread_blocked, id=3624, stack(0x015c0000,0x01610000)]
  0x15b0b800 JavaThread "Live Reload Server" daemon [_thread_in_native, id=5076, stack(0x18f50000,0x18fa0000)]
  0x15af3800 JavaThread "Abandoned connection cleanup thread" daemon [_thread_blocked, id=8628, stack(0x18360000,0x183b0000)]
  0x14a99800 JavaThread "Service Thread" daemon [_thread_blocked, id=9960, stack(0x14f30000,0x14f80000)]
  0x14a9e800 JavaThread "C1 CompilerThread0" daemon [_thread_blocked, id=10104, stack(0x14ee0000,0x14f30000)]
  0x14a9d000 JavaThread "Attach Listener" daemon [_thread_blocked, id=9996, stack(0x14e90000,0x14ee0000)]
  0x14a9b000 JavaThread "Signal Dispatcher" daemon [_thread_blocked, id=4232, stack(0x14e40000,0x14e90000)]
  0x14a6b000 JavaThread "Finalizer" daemon [_thread_blocked, id=4716, stack(0x14d00000,0x14d50000)]
  0x14a66000 JavaThread "Reference Handler" daemon [_thread_blocked, id=5728, stack(0x14cb0000,0x14d00000)]

Other Threads:
=>0x14a61400 VMThread [stack: 0x14c60000,0x14cb0000] [id=6548]
  0x14abf000 WatcherThread [stack: 0x14f80000,0x14fd0000] [id=7944]

VM state:at safepoint (normal execution)

VM Mutex/Monitor currently owned by a thread:  ([mutex/lock_event])
[0x02340558] Threads_lock - owner thread: 0x14a61400
[0x02340830] Heap_lock - owner thread: 0x15b0a000

Heap:
 def new generation   total 26048K, used 11631K [0x04600000, 0x06240000, 0x09b50000)
  eden space 23168K,  47% used [0x04600000, 0x050aa410, 0x05ca0000)
  from space 2880K,  24% used [0x05ca0000, 0x05d51998, 0x05f70000)
  to   space 2880K,   0% used [0x05f70000, 0x05f70000, 0x06240000)
 tenured generation   total 57780K, used 49444K [0x09b50000, 0x0d3bd000, 0x14600000)
   the space 57780K,  85% used [0x09b50000, 0x0cb99270, 0x0cb99400, 0x0d3bd000)
 Metaspace       used 36679K, capacity 37329K, committed 37376K, reserved 38272K

Card table byte_map: [0x04500000,0x04590000] byte_map_base: 0x044dd000

Polling page: 0x01570000

CodeCache: size=32768Kb used=6009Kb max_used=6628Kb free=26759Kb
 bounds [0x02500000, 0x02b90000, 0x04500000]
 total_blobs=3102 nmethods=2881 adapters=150
 compilation: enabled

Compilation events (10 events):
Event: 1581.222 Thread 0x14a9e800 nmethod 6789 0x02646f08 code [0x02647010, 0x02647140]
Event: 1593.500 Thread 0x14a9e800 6790             java.util.concurrent.ConcurrentHashMap$KeySetView::iterator (34 bytes)
Event: 1593.501 Thread 0x14a9e800 nmethod 6790 0x0276bec8 code [0x0276bfe0, 0x0276c138]
Event: 1663.472 Thread 0x14a9e800 6791             java.util.concurrent.ConcurrentHashMap$Traverser::advance (188 bytes)
Event: 1663.473 Thread 0x14a9e800 nmethod 6791 0x02850388 code [0x028504c0, 0x028507b8]
Event: 1663.475 Thread 0x14a9e800 6792             java.util.HashSet::isEmpty (8 bytes)
Event: 1663.475 Thread 0x14a9e800 nmethod 6792 0x025af188 code [0x025af280, 0x025af320]
Event: 1663.477 Thread 0x14a9e800 6793             java.util.concurrent.ConcurrentHashMap$EntryIterator::<init> (12 bytes)
Event: 1663.477 Thread 0x14a9e800 nmethod 6793 0x02646c48 code [0x02646d50, 0x02646e28]
Event: 1663.555 Thread 0x14a9e800 6794             org.springframework.util.ConcurrentReferenceHashMap$EntryIterator::hasNext (17 bytes)

GC Heap History (10 events):
Event: 1443.961 GC heap after
Heap after GC invocations=199 (full 7):
 def new generation   total 26048K, used 206K [0x04600000, 0x06240000, 0x09b50000)
  eden space 23168K,   0% used [0x04600000, 0x04600000, 0x05ca0000)
  from space 2880K,   7% used [0x05ca0000, 0x05cd3aa0, 0x05f70000)
  to   space 2880K,   0% used [0x05f70000, 0x05f70000, 0x06240000)
 tenured generation   total 57780K, used 48331K [0x09b50000, 0x0d3bd000, 0x14600000)
   the space 57780K,  83% used [0x09b50000, 0x0ca82dd0, 0x0ca82e00, 0x0d3bd000)
 Metaspace       used 36567K, capacity 37188K, committed 37248K, reserved 37248K
}
Event: 1498.586 GC heap before
{Heap before GC invocations=199 (full 7):
 def new generation   total 26048K, used 23374K [0x04600000, 0x06240000, 0x09b50000)
  eden space 23168K, 100% used [0x04600000, 0x05ca0000, 0x05ca0000)
  from space 2880K,   7% used [0x05ca0000, 0x05cd3aa0, 0x05f70000)
  to   space 2880K,   0% used [0x05f70000, 0x05f70000, 0x06240000)
 tenured generation   total 57780K, used 48331K [0x09b50000, 0x0d3bd000, 0x14600000)
   the space 57780K,  83% used [0x09b50000, 0x0ca82dd0, 0x0ca82e00, 0x0d3bd000)
 Metaspace       used 36567K, capacity 37188K, committed 37248K, reserved 37248K
Event: 1498.590 GC heap after
Heap after GC invocations=200 (full 7):
 def new generation   total 26048K, used 298K [0x04600000, 0x06240000, 0x09b50000)
  eden space 23168K,   0% used [0x04600000, 0x04600000, 0x05ca0000)
  from space 2880K,  10% used [0x05f70000, 0x05fbab80, 0x06240000)
  to   space 2880K,   0% used [0x05ca0000, 0x05ca0000, 0x05f70000)
 tenured generation   total 57780K, used 48331K [0x09b50000, 0x0d3bd000, 0x14600000)
   the space 57780K,  83% used [0x09b50000, 0x0ca82dd0, 0x0ca82e00, 0x0d3bd000)
 Metaspace       used 36567K, capacity 37188K, committed 37248K, reserved 37248K
}
Event: 1544.136 GC heap before
{Heap before GC invocations=200 (full 7):
 def new generation   total 26048K, used 23466K [0x04600000, 0x06240000, 0x09b50000)
  eden space 23168K, 100% used [0x04600000, 0x05ca0000, 0x05ca0000)
  from space 2880K,  10% used [0x05f70000, 0x05fbab80, 0x06240000)
  to   space 2880K,   0% used [0x05ca0000, 0x05ca0000, 0x05f70000)
 tenured generation   total 57780K, used 48331K [0x09b50000, 0x0d3bd000, 0x14600000)
   the space 57780K,  83% used [0x09b50000, 0x0ca82dd0, 0x0ca82e00, 0x0d3bd000)
 Metaspace       used 36633K, capacity 37290K, committed 37376K, reserved 38272K
Event: 1544.143 GC heap after
Heap after GC invocations=201 (full 7):
 def new generation   total 26048K, used 1142K [0x04600000, 0x06240000, 0x09b50000)
  eden space 23168K,   0% used [0x04600000, 0x04600000, 0x05ca0000)
  from space 2880K,  39% used [0x05ca0000, 0x05dbdaf8, 0x05f70000)
  to   space 2880K,   0% used [0x05f70000, 0x05f70000, 0x06240000)
 tenured generation   total 57780K, used 48331K [0x09b50000, 0x0d3bd000, 0x14600000)
   the space 57780K,  83% used [0x09b50000, 0x0ca82dd0, 0x0ca82e00, 0x0d3bd000)
 Metaspace       used 36633K, capacity 37290K, committed 37376K, reserved 38272K
}
Event: 1583.456 GC heap before
{Heap before GC invocations=201 (full 7):
 def new generation   total 26048K, used 24310K [0x04600000, 0x06240000, 0x09b50000)
  eden space 23168K, 100% used [0x04600000, 0x05ca0000, 0x05ca0000)
  from space 2880K,  39% used [0x05ca0000, 0x05dbdaf8, 0x05f70000)
  to   space 2880K,   0% used [0x05f70000, 0x05f70000, 0x06240000)
 tenured generation   total 57780K, used 48331K [0x09b50000, 0x0d3bd000, 0x14600000)
   the space 57780K,  83% used [0x09b50000, 0x0ca82dd0, 0x0ca82e00, 0x0d3bd000)
 Metaspace       used 36677K, capacity 37327K, committed 37376K, reserved 38272K
Event: 1583.463 GC heap after
Heap after GC invocations=202 (full 7):
 def new generation   total 26048K, used 1824K [0x04600000, 0x06240000, 0x09b50000)
  eden space 23168K,   0% used [0x04600000, 0x04600000, 0x05ca0000)
  from space 2880K,  63% used [0x05f70000, 0x06138018, 0x06240000)
  to   space 2880K,   0% used [0x05ca0000, 0x05ca0000, 0x05f70000)
 tenured generation   total 57780K, used 48331K [0x09b50000, 0x0d3bd000, 0x14600000)
   the space 57780K,  83% used [0x09b50000, 0x0ca82dd0, 0x0ca82e00, 0x0d3bd000)
 Metaspace       used 36677K, capacity 37327K, committed 37376K, reserved 38272K
}
Event: 1643.442 GC heap before
{Heap before GC invocations=202 (full 7):
 def new generation   total 26048K, used 24992K [0x04600000, 0x06240000, 0x09b50000)
  eden space 23168K, 100% used [0x04600000, 0x05ca0000, 0x05ca0000)
  from space 2880K,  63% used [0x05f70000, 0x06138018, 0x06240000)
  to   space 2880K,   0% used [0x05ca0000, 0x05ca0000, 0x05f70000)
 tenured generation   total 57780K, used 48331K [0x09b50000, 0x0d3bd000, 0x14600000)
   the space 57780K,  83% used [0x09b50000, 0x0ca82dd0, 0x0ca82e00, 0x0d3bd000)
 Metaspace       used 36677K, capacity 37327K, committed 37376K, reserved 38272K
Event: 1643.449 GC heap after
Heap after GC invocations=203 (full 7):
 def new generation   total 26048K, used 710K [0x04600000, 0x06240000, 0x09b50000)
  eden space 23168K,   0% used [0x04600000, 0x04600000, 0x05ca0000)
  from space 2880K,  24% used [0x05ca0000, 0x05d51998, 0x05f70000)
  to   space 2880K,   0% used [0x05f70000, 0x05f70000, 0x06240000)
 tenured generation   total 57780K, used 49444K [0x09b50000, 0x0d3bd000, 0x14600000)
   the space 57780K,  85% used [0x09b50000, 0x0cb99270, 0x0cb99400, 0x0d3bd000)
 Metaspace       used 36677K, capacity 37327K, committed 37376K, reserved 38272K
}
Event: 1663.555 GC heap before
{Heap before GC invocations=203 (full 7):
 def new generation   total 26048K, used 11631K [0x04600000, 0x06240000, 0x09b50000)
  eden space 23168K,  47% used [0x04600000, 0x050aa410, 0x05ca0000)
  from space 2880K,  24% used [0x05ca0000, 0x05d51998, 0x05f70000)
  to   space 2880K,   0% used [0x05f70000, 0x05f70000, 0x06240000)
 tenured generation   total 57780K, used 49444K [0x09b50000, 0x0d3bd000, 0x14600000)
   the space 57780K,  85% used [0x09b50000, 0x0cb99270, 0x0cb99400, 0x0d3bd000)
 Metaspace       used 36679K, capacity 37329K, committed 37376K, reserved 38272K

Deoptimization events (0 events):
No events

Internal exceptions (10 events):
Event: 1581.105 Thread 0x1774e400 Exception <a 'java/lang/ArrayIndexOutOfBoundsException'> (0x059278d0) thrown at [C:\re\workspace\8-2-build-windows-i586-cygwin\jdk8u65\4987\hotspot\src\share\vm\runtime\sharedRuntime.cpp, line 605]
Event: 1581.105 Thread 0x1774e400 Exception <a 'java/lang/ArrayIndexOutOfBoundsException'> (0x05929430) thrown at [C:\re\workspace\8-2-build-windows-i586-cygwin\jdk8u65\4987\hotspot\src\share\vm\runtime\sharedRuntime.cpp, line 605]
Event: 1581.107 Thread 0x1774e400 Exception <a 'java/lang/ClassNotFoundException': com/mac/care_point/service/job_card/model/JobCard_$$_jvstcaf_78Customizer> (0x0595e498) thrown at [C:\re\workspace\8-2-build-windows-i586-cygwin\jdk8u65\4987\hotspot\src\share\vm\classfile\systemDictionary.c,êØq¥ò@
Event: 1581.110 Thread 0x1774e400 Exception <a 'java/lang/ClassNotFoundException': org/hibernate/proxy/HibernateProxyCustomizer> (0x059dba78) thrown at [C:\re\workspace\8-2-build-windows-i586-cygwin\jdk8u65\4987\hotspot\src\share\vm\classfile\systemDictionary.cpp, line 210]
Event: 1581.112 Thread 0x1774e400 Exception <a 'java/lang/ClassNotFoundException': javassist/util/proxy/ProxyObjectCustomizer> (0x059f02a0) thrown at [C:\re\workspace\8-2-build-windows-i586-cygwin\jdk8u65\4987\hotspot\src\share\vm\classfile\systemDictionary.cpp, line 210]
Event: 1581.113 Thread 0x1774e400 Exception <a 'java/lang/ClassNotFoundException': java/io/SerializableCustomizer> (0x059fc170) thrown at [C:\re\workspace\8-2-build-windows-i586-cygwin\jdk8u65\4987\hotspot\src\share\vm\classfile\systemDictionary.cpp, line 210]
Event: 1581.223 Thread 0x17754800 Exception <a 'java/lang/ArrayIndexOutOfBoundsException'> (0x05bc9a70) thrown at [C:\re\workspace\8-2-build-windows-i586-cygwin\jdk8u65\4987\hotspot\src\share\vm\runtime\sharedRuntime.cpp, line 605]
Event: 1581.225 Thread 0x17754800 Exception <a 'java/lang/ArrayIndexOutOfBoundsException'> (0x05bdb8a8) thrown at [C:\re\workspace\8-2-build-windows-i586-cygwin\jdk8u65\4987\hotspot\src\share\vm\runtime\sharedRuntime.cpp, line 605]
Event: 1663.546 Thread 0x1774f800 Exception <a 'java/lang/InterruptedException': sleep interrupted> (0x0476c460) thrown at [C:\re\workspace\8-2-build-windows-i586-cygwin\jdk8u65\4987\hotspot\src\share\vm\prims\jvm.cpp, line 3215]
Event: 1663.554 Thread 0x1774d000 Exception <a 'java/lang/InterruptedException': sleep interrupted> (0x050366d0) thrown at [C:\re\workspace\8-2-build-windows-i586-cygwin\jdk8u65\4987\hotspot\src\share\vm\prims\jvm.cpp, line 3215]

Events (10 events):
Event: 1663.554 Thread 0x1774d000 Thread exited: 0x1774d000
Event: 1663.554 Executing VM operation: RevokeBias
Event: 1663.554 Executing VM operation: RevokeBias done
Event: 1663.554 Executing VM operation: RevokeBias
Event: 1663.554 Executing VM operation: RevokeBias done
Event: 1663.554 Thread 0x15b0ac00 Thread exited: 0x15b0ac00
Event: 1663.554 Executing VM operation: RevokeBias
Event: 1663.555 Executing VM operation: RevokeBias done
Event: 1663.555 Thread 0x15b0b400 Thread exited: 0x15b0b400
Event: 1663.555 Executing VM operation: GenCollectFull


Dynamic libraries:
0x00960000 - 0x00993000 	C:\Program Files\Java\jdk1.8.0_65\bin\java.exe
0x77460000 - 0x775e6000 	C:\WINDOWS\SYSTEM32\ntdll.dll
0x74ec0000 - 0x74f56000 	C:\WINDOWS\System32\KERNEL32.DLL
0x742d0000 - 0x74477000 	C:\WINDOWS\System32\KERNELBASE.dll
0x72180000 - 0x72212000 	C:\WINDOWS\system32\apphelp.dll
0x758e0000 - 0x75957000 	C:\WINDOWS\System32\ADVAPI32.dll
0x75960000 - 0x75a1e000 	C:\WINDOWS\System32\msvcrt.dll
0x74e10000 - 0x74e51000 	C:\WINDOWS\System32\sechost.dll
0x75b60000 - 0x75c23000 	C:\WINDOWS\System32\RPCRT4.dll
0x74f60000 - 0x750a9000 	C:\WINDOWS\System32\USER32.dll
0x74010000 - 0x74029000 	C:\WINDOWS\System32\win32u.dll
0x75ab0000 - 0x75adb000 	C:\WINDOWS\System32\GDI32.dll
0x74110000 - 0x7426a000 	C:\WINDOWS\System32\gdi32full.dll
0x6a0a0000 - 0x6a2aa000 	C:\WINDOWS\WinSxS\x86_microsoft.windows.common-controls_6595b64144ccf1df_6.0.14393.447_none_89c64d28dafea4b9\COMCTL32.dll
0x752a0000 - 0x754b1000 	C:\WINDOWS\System32\combase.dll
0x74030000 - 0x74110000 	C:\WINDOWS\System32\ucrtbase.dll
0x74270000 - 0x742ca000 	C:\WINDOWS\System32\bcryptPrimitives.dll
0x77010000 - 0x77036000 	C:\WINDOWS\System32\IMM32.DLL
0x54f30000 - 0x54fef000 	C:\Program Files\Java\jdk1.8.0_65\jre\bin\msvcr100.dll
0x518a0000 - 0x51c64000 	C:\Program Files\Java\jdk1.8.0_65\jre\bin\client\jvm.dll
0x758d0000 - 0x758d6000 	C:\WINDOWS\System32\PSAPI.DLL
0x72940000 - 0x72948000 	C:\WINDOWS\SYSTEM32\VERSION.dll
0x729b0000 - 0x729b8000 	C:\WINDOWS\SYSTEM32\WSOCK32.dll
0x71df0000 - 0x71e14000 	C:\WINDOWS\SYSTEM32\WINMM.dll
0x75af0000 - 0x75b53000 	C:\WINDOWS\System32\WS2_32.dll
0x01590000 - 0x015b3000 	C:\WINDOWS\SYSTEM32\WINMMBASE.dll
0x74480000 - 0x744b6000 	C:\WINDOWS\System32\cfgmgr32.dll
0x6fd90000 - 0x6fd9c000 	C:\Program Files\Java\jdk1.8.0_65\jre\bin\verify.dll
0x66bd0000 - 0x66bf1000 	C:\Program Files\Java\jdk1.8.0_65\jre\bin\java.dll
0x6fcf0000 - 0x6fd03000 	C:\Program Files\Java\jdk1.8.0_65\jre\bin\zip.dll
0x75c30000 - 0x77009000 	C:\WINDOWS\System32\SHELL32.dll
0x744c0000 - 0x74a2e000 	C:\WINDOWS\System32\windows.storage.dll
0x73f90000 - 0x73fd5000 	C:\WINDOWS\System32\powrprof.dll
0x77040000 - 0x77086000 	C:\WINDOWS\System32\shlwapi.dll
0x74000000 - 0x7400d000 	C:\WINDOWS\System32\kernel.appcore.dll
0x773d0000 - 0x77458000 	C:\WINDOWS\System32\shcore.dll
0x73fe0000 - 0x73fef000 	C:\WINDOWS\System32\profapi.dll
0x73c20000 - 0x73c2a000 	C:\Program Files\Java\jdk1.8.0_65\jre\bin\management.dll
0x6e790000 - 0x6e7a6000 	C:\Program Files\Java\jdk1.8.0_65\jre\bin\net.dll
0x73710000 - 0x73760000 	C:\WINDOWS\system32\mswsock.dll
0x66260000 - 0x66272000 	C:\WINDOWS\system32\napinsp.dll
0x66240000 - 0x66256000 	C:\WINDOWS\system32\pnrpnsp.dll
0x66230000 - 0x6623c000 	C:\WINDOWS\System32\winrnr.dll
0x73550000 - 0x735cc000 	C:\WINDOWS\SYSTEM32\DNSAPI.dll
0x75ae0000 - 0x75ae7000 	C:\WINDOWS\System32\NSI.dll
0x73500000 - 0x7352f000 	C:\WINDOWS\SYSTEM32\IPHLPAPI.DLL
0x71a30000 - 0x71a44000 	C:\WINDOWS\system32\NLAapi.dll
0x66210000 - 0x66221000 	C:\WINDOWS\System32\wshbth.dll
0x6ba40000 - 0x6ba48000 	C:\Windows\System32\rasadhlp.dll
0x6ba50000 - 0x6ba99000 	C:\WINDOWS\System32\fwpuclnt.dll
0x73ef0000 - 0x73f0d000 	C:\WINDOWS\SYSTEM32\bcrypt.dll
0x6ea20000 - 0x6ea2f000 	C:\Program Files\Java\jdk1.8.0_65\jre\bin\nio.dll
0x73c40000 - 0x73c53000 	C:\WINDOWS\SYSTEM32\CRYPTSP.dll
0x733d0000 - 0x733ff000 	C:\WINDOWS\system32\rsaenh.dll
0x73530000 - 0x7354a000 	C:\WINDOWS\SYSTEM32\USERENV.dll
0x73880000 - 0x7388a000 	C:\WINDOWS\SYSTEM32\CRYPTBASE.dll
0x70390000 - 0x703a3000 	C:\WINDOWS\SYSTEM32\dhcpcsvc6.DLL
0x70420000 - 0x70434000 	C:\WINDOWS\SYSTEM32\dhcpcsvc.DLL
0x73c60000 - 0x73da5000 	C:\WINDOWS\SYSTEM32\dbghelp.dll

VM Arguments:
java_command: com.mac.care_point.Application
java_class_path (initial): G:\auto-care\AUTO_CARE\target\classes;C:\Users\Kavish Manjitha\.m2\repository\org\springframework\boot\spring-boot-starter-web\1.4.0.RELEASE\spring-boot-starter-web-1.4.0.RELEASE.jar;C:\Users\Kavish Manjitha\.m2\repository\org\springframework\boot\spring-boot-starter\1.4.0.RELEASE\spring-boot-starter-1.4.0.RELEASE.jar;C:\Users\Kavish Manjitha\.m2\repository\org\springframework\boot\spring-boot-starter-logging\1.4.0.RELEASE\spring-boot-starter-logging-1.4.0.RELEASE.jar;C:\Users\Kavish Manjitha\.m2\repository\ch\qos\logback\logback-classic\1.1.7\logback-classic-1.1.7.jar;C:\Users\Kavish Manjitha\.m2\repository\ch\qos\logback\logback-core\1.1.7\logback-core-1.1.7.jar;C:\Users\Kavish Manjitha\.m2\repository\org\slf4j\jul-to-slf4j\1.7.21\jul-to-slf4j-1.7.21.jar;C:\Users\Kavish Manjitha\.m2\repository\org\slf4j\log4j-over-slf4j\1.7.21\log4j-over-slf4j-1.7.21.jar;C:\Users\Kavish Manjitha\.m2\repository\org\springframework\spring-core\4.3.2.RELEASE\spring-core-4.3.2.RELEASE.jar;C:\Users\Kavish Manjitha\.m2\repository\org\yaml\snakeyaml\1.17\snakeyaml-1.17.jar;C:\Users\Kavish Manjitha\.m2\repository\org\springframework\boot\spring-boot-starter-tomcat\1.4.0.RELEASE\spring-boot-starter-tomcat-1.4.0.RELEASE.jar;C:\Users\Kavish Manjitha\.m2\repository\org\apache\tomcat\embed\tomcat-embed-core\8.5.4\tomcat-embed-core-8.5.4.jar;C:\Users\Kavish Manjitha\.m2\repository\org\apache\tomcat\embed\tomcat-embed-el\8.5.4\tomcat-embed-el-8.5.4.jar;C:\Users\Kavish Manjitha\.m2\repository\org\apache\tomcat\embed\tomcat-embed-websocket\8.5.4\tomcat-embed-websocket-8.5.4.jar;C:\Users\Kavish Manjitha\.m2\repository\org\hibernate\hibernate-validator\5.2.4.Final\hibernate-validator-5.2.4.Final.jar;C:\Users\Kavish Manjitha\.m2\repository\javax\validation\validation-api\1.1.0.Final\validation-api-1.1.0.Final.jar;C:\Users\Kavish Manjitha\.m2\repository\org\jboss\logging\jboss-logging\3.3.0.Final\jboss-logging-3.3.0.Final.jar;C:\Users\Kavish Manjitha\.m2\repository\com\fas
Launcher Type: SUN_STANDARD

Environment Variables:
JAVA_HOME=C:\Program Files\Java\jdk1.8.0_65
PATH=C:\ProgramData\Oracle\Java\javapath;C:\Program Files\Dell\DW WLAN Card;C:\Program Files\Intel\iCLS Client\;C:\WINDOWS\system32;C:\WINDOWS;C:\WINDOWS\System32\Wbem;C:\WINDOWS\System32\WindowsPowerShell\v1.0\;C:\Program Files\Intel\Intel(R) Management Engine Components\DAL;C:\Program Files\Intel\Intel(R) Management Engine Components\IPT;C:\Program Files\WIDCOMM\Bluetooth Software\;C:\Program Files\nodejs\;C:\Program Files\Git\cmd;C:\Program Files\Java\jdk1.7.0_79\bin;D:\AndroidStudio\apache-ant-1.9.6\bin;D:\AndroidStudio\apache-maven-3.3.9\bin;D:\AndroidStudio\apache-tomcat-7.0.69\bin;D:\AndroidStudio\Android\sdk\tools;D:\AndroidStudio\Android\sdk\platform-tools;C:\Program Files\MySQL\MySQL Utilities 1.3.6\;C:\Users\Kavish Manjitha\AppData\Local\Microsoft\WindowsApps;C:\Users\Kavish Manjitha\AppData\Roaming\npm;C:\Program Files\Heroku\bin
USERNAME=Kavish Manjitha
OS=Windows_NT
PROCESSOR_IDENTIFIER=x86 Family 6 Model 61 Stepping 4, GenuineIntel



---------------  S Y S T E M  ---------------

OS: Windows 10.0 Build 14393 (10.0.14393.0)

CPU:total 4 (2 cores per cpu, 2 threads per core) family 6 model 61 stepping 4, cmov, cx8, fxsr, mmx, sse, sse2, sse3, ssse3, sse4.1, sse4.2, popcnt, avx, avx2, aes, clmul, erms, 3dnowpref, lzcnt, ht, tsc, tscinvbit, bmi1, bmi2, adx

Memory: 4k page, physical 2678172k(470200k free), swap 5897968k(1164212k free)

vm_info: Java HotSpot(TM) Client VM (25.65-b01) for windows-x86 JRE (1.8.0_65-b17), built on Oct  6 2015 17:26:22 by "java_re" with MS VC++ 10.0 (VS2010)

time: Thu Apr 20 13:48:50 2017
elapsed time: 1663 seconds (0d 0h 27m 43s)

