#
# A fatal error has been detected by the Java Runtime Environment:
#
#  EXCEPTION_ACCESS_VIOLATION (0xc0000005) at pc=0x000000005d6fadf6, pid=4204, tid=6508
#
# JRE version: Java(TM) SE Runtime Environment (8.0_65-b17) (build 1.8.0_65-b17)
# Java VM: Java HotSpot(TM) 64-Bit Server VM (25.65-b01 mixed mode windows-amd64 compressed oops)
# Problematic frame:
# V  [jvm.dll+0x3fadf6]
#
# Failed to write core dump. Minidumps are not enabled by default on client versions of Windows
#
# If you would like to submit a bug report, please visit:
#   http://bugreport.java.com/bugreport/crash.jsp
#

---------------  T H R E A D  ---------------

Current thread (0x0000000002213000):  GCTaskThread [stack: 0x0000000011fd0000,0x00000000120d0000] [id=6508]

siginfo: ExceptionCode=0xc0000005, reading address 0x0000000000000000

Registers:
RAX=0x0000000000000000, RBX=0x00000000f5dd8560, RCX=0x00000000f5dd8560, RDX=0x00000000151ce7b0
RSP=0x00000000120cfa40, RBP=0x0000000000000002, RSI=0x0000000054f5c7c0, RDI=0x00000000120cfb90
R8 =0x0000000000000002, R9 =0x00000000151ce7b0, R10=0x00000000145d1ef8, R11=0x000000005d94acd8
R12=0x00000000120cfb50, R13=0x0000000000000000, R14=0x0000000002213500, R15=0x0000000002213590
RIP=0x000000005d6fadf6, EFLAGS=0x0000000000010246

Top of Stack: (sp=0x00000000120cfa40)
0x00000000120cfa40:   00000000f62a6088 0000000054f5c7c0
0x00000000120cfa50:   0000000002213580 000000000220ef00
0x00000000120cfa60:   00000000120cfb50 000000005d6fe602
0x00000000120cfa70:   00000000151d4880 0000000000000000
0x00000000120cfa80:   0000000002213580 000000000220ef00
0x00000000120cfa90:   00000000120cfb50 000000005d6fe602
0x00000000120cfaa0:   00000000151ce818 0000000000000000
0x00000000120cfab0:   00000000120cfb80 00000000120cfb90
0x00000000120cfac0:   0000000054f73670 000000005d6fdca0
0x00000000120cfad0:   00000000120cfb80 0000000000000000
0x00000000120cfae0:   00000000120cfb80 000000005b927f40
0x00000000120cfaf0:   00000000151ce7b0 000000005d361efc
0x00000000120cfb00:   0000000000000000 00000000120cfb80
0x00000000120cfb10:   0000000054f73670 0000000000000000
0x00000000120cfb20:   000000005d94aa28 000000005d6fdea3
0x00000000120cfb30:   0000000059c0e8b0 00000000120cfbb0 

Instructions: (pc=0x000000005d6fadf6)
0x000000005d6fadd6:   48 8b 52 08 48 8b cb e8 ae 37 cb ff 48 63 e8 41
0x000000005d6fade6:   0f b6 c5 f6 d0 a8 01 49 8b c5 74 06 48 83 e0 fd
0x000000005d6fadf6:   8b 00 48 c1 e8 03 83 e0 0f 3b 05 b3 f8 40 00 0f
0x000000005d6fae06:   83 11 01 00 00 48 8b d5 48 8b ce e8 3a fa ff ff 


Register to memory mapping:

RAX=0x0000000000000000 is an unknown value
RBX=0x00000000f5dd8560 is an unknown value
RCX=0x00000000f5dd8560 is an unknown value
RDX=0x00000000151ce7b0 is pointing into metadata
RSP=0x00000000120cfa40 is an unknown value
RBP=0x0000000000000002 is an unknown value
RSI=0x0000000054f5c7c0 is an unknown value
RDI=0x00000000120cfb90 is an unknown value
R8 =0x0000000000000002 is an unknown value
R9 =0x00000000151ce7b0 is pointing into metadata
R10=0x00000000145d1ef8 is pointing into metadata
R11=0x000000005d94acd8 is an unknown value
R12=0x00000000120cfb50 is an unknown value
R13=0x0000000000000000 is an unknown value
R14=0x0000000002213500 is an unknown value
R15=0x0000000002213590 is an unknown value


Stack: [0x0000000011fd0000,0x00000000120d0000],  sp=0x00000000120cfa40,  free space=1022k
Native frames: (J=compiled Java code, j=interpreted, Vv=VM code, C=native code)
V  [jvm.dll+0x3fadf6]
V  [jvm.dll+0x3fe602]
V  [jvm.dll+0x3fdca0]
V  [jvm.dll+0x61efc]
V  [jvm.dll+0x3fdea3]
V  [jvm.dll+0x3ecfbe]
V  [jvm.dll+0x299f7a]
C  [msvcr100.dll+0x21d9f]
C  [msvcr100.dll+0x21e3b]
C  [kernel32.dll+0x1652d]
C  [ntdll.dll+0x2c521]


---------------  P R O C E S S  ---------------

Java Threads: ( => current thread )
  0x0000000057ce8800 JavaThread "Java2D Disposer" daemon [_thread_blocked, id=2724, stack(0x0000000060190000,0x0000000060290000)]
  0x0000000057ce7800 JavaThread "http-nio-8080-exec-17" daemon [_thread_blocked, id=6228, stack(0x000000005bc90000,0x000000005bd90000)]
  0x0000000057ce7000 JavaThread "http-nio-8080-exec-16" daemon [_thread_blocked, id=4952, stack(0x0000000065d80000,0x0000000065e80000)]
  0x000000005b21e800 JavaThread "http-nio-8080-exec-14" daemon [_thread_blocked, id=5260, stack(0x0000000065c60000,0x0000000065d60000)]
  0x000000005b220000 JavaThread "http-nio-8080-exec-13" daemon [_thread_blocked, id=4476, stack(0x00000000594a0000,0x00000000595a0000)]
  0x0000000057ce6000 JavaThread "http-nio-8080-exec-12" daemon [_thread_blocked, id=5196, stack(0x00000000664b0000,0x00000000665b0000)]
  0x0000000057ce5800 JavaThread "http-nio-8080-exec-11" daemon [_thread_blocked, id=3404, stack(0x00000000592c0000,0x00000000593c0000)]
  0x0000000060ba2800 JavaThread "http-nio-8080-exec-10" daemon [_thread_blocked, id=4764, stack(0x00000000668b0000,0x00000000669b0000)]
  0x000000005b220800 JavaThread "http-nio-8080-exec-9" daemon [_thread_blocked, id=3532, stack(0x00000000660d0000,0x00000000661d0000)]
  0x000000005b21d800 JavaThread "http-nio-8080-exec-5" daemon [_thread_blocked, id=156, stack(0x0000000062b90000,0x0000000062c90000)]
  0x000000005f9d8800 JavaThread "http-nio-8080-exec-3" daemon [_thread_blocked, id=2576, stack(0x0000000065b40000,0x0000000065c40000)]
  0x000000005b21c000 JavaThread "http-nio-8080-AsyncTimeout" daemon [_thread_blocked, id=6420, stack(0x0000000065810000,0x0000000065910000)]
  0x000000005b21b800 JavaThread "http-nio-8080-Acceptor-0" daemon [_thread_in_native, id=6484, stack(0x0000000064b90000,0x0000000064c90000)]
  0x000000005b21a800 JavaThread "http-nio-8080-ClientPoller-1" daemon [_thread_in_native, id=3448, stack(0x0000000065700000,0x0000000065800000)]
  0x000000005b21a000 JavaThread "http-nio-8080-ClientPoller-0" daemon [_thread_in_native, id=5144, stack(0x0000000062340000,0x0000000062440000)]
  0x00000000579d3000 JavaThread "NioBlockingSelector.BlockPoller-13" daemon [_thread_in_native, id=4828, stack(0x0000000062f50000,0x0000000063050000)]
  0x00000000579d0800 JavaThread "File Watcher" daemon [_thread_blocked, id=3828, stack(0x00000000643a0000,0x00000000644a0000)]
  0x0000000060ba0800 JavaThread "Tomcat JDBC Pool Cleaner[1309552426:1497608764015]" daemon [_thread_blocked, id=6652, stack(0x0000000056ce0000,0x0000000056de0000)]
  0x0000000060ba7000 JavaThread "container-0" [_thread_blocked, id=6048, stack(0x0000000058a80000,0x0000000058b80000)]
  0x0000000060ba4000 JavaThread "ContainerBackgroundProcessor[StandardEngine[Tomcat].StandardHost[localhost].StandardContext[]]" daemon [_thread_blocked, id=6052, stack(0x000000005c9f0000,0x000000005caf0000)]
  0x0000000060ba5000 JavaThread "File Watcher" daemon [_thread_blocked, id=6664, stack(0x0000000059000000,0x0000000059100000)]
  0x0000000060ba5800 JavaThread "File Watcher" daemon [_thread_blocked, id=5544, stack(0x0000000058e20000,0x0000000058f20000)]
  0x0000000060ba6800 JavaThread "DestroyJavaVM" [_thread_blocked, id=6460, stack(0x0000000002310000,0x0000000002410000)]
  0x0000000060ba2000 JavaThread "Live Reload Server" daemon [_thread_in_native, id=5872, stack(0x0000000060540000,0x0000000060640000)]
  0x00000000586f9800 JavaThread "Abandoned connection cleanup thread" daemon [_thread_blocked, id=2280, stack(0x000000005cb60000,0x000000005cc60000)]
  0x00000000564b6000 JavaThread "Service Thread" daemon [_thread_blocked, id=3260, stack(0x0000000057040000,0x0000000057140000)]
  0x000000005642c000 JavaThread "C1 CompilerThread2" daemon [_thread_blocked, id=6928, stack(0x0000000056de0000,0x0000000056ee0000)]
  0x000000005642a800 JavaThread "C2 CompilerThread1" daemon [_thread_blocked, id=5944, stack(0x0000000056ac0000,0x0000000056bc0000)]
  0x0000000056418800 JavaThread "C2 CompilerThread0" daemon [_thread_blocked, id=5792, stack(0x0000000056bc0000,0x0000000056cc0000)]
  0x0000000056411000 JavaThread "Attach Listener" daemon [_thread_blocked, id=6740, stack(0x0000000055ef0000,0x0000000055ff0000)]
  0x0000000054fca800 JavaThread "Signal Dispatcher" daemon [_thread_blocked, id=5248, stack(0x0000000056920000,0x0000000056a20000)]
  0x0000000054f6c000 JavaThread "Finalizer" daemon [_thread_blocked, id=1284, stack(0x0000000056310000,0x0000000056410000)]
  0x0000000054f65000 JavaThread "Reference Handler" daemon [_thread_blocked, id=3768, stack(0x00000000561b0000,0x00000000562b0000)]

Other Threads:
  0x0000000054f5f000 VMThread [stack: 0x0000000056050000,0x0000000056150000] [id=5540]
  0x0000000056519000 WatcherThread [stack: 0x0000000057180000,0x0000000057280000] [id=2536]

=>0x0000000002213000 (exited) GCTaskThread [stack: 0x0000000011fd0000,0x00000000120d0000] [id=6508]

VM state:at safepoint (normal execution)

VM Mutex/Monitor currently owned by a thread:  ([mutex/lock_event])
[0x00000000021f9900] Threads_lock - owner thread: 0x0000000054f5f000
[0x00000000021f9e00] Heap_lock - owner thread: 0x0000000057ce7000

Heap:
 PSYoungGen      total 183296K, used 181472K [0x00000000eb200000, 0x00000000f6780000, 0x0000000100000000)
  eden space 181248K, 100% used [0x00000000eb200000,0x00000000f6300000,0x00000000f6300000)
  from space 2048K, 10% used [0x00000000f6300000,0x00000000f6338000,0x00000000f6500000)
  to   space 2048K, 94% used [0x00000000f6580000,0x00000000f6764010,0x00000000f6780000)
 ParOldGen       total 145408K, used 85274K [0x00000000c1600000, 0x00000000ca400000, 0x00000000eb200000)
  object space 145408K, 58% used [0x00000000c1600000,0x00000000c69469d8,0x00000000ca400000)
 Metaspace       used 116127K, capacity 118474K, committed 119464K, reserved 1157120K
  class space    used 11803K, capacity 12230K, committed 12456K, reserved 1048576K

Card table byte_map: [0x0000000011aa0000,0x0000000011ca0000] byte_map_base: 0x0000000011495000

Marking Bits: (ParMarkBitMap*) 0x000000005db0a5b0
 Begin Bits: [0x0000000012480000, 0x0000000013428000)
 End Bits:   [0x0000000013428000, 0x00000000143d0000)

Polling page: 0x0000000000440000

CodeCache: size=245760Kb used=51438Kb max_used=51448Kb free=194321Kb
 bounds [0x00000000026e0000, 0x0000000005970000, 0x00000000116e0000]
 total_blobs=13535 nmethods=12922 adapters=523
 compilation: enabled

Compilation events (10 events):
Event: 5458.739 Thread 0x000000005642c000 17887       3       sun.nio.ch.FileChannelImpl::ensureOpen (16 bytes)
Event: 5458.739 Thread 0x000000005642c000 nmethod 17887 0x000000000595bc90 code [0x000000000595be00, 0x000000000595c0e8]
Event: 5458.739 Thread 0x000000005642c000 17888   !   3       sun.nio.ch.NativeThreadSet::add (155 bytes)
Event: 5458.740 Thread 0x000000005642c000 nmethod 17888 0x000000000595e150 code [0x000000000595e2e0, 0x000000000595e968]
Event: 5458.740 Thread 0x000000005642c000 17889   !   3       sun.nio.ch.NativeThreadSet::remove (50 bytes)
Event: 5458.740 Thread 0x000000005642c000 nmethod 17889 0x000000000595b450 code [0x000000000595b5c0, 0x000000000595ba08]
Event: 5458.757 Thread 0x0000000056418800 17890       4       java.lang.Character::isSurrogate (18 bytes)
Event: 5458.757 Thread 0x0000000056418800 nmethod 17890 0x0000000004c8ea10 code [0x0000000004c8eb40, 0x0000000004c8eb98]
Event: 5458.757 Thread 0x000000005642c000 17891       1       com.sun.org.apache.xerces.internal.dom.TextImpl::getNodeType (2 bytes)
Event: 5458.757 Thread 0x000000005642c000 nmethod 17891 0x0000000005961610 code [0x0000000005961760, 0x0000000005961870]

GC Heap History (10 events):
Event: 5124.702 GC heap after
Heap after GC invocations=143 (full 16):
 PSYoungGen      total 182272K, used 448K [0x00000000eb200000, 0x00000000f6680000, 0x0000000100000000)
  eden space 179712K, 0% used [0x00000000eb200000,0x00000000eb200000,0x00000000f6180000)
  from space 2560K, 17% used [0x00000000f6180000,0x00000000f61f0000,0x00000000f6400000)
  to   space 2048K, 0% used [0x00000000f6480000,0x00000000f6480000,0x00000000f6680000)
 ParOldGen       total 145408K, used 85266K [0x00000000c1600000, 0x00000000ca400000, 0x00000000eb200000)
  object space 145408K, 58% used [0x00000000c1600000,0x00000000c69449d8,0x00000000ca400000)
 Metaspace       used 111817K, capacity 114022K, committed 115624K, reserved 1153024K
  class space    used 11260K, capacity 11619K, committed 11944K, reserved 1048576K
}
Event: 5194.936 GC heap before
{Heap before GC invocations=144 (full 16):
 PSYoungGen      total 182272K, used 180160K [0x00000000eb200000, 0x00000000f6680000, 0x0000000100000000)
  eden space 179712K, 100% used [0x00000000eb200000,0x00000000f6180000,0x00000000f6180000)
  from space 2560K, 17% used [0x00000000f6180000,0x00000000f61f0000,0x00000000f6400000)
  to   space 2048K, 0% used [0x00000000f6480000,0x00000000f6480000,0x00000000f6680000)
 ParOldGen       total 145408K, used 85266K [0x00000000c1600000, 0x00000000ca400000, 0x00000000eb200000)
  object space 145408K, 58% used [0x00000000c1600000,0x00000000c69449d8,0x00000000ca400000)
 Metaspace       used 111817K, capacity 114022K, committed 115624K, reserved 1153024K
  class space    used 11260K, capacity 11619K, committed 11944K, reserved 1048576K
Event: 5194.941 GC heap after
Heap after GC invocations=144 (full 16):
 PSYoungGen      total 182784K, used 448K [0x00000000eb200000, 0x00000000f6680000, 0x0000000100000000)
  eden space 180736K, 0% used [0x00000000eb200000,0x00000000eb200000,0x00000000f6280000)
  from space 2048K, 21% used [0x00000000f6480000,0x00000000f64f0000,0x00000000f6680000)
  to   space 2048K, 0% used [0x00000000f6280000,0x00000000f6280000,0x00000000f6480000)
 ParOldGen       total 145408K, used 85266K [0x00000000c1600000, 0x00000000ca400000, 0x00000000eb200000)
  object space 145408K, 58% used [0x00000000c1600000,0x00000000c69449d8,0x00000000ca400000)
 Metaspace       used 111817K, capacity 114022K, committed 115624K, reserved 1153024K
  class space    used 11260K, capacity 11619K, committed 11944K, reserved 1048576K
}
Event: 5265.250 GC heap before
{Heap before GC invocations=145 (full 16):
 PSYoungGen      total 182784K, used 181184K [0x00000000eb200000, 0x00000000f6680000, 0x0000000100000000)
  eden space 180736K, 100% used [0x00000000eb200000,0x00000000f6280000,0x00000000f6280000)
  from space 2048K, 21% used [0x00000000f6480000,0x00000000f64f0000,0x00000000f6680000)
  to   space 2048K, 0% used [0x00000000f6280000,0x00000000f6280000,0x00000000f6480000)
 ParOldGen       total 145408K, used 85266K [0x00000000c1600000, 0x00000000ca400000, 0x00000000eb200000)
  object space 145408K, 58% used [0x00000000c1600000,0x00000000c69449d8,0x00000000ca400000)
 Metaspace       used 111817K, capacity 114022K, committed 115624K, reserved 1153024K
  class space    used 11260K, capacity 11619K, committed 11944K, reserved 1048576K
Event: 5265.254 GC heap after
Heap after GC invocations=145 (full 16):
 PSYoungGen      total 182784K, used 384K [0x00000000eb200000, 0x00000000f6780000, 0x0000000100000000)
  eden space 180736K, 0% used [0x00000000eb200000,0x00000000eb200000,0x00000000f6280000)
  from space 2048K, 18% used [0x00000000f6280000,0x00000000f62e0000,0x00000000f6480000)
  to   space 2048K, 0% used [0x00000000f6580000,0x00000000f6580000,0x00000000f6780000)
 ParOldGen       total 145408K, used 85266K [0x00000000c1600000, 0x00000000ca400000, 0x00000000eb200000)
  object space 145408K, 58% used [0x00000000c1600000,0x00000000c69449d8,0x00000000ca400000)
 Metaspace       used 111817K, capacity 114022K, committed 115624K, reserved 1153024K
  class space    used 11260K, capacity 11619K, committed 11944K, reserved 1048576K
}
Event: 5334.711 GC heap before
{Heap before GC invocations=146 (full 16):
 PSYoungGen      total 182784K, used 181120K [0x00000000eb200000, 0x00000000f6780000, 0x0000000100000000)
  eden space 180736K, 100% used [0x00000000eb200000,0x00000000f6280000,0x00000000f6280000)
  from space 2048K, 18% used [0x00000000f6280000,0x00000000f62e0000,0x00000000f6480000)
  to   space 2048K, 0% used [0x00000000f6580000,0x00000000f6580000,0x00000000f6780000)
 ParOldGen       total 145408K, used 85266K [0x00000000c1600000, 0x00000000ca400000, 0x00000000eb200000)
  object space 145408K, 58% used [0x00000000c1600000,0x00000000c69449d8,0x00000000ca400000)
 Metaspace       used 111819K, capacity 114022K, committed 115624K, reserved 1153024K
  class space    used 11260K, capacity 11619K, committed 11944K, reserved 1048576K
Event: 5334.715 GC heap after
Heap after GC invocations=146 (full 16):
 PSYoungGen      total 182784K, used 352K [0x00000000eb200000, 0x00000000f6700000, 0x0000000100000000)
  eden space 181248K, 0% used [0x00000000eb200000,0x00000000eb200000,0x00000000f6300000)
  from space 1536K, 22% used [0x00000000f6580000,0x00000000f65d8000,0x00000000f6700000)
  to   space 2048K, 0% used [0x00000000f6300000,0x00000000f6300000,0x00000000f6500000)
 ParOldGen       total 145408K, used 85266K [0x00000000c1600000, 0x00000000ca400000, 0x00000000eb200000)
  object space 145408K, 58% used [0x00000000c1600000,0x00000000c69449d8,0x00000000ca400000)
 Metaspace       used 111819K, capacity 114022K, committed 115624K, reserved 1153024K
  class space    used 11260K, capacity 11619K, committed 11944K, reserved 1048576K
}
Event: 5405.824 GC heap before
{Heap before GC invocations=147 (full 16):
 PSYoungGen      total 182784K, used 181600K [0x00000000eb200000, 0x00000000f6700000, 0x0000000100000000)
  eden space 181248K, 100% used [0x00000000eb200000,0x00000000f6300000,0x00000000f6300000)
  from space 1536K, 22% used [0x00000000f6580000,0x00000000f65d8000,0x00000000f6700000)
  to   space 2048K, 0% used [0x00000000f6300000,0x00000000f6300000,0x00000000f6500000)
 ParOldGen       total 145408K, used 85266K [0x00000000c1600000, 0x00000000ca400000, 0x00000000eb200000)
  object space 145408K, 58% used [0x00000000c1600000,0x00000000c69449d8,0x00000000ca400000)
 Metaspace       used 111819K, capacity 114022K, committed 115624K, reserved 1153024K
  class space    used 11260K, capacity 11619K, committed 11944K, reserved 1048576K
Event: 5405.828 GC heap after
Heap after GC invocations=147 (full 16):
 PSYoungGen      total 183296K, used 224K [0x00000000eb200000, 0x00000000f6780000, 0x0000000100000000)
  eden space 181248K, 0% used [0x00000000eb200000,0x00000000eb200000,0x00000000f6300000)
  from space 2048K, 10% used [0x00000000f6300000,0x00000000f6338000,0x00000000f6500000)
  to   space 2048K, 0% used [0x00000000f6580000,0x00000000f6580000,0x00000000f6780000)
 ParOldGen       total 145408K, used 85266K [0x00000000c1600000, 0x00000000ca400000, 0x00000000eb200000)
  object space 145408K, 58% used [0x00000000c1600000,0x00000000c69449d8,0x00000000ca400000)
 Metaspace       used 111819K, capacity 114022K, committed 115624K, reserved 1153024K
  class space    used 11260K, capacity 11619K, committed 11944K, reserved 1048576K
}
Event: 5458.872 GC heap before
{Heap before GC invocations=148 (full 16):
 PSYoungGen      total 183296K, used 181472K [0x00000000eb200000, 0x00000000f6780000, 0x0000000100000000)
  eden space 181248K, 100% used [0x00000000eb200000,0x00000000f6300000,0x00000000f6300000)
  from space 2048K, 10% used [0x00000000f6300000,0x00000000f6338000,0x00000000f6500000)
  to   space 2048K, 0% used [0x00000000f6580000,0x00000000f6580000,0x00000000f6780000)
 ParOldGen       total 145408K, used 85266K [0x00000000c1600000, 0x00000000ca400000, 0x00000000eb200000)
  object space 145408K, 58% used [0x00000000c1600000,0x00000000c69449d8,0x00000000ca400000)
 Metaspace       used 116127K, capacity 118474K, committed 119464K, reserved 1157120K
  class space    used 11803K, capacity 12230K, committed 12456K, reserved 1048576K

Deoptimization events (10 events):
Event: 5453.812 Thread 0x0000000057ce7800 Uncommon trap: reason=unstable_if action=reinterpret pc=0x0000000002ba03ac method=java.lang.Class.annotationData()Ljava/lang/Class$AnnotationData; @ 36
Event: 5454.773 Thread 0x0000000057ce7000 Uncommon trap: reason=unstable_if action=reinterpret pc=0x00000000029c4b58 method=java.io.WinNTFileSystem.prefixLength(Ljava/lang/String;)I @ 42
Event: 5454.919 Thread 0x0000000057ce7000 Uncommon trap: reason=unstable_if action=reinterpret pc=0x0000000004944bb0 method=java.util.Locale.equals(Ljava/lang/Object;)Z @ 32
Event: 5455.075 Thread 0x0000000057ce7000 Uncommon trap: reason=class_check action=maybe_recompile pc=0x00000000028ca2d8 method=java.lang.String.equals(Ljava/lang/Object;)Z @ 8
Event: 5456.111 Thread 0x0000000057ce7000 Uncommon trap: reason=unstable_if action=reinterpret pc=0x00000000050e4008 method=java.lang.ClassLoader.checkCerts(Ljava/lang/String;Ljava/security/CodeSource;)V @ 9
Event: 5458.209 Thread 0x0000000057ce7000 Uncommon trap: reason=unstable_if action=reinterpret pc=0x00000000051417e8 method=sun.nio.cs.UTF_8$Decoder.decodeArrayLoop(Ljava/nio/ByteBuffer;Ljava/nio/CharBuffer;)Ljava/nio/charset/CoderResult; @ 110
Event: 5458.261 Thread 0x0000000057ce7000 Uncommon trap: reason=unstable_if action=reinterpret pc=0x0000000002b0f37c method=com.sun.org.apache.xerces.internal.impl.XMLEntityScanner.skipSpaces()Z @ 62
Event: 5458.570 Thread 0x0000000057ce7000 Uncommon trap: reason=unstable_if action=reinterpret pc=0x0000000004feab80 method=com.sun.org.apache.xerces.internal.impl.XMLDocumentFragmentScannerImpl$FragmentContentDriver.next()I @ 642
Event: 5458.671 Thread 0x0000000057ce7000 Uncommon trap: reason=unstable_if action=reinterpret pc=0x0000000005886320 method=sun.nio.ch.Util$BufferCache.get(I)Ljava/nio/ByteBuffer; @ 26
Event: 5458.679 Thread 0x0000000057ce7000 Uncommon trap: reason=unstable_if action=reinterpret pc=0x000000000587e84c method=sun.nio.ch.Util$BufferCache.get(I)Ljava/nio/ByteBuffer; @ 26

Internal exceptions (10 events):
Event: 5445.768 Thread 0x0000000057ce7800 Implicit null exception at 0x0000000003d47871 to 0x0000000003d48e2d
Event: 5445.768 Thread 0x000000005b220800 Implicit null exception at 0x0000000003d47871 to 0x0000000003d48e2d
Event: 5445.768 Thread 0x000000005b220000 Implicit null exception at 0x0000000003d47871 to 0x0000000003d48e2d
Event: 5446.624 Thread 0x0000000060ba2800 Implicit null exception at 0x00000000047fb969 to 0x00000000047fc10d
Event: 5446.633 Thread 0x0000000060ba2800 Implicit null exception at 0x000000000493f14c to 0x000000000493f6d5
Event: 5447.896 Thread 0x0000000057ce5800 Implicit null exception at 0x00000000051758d5 to 0x000000000517cef5
Event: 5447.960 Thread 0x0000000057ce7000 Implicit null exception at 0x000000000498edda to 0x000000000499761d
Event: 5451.995 Thread 0x0000000057ce7000 Implicit null exception at 0x00000000033a73ad to 0x00000000033a8255
Event: 5452.755 Thread 0x0000000057ce5800 Exception <a 'java/io/FileNotFoundException'> (0x00000000f3f55678) thrown at [C:\workspace\8-2-build-windows-amd64-cygwin\jdk8u65\4987\hotspot\src\share\vm\prims\jni.cpp, line 709]
Event: 5454.781 Thread 0x0000000057ce7000 Exception <a 'java/io/FileNotFoundException'> (0x00000000f46fae60) thrown at [C:\workspace\8-2-build-windows-amd64-cygwin\jdk8u65\4987\hotspot\src\share\vm\prims\jni.cpp, line 709]

Events (10 events):
Event: 5458.836 loading class net/sf/jasperreports/engine/JRPrintText done
Event: 5458.836 loading class net/sf/jasperreports/engine/JRPrintAnchor
Event: 5458.836 loading class net/sf/jasperreports/engine/JRPrintAnchor done
Event: 5458.836 loading class net/sf/jasperreports/engine/JRPrintHyperlink
Event: 5458.836 loading class net/sf/jasperreports/engine/JRPrintHyperlink done
Event: 5458.837 loading class net/sf/jasperreports/engine/fill/TextFormat
Event: 5458.837 loading class net/sf/jasperreports/engine/fill/TextFormat done
Event: 5458.845 loading class net/sf/jasperreports/engine/fill/JRTemplateElement
Event: 5458.845 loading class net/sf/jasperreports/engine/fill/JRTemplateElement done
Event: 5458.845 Executing VM operation: ParallelGCFailedAllocation


Dynamic libraries:
0x000000013fd80000 - 0x000000013fdb7000 	C:\Program Files\Java\jdk1.8.0_65\bin\java.exe
0x0000000076d30000 - 0x0000000076ed9000 	C:\Windows\SYSTEM32\ntdll.dll
0x0000000076c10000 - 0x0000000076d2f000 	C:\Windows\system32\kernel32.dll
0x000007fefcea0000 - 0x000007fefcf0b000 	C:\Windows\system32\KERNELBASE.dll
0x000007fefd7f0000 - 0x000007fefd8cb000 	C:\Windows\system32\ADVAPI32.dll
0x000007fefde00000 - 0x000007fefde9f000 	C:\Windows\system32\msvcrt.dll
0x000007fefeff0000 - 0x000007feff00f000 	C:\Windows\SYSTEM32\sechost.dll
0x000007fefd4e0000 - 0x000007fefd60d000 	C:\Windows\system32\RPCRT4.dll
0x0000000076b10000 - 0x0000000076c0a000 	C:\Windows\system32\USER32.dll
0x000007fefdf60000 - 0x000007fefdfc7000 	C:\Windows\system32\GDI32.dll
0x000007fefd050000 - 0x000007fefd05e000 	C:\Windows\system32\LPK.dll
0x000007fefe190000 - 0x000007fefe259000 	C:\Windows\system32\USP10.dll
0x000007fefb750000 - 0x000007fefb944000 	C:\Windows\WinSxS\amd64_microsoft.windows.common-controls_6595b64144ccf1df_6.0.7601.17514_none_fa396087175ac9ac\COMCTL32.dll
0x000007fefd930000 - 0x000007fefd9a1000 	C:\Windows\system32\SHLWAPI.dll
0x000007feff010000 - 0x000007feff03e000 	C:\Windows\system32\IMM32.DLL
0x000007fefdae0000 - 0x000007fefdbe9000 	C:\Windows\system32\MSCTF.dll
0x0000000071c20000 - 0x0000000071cf2000 	C:\Program Files\Java\jdk1.8.0_65\jre\bin\msvcr100.dll
0x000000005d300000 - 0x000000005db89000 	C:\Program Files\Java\jdk1.8.0_65\jre\bin\server\jvm.dll
0x000007fef70a0000 - 0x000007fef70a9000 	C:\Windows\system32\WSOCK32.dll
0x000007fefe0b0000 - 0x000007fefe0fd000 	C:\Windows\system32\WS2_32.dll
0x000007fefe100000 - 0x000007fefe108000 	C:\Windows\system32\NSI.dll
0x000007fefab50000 - 0x000007fefab8b000 	C:\Windows\system32\WINMM.dll
0x000007fefbde0000 - 0x000007fefbdec000 	C:\Windows\system32\VERSION.dll
0x0000000076ef0000 - 0x0000000076ef7000 	C:\Windows\system32\PSAPI.DLL
0x00000000749b0000 - 0x00000000749bf000 	C:\Program Files\Java\jdk1.8.0_65\jre\bin\verify.dll
0x0000000071bf0000 - 0x0000000071c19000 	C:\Program Files\Java\jdk1.8.0_65\jre\bin\java.dll
0x0000000071bd0000 - 0x0000000071be6000 	C:\Program Files\Java\jdk1.8.0_65\jre\bin\zip.dll
0x000007fefe260000 - 0x000007fefefe8000 	C:\Windows\system32\SHELL32.dll
0x000007fefdbf0000 - 0x000007fefddf3000 	C:\Windows\system32\ole32.dll
0x000007fefcc80000 - 0x000007fefcc8f000 	C:\Windows\system32\profapi.dll
0x00000000749a0000 - 0x00000000749ad000 	C:\Program Files\Java\jdk1.8.0_65\jre\bin\management.dll
0x0000000071bb0000 - 0x0000000071bca000 	C:\Program Files\Java\jdk1.8.0_65\jre\bin\net.dll
0x000007fefc490000 - 0x000007fefc4e5000 	C:\Windows\system32\mswsock.dll
0x000007fefc480000 - 0x000007fefc487000 	C:\Windows\System32\wship6.dll
0x000007fefa9b0000 - 0x000007fefa9c5000 	C:\Windows\system32\NLAapi.dll
0x000007fef6eb0000 - 0x000007fef6ec5000 	C:\Windows\system32\napinsp.dll
0x000007fef6e90000 - 0x000007fef6ea9000 	C:\Windows\system32\pnrpnsp.dll
0x000007fefc310000 - 0x000007fefc36b000 	C:\Windows\system32\DNSAPI.dll
0x000007fef6e80000 - 0x000007fef6e8b000 	C:\Windows\System32\winrnr.dll
0x000007fef6e70000 - 0x000007fef6e80000 	C:\Windows\system32\wshbth.dll
0x000007fefbeb0000 - 0x000007fefbeb7000 	C:\Windows\System32\wshtcpip.dll
0x000007fefa470000 - 0x000007fefa497000 	C:\Windows\system32\IPHLPAPI.DLL
0x000007fefa460000 - 0x000007fefa46b000 	C:\Windows\system32\WINNSI.DLL
0x000007fef7c30000 - 0x000007fef7c38000 	C:\Windows\system32\rasadhlp.dll
0x000007fef9d30000 - 0x000007fef9d83000 	C:\Windows\System32\fwpuclnt.dll
0x0000000071b90000 - 0x0000000071ba1000 	C:\Program Files\Java\jdk1.8.0_65\jre\bin\nio.dll
0x000007fefc4f0000 - 0x000007fefc507000 	C:\Windows\system32\CRYPTSP.dll
0x000007fefc1f0000 - 0x000007fefc237000 	C:\Windows\system32\rsaenh.dll
0x000007fefbfd0000 - 0x000007fefbfee000 	C:\Windows\system32\USERENV.dll
0x000007fefcb70000 - 0x000007fefcb7f000 	C:\Windows\system32\CRYPTBASE.dll
0x000007fef9ec0000 - 0x000007fef9ed8000 	C:\Windows\system32\dhcpcsvc.DLL
0x000007fef9b30000 - 0x000007fef9b41000 	C:\Windows\system32\dhcpcsvc6.DLL
0x0000000065910000 - 0x0000000065aa8000 	C:\Program Files\Java\jdk1.8.0_65\jre\bin\awt.dll
0x000007fefdfd0000 - 0x000007fefe0a7000 	C:\Windows\system32\OLEAUT32.dll
0x000007fefb030000 - 0x000007fefb048000 	C:\Windows\system32\DWMAPI.DLL
0x0000000071b40000 - 0x0000000071b87000 	C:\Program Files\Java\jdk1.8.0_65\jre\bin\fontmanager.dll
0x000007feebdd0000 - 0x000007feebef5000 	C:\Windows\system32\dbghelp.dll

VM Arguments:
java_command: com.mac.care_point.Application
java_class_path (initial): J:\Supervis\auto-care\AUTO_CARE\target\classes;C:\Users\kavish manjitha\.m2\repository\org\springframework\boot\spring-boot-starter-web\1.4.0.RELEASE\spring-boot-starter-web-1.4.0.RELEASE.jar;C:\Users\kavish manjitha\.m2\repository\org\springframework\boot\spring-boot-starter\1.4.0.RELEASE\spring-boot-starter-1.4.0.RELEASE.jar;C:\Users\kavish manjitha\.m2\repository\org\springframework\boot\spring-boot-starter-logging\1.4.0.RELEASE\spring-boot-starter-logging-1.4.0.RELEASE.jar;C:\Users\kavish manjitha\.m2\repository\ch\qos\logback\logback-classic\1.1.7\logback-classic-1.1.7.jar;C:\Users\kavish manjitha\.m2\repository\ch\qos\logback\logback-core\1.1.7\logback-core-1.1.7.jar;C:\Users\kavish manjitha\.m2\repository\org\slf4j\jul-to-slf4j\1.7.21\jul-to-slf4j-1.7.21.jar;C:\Users\kavish manjitha\.m2\repository\org\slf4j\log4j-over-slf4j\1.7.21\log4j-over-slf4j-1.7.21.jar;C:\Users\kavish manjitha\.m2\repository\org\springframework\spring-core\4.3.2.RELEASE\spring-core-4.3.2.RELEASE.jar;C:\Users\kavish manjitha\.m2\repository\org\yaml\snakeyaml\1.17\snakeyaml-1.17.jar;C:\Users\kavish manjitha\.m2\repository\org\springframework\boot\spring-boot-starter-tomcat\1.4.0.RELEASE\spring-boot-starter-tomcat-1.4.0.RELEASE.jar;C:\Users\kavish manjitha\.m2\repository\org\apache\tomcat\embed\tomcat-embed-core\8.5.4\tomcat-embed-core-8.5.4.jar;C:\Users\kavish manjitha\.m2\repository\org\apache\tomcat\embed\tomcat-embed-el\8.5.4\tomcat-embed-el-8.5.4.jar;C:\Users\kavish manjitha\.m2\repository\org\apache\tomcat\embed\tomcat-embed-websocket\8.5.4\tomcat-embed-websocket-8.5.4.jar;C:\Users\kavish manjitha\.m2\repository\org\hibernate\hibernate-validator\5.2.4.Final\hibernate-validator-5.2.4.Final.jar;C:\Users\kavish manjitha\.m2\repository\javax\validation\validation-api\1.1.0.Final\validation-api-1.1.0.Final.jar;C:\Users\kavish manjitha\.m2\repository\org\jboss\logging\jboss-logging\3.3.0.Final\jboss-logging-3.3.0.Final.jar;C:\Users\kavish manjitha\.m2\repositor
Launcher Type: SUN_STANDARD

Environment Variables:
JAVA_HOME=C:\Program Files\Java\jdk1.8.0_65
PATH=C:\ProgramData\Oracle\Java\javapath;C:\Windows\system32;C:\Windows;C:\Windows\System32\Wbem;C:\Windows\System32\WindowsPowerShell\v1.0\;C:\Program Files\Java\jdk1.8.0_65\bin;C:\Program Files (x86)\MySQL\MySQL Server 5.5\bin;C:\Program Files\nodejs\;c:\Program Files (x86)\Microsoft SQL Server\90\Tools\binn\;C:\Program Files (x86)\Brackets\command;C:\Program Files\Git\cmd;C:\Users\kavish manjitha\AppData\Roaming\npm;C:\Users\kavish manjitha\AppData\Local\atom\bin;C:\Program Files\Heroku\bin;C:\Program Files (x86)\Microsoft VS Code\bin
USERNAME=kavish manjitha
OS=Windows_NT
PROCESSOR_IDENTIFIER=Intel64 Family 6 Model 61 Stepping 4, GenuineIntel



---------------  S Y S T E M  ---------------

OS: Windows 7 , 64 bit Build 7601 (6.1.7601.17514)

CPU:total 4 (2 cores per cpu, 2 threads per core) family 6 model 61 stepping 4, cmov, cx8, fxsr, mmx, sse, sse2, sse3, ssse3, sse4.1, sse4.2, popcnt, avx, avx2, aes, clmul, erms, 3dnowpref, lzcnt, ht, tsc, tscinvbit, bmi1, bmi2, adx

Memory: 4k page, physical 4103584k(777788k free), swap 8205324k(3151624k free)

vm_info: Java HotSpot(TM) 64-Bit Server VM (25.65-b01) for windows-amd64 JRE (1.8.0_65-b17), built on Oct  6 2015 16:39:20 by "java_re" with MS VC++ 10.0 (VS2010)

time: Fri Jun 16 17:18:48 2017
elapsed time: 5459 seconds (0d 1h 30m 59s)

