#
# There is insufficient memory for the Java Runtime Environment to continue.
# Native memory allocation (malloc) failed to allocate 221536 bytes for Chunk::new
# Possible reasons:
#   The system is out of physical RAM or swap space
#   In 32 bit mode, the process size limit was hit
# Possible solutions:
#   Reduce memory load on the system
#   Increase physical memory or swap space
#   Check if swap backing store is full
#   Use 64 bit Java on a 64 bit OS
#   Decrease Java heap size (-Xmx/-Xms)
#   Decrease number of Java threads
#   Decrease Java thread stack sizes (-Xss)
#   Set larger code cache with -XX:ReservedCodeCacheSize=
# This output file may be truncated or incomplete.
#
#  Out of Memory Error (allocation.cpp:390), pid=4896, tid=3516
#
# JRE version: Java(TM) SE Runtime Environment (8.0_65-b17) (build 1.8.0_65-b17)
# Java VM: Java HotSpot(TM) 64-Bit Server VM (25.65-b01 mixed mode windows-amd64 compressed oops)
# Failed to write core dump. Minidumps are not enabled by default on client versions of Windows
#

---------------  T H R E A D  ---------------

Current thread (0x00000000550dc000):  JavaThread "C2 CompilerThread1" daemon [_thread_in_native, id=3516, stack(0x0000000056ce0000,0x0000000056de0000)]

Stack: [0x0000000056ce0000,0x0000000056de0000]
[error occurred during error reporting (printing stack bounds), id 0xc0000005]

Native frames: (J=compiled Java code, j=interpreted, Vv=VM code, C=native code)


Current CompileTask:
C2:1192577 12447       4       org.springframework.data.repository.query.QueryMethod::isCollectionQuery (42 bytes)


---------------  P R O C E S S  ---------------

Java Threads: ( => current thread )
  0x000000005a6b9800 JavaThread "http-nio-8080-exec-14" daemon [_thread_blocked, id=4888, stack(0x0000000062100000,0x0000000062200000)]
  0x000000005a6b9000 JavaThread "http-nio-8080-exec-13" daemon [_thread_blocked, id=4692, stack(0x0000000061cd0000,0x0000000061dd0000)]
  0x000000005b339800 JavaThread "http-nio-8080-exec-12" daemon [_thread_blocked, id=3368, stack(0x000000005ed20000,0x000000005ee20000)]
  0x000000005a6b6800 JavaThread "http-nio-8080-exec-10" daemon [_thread_blocked, id=2300, stack(0x0000000062600000,0x0000000062700000)]
  0x000000005b33b000 JavaThread "http-nio-8080-exec-8" daemon [_thread_blocked, id=4472, stack(0x0000000062500000,0x0000000062600000)]
  0x000000005b33a800 JavaThread "http-nio-8080-exec-7" daemon [_thread_blocked, id=4400, stack(0x0000000061f50000,0x0000000062050000)]
  0x000000005b339000 JavaThread "http-nio-8080-exec-5" daemon [_thread_blocked, id=4804, stack(0x0000000062390000,0x0000000062490000)]
  0x000000005b336800 JavaThread "http-nio-8080-exec-4" daemon [_thread_blocked, id=4644, stack(0x0000000058ae0000,0x0000000058be0000)]
  0x0000000059d70800 JavaThread "http-nio-8080-exec-2" daemon [_thread_blocked, id=1372, stack(0x0000000056ff0000,0x00000000570f0000)]
  0x0000000059d6a800 JavaThread "http-nio-8080-exec-1" daemon [_thread_blocked, id=4856, stack(0x000000005f7f0000,0x000000005f8f0000)]
  0x000000005b335000 JavaThread "http-nio-8080-AsyncTimeout" daemon [_thread_blocked, id=2644, stack(0x0000000061e30000,0x0000000061f30000)]
  0x000000005b334800 JavaThread "http-nio-8080-Acceptor-0" daemon [_thread_in_native, id=4220, stack(0x0000000061a60000,0x0000000061b60000)]
  0x000000005b336000 JavaThread "http-nio-8080-ClientPoller-1" daemon [_thread_in_native, id=4468, stack(0x0000000061b60000,0x0000000061c60000)]
  0x000000005b338000 JavaThread "http-nio-8080-ClientPoller-0" daemon [_thread_in_native, id=5052, stack(0x000000005fe70000,0x000000005ff70000)]
  0x000000005b337800 JavaThread "NioBlockingSelector.BlockPoller-2" daemon [_thread_in_native, id=4476, stack(0x00000000591e0000,0x00000000592e0000)]
  0x0000000059d6c000 JavaThread "File Watcher" daemon [_thread_blocked, id=4532, stack(0x0000000060380000,0x0000000060480000)]
  0x0000000059d72000 JavaThread "Tomcat JDBC Pool Cleaner[1309552426:1493900290230]" daemon [_thread_blocked, id=4216, stack(0x0000000061890000,0x0000000061990000)]
  0x0000000059d6f000 JavaThread "container-0" [_thread_blocked, id=1136, stack(0x00000000614f0000,0x00000000615f0000)]
  0x0000000059d73800 JavaThread "ContainerBackgroundProcessor[StandardEngine[Tomcat].StandardHost[localhost].StandardContext[]]" daemon [_thread_blocked, id=2712, stack(0x0000000060230000,0x0000000060330000)]
  0x0000000059d6e000 JavaThread "DestroyJavaVM" [_thread_blocked, id=5056, stack(0x0000000002390000,0x0000000002490000)]
  0x0000000059d69800 JavaThread "Live Reload Server" daemon [_thread_in_native, id=2316, stack(0x000000005f920000,0x000000005fa20000)]
  0x000000005ca31000 JavaThread "Abandoned connection cleanup thread" daemon [_thread_blocked, id=3224, stack(0x000000005ee60000,0x000000005ef60000)]
  0x00000000565ca000 JavaThread "Service Thread" daemon [_thread_blocked, id=5040, stack(0x0000000056ef0000,0x0000000056ff0000)]
  0x00000000550dd000 JavaThread "C1 CompilerThread2" daemon [_thread_blocked, id=1536, stack(0x0000000056de0000,0x0000000056ee0000)]
=>0x00000000550dc000 JavaThread "C2 CompilerThread1" daemon [_thread_in_native, id=3516, stack(0x0000000056ce0000,0x0000000056de0000)]
  0x0000000056558800 JavaThread "C2 CompilerThread0" daemon [_thread_in_native, id=2184, stack(0x0000000056b70000,0x0000000056c70000)]
  0x0000000056557000 JavaThread "Attach Listener" daemon [_thread_blocked, id=2548, stack(0x00000000569c0000,0x0000000056ac0000)]
  0x0000000056554800 JavaThread "Signal Dispatcher" daemon [_thread_blocked, id=2720, stack(0x00000000562c0000,0x00000000563c0000)]
  0x000000005507e000 JavaThread "Finalizer" daemon [_thread_blocked, id=1424, stack(0x0000000056450000,0x0000000056550000)]
  0x0000000055077800 JavaThread "Reference Handler" daemon [_thread_blocked, id=4564, stack(0x0000000056190000,0x0000000056290000)]

Other Threads:
  0x000000005506d800 VMThread [stack: 0x0000000056090000,0x0000000056190000] [id=4292]
  0x00000000565df800 WatcherThread [stack: 0x00000000571b0000,0x00000000572b0000] [id=1616]

VM state:at safepoint (normal execution)

VM Mutex/Monitor currently owned by a thread:  ([mutex/lock_event])
[0x00000000020b8900] Threads_lock - owner thread: 0x000000005506d800
[0x00000000020b8e00] Heap_lock - owner thread: 0x000000005b33b000

Heap:
 PSYoungGen      total 329728K, used 320704K [0x00000000eb200000, 0x00000000ffe80000, 0x0000000100000000)
  eden space 320512K, 100% used [0x00000000eb200000,0x00000000feb00000,0x00000000feb00000)
  from space 9216K, 2% used [0x00000000feb00000,0x00000000feb30000,0x00000000ff400000)
  to   space 8704K, 1% used [0x00000000ff600000,0x00000000ff620000,0x00000000ffe80000)
 ParOldGen       total 91136K, used 42454K [0x00000000c1600000, 0x00000000c6f00000, 0x00000000eb200000)
  object space 91136K, 46% used [0x00000000c1600000,0x00000000c3f75b48,0x00000000c6f00000)
 Metaspace       used 59705K, capacity 60928K, committed 61016K, reserved 1103872K
  class space    used 6990K, capacity 7229K, committed 7296K, reserved 1048576K

Card table byte_map: [0x0000000011b20000,0x0000000011d20000] byte_map_base: 0x0000000011515000

Marking Bits: (ParMarkBitMap*) 0x000000006343a5b0
 Begin Bits: [0x0000000012590000, 0x0000000013538000)
 End Bits:   [0x0000000013538000, 0x00000000144e0000)

Polling page: 0x00000000001d0000

CodeCache: size=245760Kb used=35283Kb max_used=35405Kb free=210476Kb
 bounds [0x0000000002760000, 0x0000000004b40000, 0x0000000011760000]
 total_blobs=10312 nmethods=9764 adapters=459
 compilation: enabled

Compilation events (10 events):
Event: 1188.538 Thread 0x0000000056558800 12442   !   4       org.apache.tomcat.jdbc.pool.FairBlockingQueue::offer (90 bytes)
Event: 1188.556 Thread 0x0000000056558800 nmethod 12442 0x000000000404fed0 code [0x00000000040500a0, 0x0000000004050740]
Event: 1189.690 Thread 0x00000000550dc000 12443   !   4       org.springframework.core.annotation.AnnotationUtils::getValue (45 bytes)
Event: 1189.888 Thread 0x00000000550dc000 nmethod 12443 0x0000000004029e10 code [0x000000000402a160, 0x000000000402c6e0]
Event: 1190.019 Thread 0x0000000056558800 12444       4       org.springframework.data.jpa.repository.query.JpaQueryExecution$SingleEntityExecution::doExecute (11 bytes)
Event: 1190.102 Thread 0x0000000056558800 nmethod 12444 0x0000000003af9190 code [0x0000000003af9500, 0x0000000003afaa58]
Event: 1190.141 Thread 0x00000000550dc000 12445       4       org.springframework.data.jpa.repository.query.AbstractJpaQuery::doExecute (48 bytes)
Event: 1190.259 Thread 0x00000000550dc000 nmethod 12445 0x0000000004223dd0 code [0x0000000004224140, 0x0000000004225e78]
Event: 1190.484 Thread 0x0000000056558800 12446       4       org.springframework.data.jpa.repository.query.AbstractJpaQuery::getExecution (163 bytes)
Event: 1190.505 Thread 0x00000000550dc000 12447       4       org.springframework.data.repository.query.QueryMethod::isCollectionQuery (42 bytes)

GC Heap History (10 events):
Event: 1169.704 GC heap before
{Heap before GC invocations=35 (full 4):
 PSYoungGen      total 327680K, used 315872K [0x00000000eb200000, 0x00000000ffe00000, 0x0000000100000000)
  eden space 315392K, 100% used [0x00000000eb200000,0x00000000fe600000,0x00000000fe600000)
  from space 12288K, 3% used [0x00000000ff180000,0x00000000ff1f8000,0x00000000ffd80000)
  to   space 11776K, 0% used [0x00000000fe600000,0x00000000fe600000,0x00000000ff180000)
 ParOldGen       total 91136K, used 42222K [0x00000000c1600000, 0x00000000c6f00000, 0x00000000eb200000)
  object space 91136K, 46% used [0x00000000c1600000,0x00000000c3f3bb48,0x00000000c6f00000)
 Metaspace       used 59695K, capacity 60922K, committed 61016K, reserved 1103872K
  class space    used 6989K, capacity 7228K, committed 7296K, reserved 1048576K
Event: 1169.723 GC heap after
Heap after GC invocations=35 (full 4):
 PSYoungGen      total 327168K, used 320K [0x00000000eb200000, 0x00000000ffe80000, 0x0000000100000000)
  eden space 315392K, 0% used [0x00000000eb200000,0x00000000eb200000,0x00000000fe600000)
  from space 11776K, 2% used [0x00000000fe600000,0x00000000fe650000,0x00000000ff180000)
  to   space 11264K, 0% used [0x00000000ff380000,0x00000000ff380000,0x00000000ffe80000)
 ParOldGen       total 91136K, used 42294K [0x00000000c1600000, 0x00000000c6f00000, 0x00000000eb200000)
  object space 91136K, 46% used [0x00000000c1600000,0x00000000c3f4db48,0x00000000c6f00000)
 Metaspace       used 59695K, capacity 60922K, committed 61016K, reserved 1103872K
  class space    used 6989K, capacity 7228K, committed 7296K, reserved 1048576K
}
Event: 1174.081 GC heap before
{Heap before GC invocations=36 (full 4):
 PSYoungGen      total 327168K, used 315712K [0x00000000eb200000, 0x00000000ffe80000, 0x0000000100000000)
  eden space 315392K, 100% used [0x00000000eb200000,0x00000000fe600000,0x00000000fe600000)
  from space 11776K, 2% used [0x00000000fe600000,0x00000000fe650000,0x00000000ff180000)
  to   space 11264K, 0% used [0x00000000ff380000,0x00000000ff380000,0x00000000ffe80000)
 ParOldGen       total 91136K, used 42294K [0x00000000c1600000, 0x00000000c6f00000, 0x00000000eb200000)
  object space 91136K, 46% used [0x00000000c1600000,0x00000000c3f4db48,0x00000000c6f00000)
 Metaspace       used 59696K, capacity 60922K, committed 61016K, reserved 1103872K
  class space    used 6989K, capacity 7228K, committed 7296K, reserved 1048576K
Event: 1174.111 GC heap after
Heap after GC invocations=36 (full 4):
 PSYoungGen      total 329728K, used 352K [0x00000000eb200000, 0x00000000ffe80000, 0x0000000100000000)
  eden space 318464K, 0% used [0x00000000eb200000,0x00000000eb200000,0x00000000fe900000)
  from space 11264K, 3% used [0x00000000ff380000,0x00000000ff3d8000,0x00000000ffe80000)
  to   space 10752K, 0% used [0x00000000fe900000,0x00000000fe900000,0x00000000ff380000)
 ParOldGen       total 91136K, used 42326K [0x00000000c1600000, 0x00000000c6f00000, 0x00000000eb200000)
  object space 91136K, 46% used [0x00000000c1600000,0x00000000c3f55b48,0x00000000c6f00000)
 Metaspace       used 59696K, capacity 60922K, committed 61016K, reserved 1103872K
  class space    used 6989K, capacity 7228K, committed 7296K, reserved 1048576K
}
Event: 1178.849 GC heap before
{Heap before GC invocations=37 (full 4):
 PSYoungGen      total 329728K, used 318816K [0x00000000eb200000, 0x00000000ffe80000, 0x0000000100000000)
  eden space 318464K, 100% used [0x00000000eb200000,0x00000000fe900000,0x00000000fe900000)
  from space 11264K, 3% used [0x00000000ff380000,0x00000000ff3d8000,0x00000000ffe80000)
  to   space 10752K, 0% used [0x00000000fe900000,0x00000000fe900000,0x00000000ff380000)
 ParOldGen       total 91136K, used 42326K [0x00000000c1600000, 0x00000000c6f00000, 0x00000000eb200000)
  object space 91136K, 46% used [0x00000000c1600000,0x00000000c3f55b48,0x00000000c6f00000)
 Metaspace       used 59698K, capacity 60922K, committed 61016K, reserved 1103872K
  class space    used 6989K, capacity 7228K, committed 7296K, reserved 1048576K
Event: 1178.853 GC heap after
Heap after GC invocations=37 (full 4):
 PSYoungGen      total 329216K, used 384K [0x00000000eb200000, 0x00000000ffd80000, 0x0000000100000000)
  eden space 318464K, 0% used [0x00000000eb200000,0x00000000eb200000,0x00000000fe900000)
  from space 10752K, 3% used [0x00000000fe900000,0x00000000fe960000,0x00000000ff380000)
  to   space 9728K, 0% used [0x00000000ff400000,0x00000000ff400000,0x00000000ffd80000)
 ParOldGen       total 91136K, used 42374K [0x00000000c1600000, 0x00000000c6f00000, 0x00000000eb200000)
  object space 91136K, 46% used [0x00000000c1600000,0x00000000c3f61b48,0x00000000c6f00000)
 Metaspace       used 59698K, capacity 60922K, committed 61016K, reserved 1103872K
  class space    used 6989K, capacity 7228K, committed 7296K, reserved 1048576K
}
Event: 1184.543 GC heap before
{Heap before GC invocations=38 (full 4):
 PSYoungGen      total 329216K, used 318848K [0x00000000eb200000, 0x00000000ffd80000, 0x0000000100000000)
  eden space 318464K, 100% used [0x00000000eb200000,0x00000000fe900000,0x00000000fe900000)
  from space 10752K, 3% used [0x00000000fe900000,0x00000000fe960000,0x00000000ff380000)
  to   space 9728K, 0% used [0x00000000ff400000,0x00000000ff400000,0x00000000ffd80000)
 ParOldGen       total 91136K, used 42374K [0x00000000c1600000, 0x00000000c6f00000, 0x00000000eb200000)
  object space 91136K, 46% used [0x00000000c1600000,0x00000000c3f61b48,0x00000000c6f00000)
 Metaspace       used 59702K, capacity 60922K, committed 61016K, reserved 1103872K
  class space    used 6989K, capacity 7228K, committed 7296K, reserved 1048576K
Event: 1184.602 GC heap after
Heap after GC invocations=38 (full 4):
 PSYoungGen      total 330240K, used 320K [0x00000000eb200000, 0x00000000ffe00000, 0x0000000100000000)
  eden space 320512K, 0% used [0x00000000eb200000,0x00000000eb200000,0x00000000feb00000)
  from space 9728K, 3% used [0x00000000ff400000,0x00000000ff450000,0x00000000ffd80000)
  to   space 9216K, 0% used [0x00000000feb00000,0x00000000feb00000,0x00000000ff400000)
 ParOldGen       total 91136K, used 42390K [0x00000000c1600000, 0x00000000c6f00000, 0x00000000eb200000)
  object space 91136K, 46% used [0x00000000c1600000,0x00000000c3f65b48,0x00000000c6f00000)
 Metaspace       used 59702K, capacity 60922K, committed 61016K, reserved 1103872K
  class space    used 6989K, capacity 7228K, committed 7296K, reserved 1048576K
}
Event: 1190.237 GC heap before
{Heap before GC invocations=39 (full 4):
 PSYoungGen      total 330240K, used 320832K [0x00000000eb200000, 0x00000000ffe00000, 0x0000000100000000)
  eden space 320512K, 100% used [0x00000000eb200000,0x00000000feb00000,0x00000000feb00000)
  from space 9728K, 3% used [0x00000000ff400000,0x00000000ff450000,0x00000000ffd80000)
  to   space 9216K, 0% used [0x00000000feb00000,0x00000000feb00000,0x00000000ff400000)
 ParOldGen       total 91136K, used 42390K [0x00000000c1600000, 0x00000000c6f00000, 0x00000000eb200000)
  object space 91136K, 46% used [0x00000000c1600000,0x00000000c3f65b48,0x00000000c6f00000)
 Metaspace       used 59705K, capacity 60928K, committed 61016K, reserved 1103872K
  class space    used 6990K, capacity 7229K, committed 7296K, reserved 1048576K
Event: 1190.254 GC heap after
Heap after GC invocations=39 (full 4):
 PSYoungGen      total 329728K, used 192K [0x00000000eb200000, 0x00000000ffe80000, 0x0000000100000000)
  eden space 320512K, 0% used [0x00000000eb200000,0x00000000eb200000,0x00000000feb00000)
  from space 9216K, 2% used [0x00000000feb00000,0x00000000feb30000,0x00000000ff400000)
  to   space 8704K, 0% used [0x00000000ff600000,0x00000000ff600000,0x00000000ffe80000)
 ParOldGen       total 91136K, used 42446K [0x00000000c1600000, 0x00000000c6f00000, 0x00000000eb200000)
  object space 91136K, 46% used [0x00000000c1600000,0x00000000c3f73b48,0x00000000c6f00000)
 Metaspace       used 59705K, capacity 60928K, committed 61016K, reserved 1103872K
  class space    used 6990K, capacity 7229K, committed 7296K, reserved 1048576K
}

Deoptimization events (10 events):
Event: 1185.992 Thread 0x0000000059d70800 Uncommon trap: reason=class_check action=maybe_recompile pc=0x00000000040275dc method=org.springframework.orm.jpa.SharedEntityManagerCreator$SharedEntityManagerInvocationHandler.invoke(Ljava/lang/Object;Ljava/lang/reflect/Method;[Ljava/lang/Object;)Ljava/lÉM>ø‡’@
Event: 1185.992 Thread 0x0000000059d70800 Uncommon trap: reason=speculate_class_check action=maybe_recompile pc=0x0000000003b6c564 method=org.hibernate.loader.Loader.prepareQueryStatement(Ljava/lang/String;Lorg/hibernate/engine/spi/QueryParameters;Lorg/hibernate/dialect/pagination/LimitHandler;ZLo
Event: 1185.993 Thread 0x000000005b339000 Uncommon trap: reason=class_check action=maybe_recompile pc=0x000000000419a160 method=org.hibernate.loader.Loader.initializeEntitiesAndCollections(Ljava/util/List;Ljava/lang/Object;Lorg/hibernate/engine/spi/SessionImplementor;ZLjava/util/List;)V @ 1
Event: 1185.994 Thread 0x000000005b339000 Uncommon trap: reason=class_check action=maybe_recompile pc=0x000000000496fe18 method=org.springframework.transaction.support.TransactionSynchronizationUtils.triggerBeforeCommit(Z)V @ 3
Event: 1185.994 Thread 0x000000005b339000 Uncommon trap: reason=class_check action=maybe_recompile pc=0x00000000049f5f64 method=org.springframework.util.TypeUtils.isAssignable(Ljava/lang/reflect/Type;Ljava/lang/reflect/Type;)Z @ 14
Event: 1185.995 Thread 0x000000005b339000 Uncommon trap: reason=array_check action=maybe_recompile pc=0x0000000003b72f74 method=org.hibernate.engine.internal.EntityEntryContext.reentrantSafeEntityEntries()[Ljava/util/Map$Entry; @ 57
Event: 1185.995 Thread 0x0000000059d70800 Uncommon trap: reason=class_check action=maybe_recompile pc=0x000000000419a160 method=org.hibernate.loader.Loader.initializeEntitiesAndCollections(Ljava/util/List;Ljava/lang/Object;Lorg/hibernate/engine/spi/SessionImplementor;ZLjava/util/List;)V @ 1
Event: 1185.998 Thread 0x0000000059d70800 Uncommon trap: reason=class_check action=maybe_recompile pc=0x00000000049f5f64 method=org.springframework.util.TypeUtils.isAssignable(Ljava/lang/reflect/Type;Ljava/lang/reflect/Type;)Z @ 14
Event: 1185.999 Thread 0x0000000059d70800 Uncommon trap: reason=unstable_if action=reinterpret pc=0x0000000003eae3b4 method=org.apache.tomcat.util.buf.ByteChunk.makeSpace(I)V @ 23
Event: 1185.999 Thread 0x0000000059d70800 Uncommon trap: reason=array_check action=maybe_recompile pc=0x0000000003b72f74 method=org.hibernate.engine.internal.EntityEntryContext.reentrantSafeEntityEntries()[Ljava/util/Map$Entry; @ 57

Internal exceptions (10 events):
Event: 74.813 Thread 0x0000000059d6c800 Exception <a 'java/lang/ClassNotFoundException': com/mac/care_point/service/zmaster/vehicle/SVVehicleServiceCustomizer> (0x00000000f63d3730) thrown at [C:\workspace\8-2-build-windows-amd64-cygwin\jdk8u65\4987\hotspot\src\share\vm\classfile\systemDictionary—
òØïµR@
Event: 74.843 Thread 0x0000000059d6c800 Exception <a 'java/lang/ClassNotFoundException': java/lang/ObjectCustomizer> (0x00000000f658af70) thrown at [C:\workspace\8-2-build-windows-amd64-cygwin\jdk8u65\4987\hotspot\src\share\vm\classfile\systemDictionary.cpp, line 210]
Event: 74.843 Thread 0x0000000059d6c800 Exception <a 'java/lang/ClassNotFoundException': com/mac/care_point/service/zmaster/vehicle_type/SVVehicleTypeControllerCustomizer> (0x00000000f65a8f80) thrown at [C:\workspace\8-2-build-windows-amd64-cygwin\jdk8u65\4987\hotspot\src\share\vm\classfile\systPÃ,ó!¶R@
Event: 74.846 Thread 0x0000000059d6c800 Exception <a 'java/lang/ClassNotFoundException': java/lang/ObjectCustomizer> (0x00000000f65be8f8) thrown at [C:\workspace\8-2-build-windows-amd64-cygwin\jdk8u65\4987\hotspot\src\share\vm\classfile\systemDictionary.cpp, line 210]
Event: 74.847 Thread 0x0000000059d6c800 Exception <a 'java/lang/ClassNotFoundException': com/mac/care_point/service/zmaster/vehicle_type/SVVehicleTypeServiceCustomizer> (0x00000000f65dbe58) thrown at [C:\workspace\8-2-build-windows-amd64-cygwin\jdk8u65\4987\hotspot\src\share\vm\classfile\systemDò6s·R@
Event: 74.866 Thread 0x0000000059d6c800 Exception <a 'java/lang/ClassNotFoundException': java/lang/ObjectCustomizer> (0x00000000f6742108) thrown at [C:\workspace\8-2-build-windows-amd64-cygwin\jdk8u65\4987\hotspot\src\share\vm\classfile\systemDictionary.cpp, line 210]
Event: 74.867 Thread 0x0000000059d6c800 Exception <a 'java/lang/ClassNotFoundException': com/mac/care_point/system/exception/handler/SystemExceptionHandlerCustomizer> (0x00000000f675f120) thrown at [C:\workspace\8-2-build-windows-amd64-cygwin\jdk8u65\4987\hotspot\src\share\vm\classfile\systemDic
Event: 1081.021 Thread 0x000000005b339000 Implicit null exception at 0x0000000003dd75b8 to 0x0000000003dd8d61
Event: 1106.539 Thread 0x000000005b336800 Implicit null exception at 0x00000000041b352b to 0x00000000041b3c29
Event: 1166.774 Thread 0x000000005a6b9800 Implicit null exception at 0x00000000036fd7ff to 0x00000000036fdbb1

Events (10 events):
Event: 1185.999 Thread 0x0000000059d70800 DEOPT PACKING pc=0x0000000003b72f74 sp=0x00000000570edc90
Event: 1185.999 Thread 0x0000000059d70800 DEOPT UNPACKING pc=0x00000000027a582a sp=0x00000000570edbf0 mode 2
Event: 1187.794 Thread 0x00000000550dc000 flushing nmethod 0x00000000029aa310
Event: 1188.556 Thread 0x0000000056558800 flushing nmethod 0x00000000029d7a50
Event: 1188.556 Thread 0x0000000056558800 flushing nmethod 0x0000000002a649d0
Event: 1189.889 Thread 0x00000000550dc000 flushing nmethod 0x0000000002ba49d0
Event: 1189.889 Thread 0x00000000550dc000 flushing nmethod 0x0000000002c95010
Event: 1190.102 Thread 0x0000000056558800 flushing nmethod 0x0000000002d54650
Event: 1190.234 Executing VM operation: ParallelGCFailedAllocation
Event: 1190.254 Executing VM operation: ParallelGCFailedAllocation done


Dynamic libraries:
0x000000013fe80000 - 0x000000013feb7000 	C:\Program Files\Java\jdk1.8.0_65\bin\java.exe
0x0000000077280000 - 0x0000000077429000 	C:\Windows\SYSTEM32\ntdll.dll
0x0000000077160000 - 0x000000007727f000 	C:\Windows\system32\kernel32.dll
0x000007fefd510000 - 0x000007fefd57b000 	C:\Windows\system32\KERNELBASE.dll
0x000007feff410000 - 0x000007feff4eb000 	C:\Windows\system32\ADVAPI32.dll
0x000007fefe8b0000 - 0x000007fefe94f000 	C:\Windows\system32\msvcrt.dll
0x000007feff570000 - 0x000007feff58f000 	C:\Windows\SYSTEM32\sechost.dll
0x000007fefe620000 - 0x000007fefe74d000 	C:\Windows\system32\RPCRT4.dll
0x0000000077060000 - 0x000000007715a000 	C:\Windows\system32\USER32.dll
0x000007fefecb0000 - 0x000007fefed17000 	C:\Windows\system32\GDI32.dll
0x000007fefec50000 - 0x000007fefec5e000 	C:\Windows\system32\LPK.dll
0x000007feff1c0000 - 0x000007feff289000 	C:\Windows\system32\USP10.dll
0x000007fefbc70000 - 0x000007fefbe64000 	C:\Windows\WinSxS\amd64_microsoft.windows.common-controls_6595b64144ccf1df_6.0.7601.17514_none_fa396087175ac9ac\COMCTL32.dll
0x000007fefe830000 - 0x000007fefe8a1000 	C:\Windows\system32\SHLWAPI.dll
0x000007fefe9f0000 - 0x000007fefea1e000 	C:\Windows\system32\IMM32.DLL
0x000007fefe510000 - 0x000007fefe619000 	C:\Windows\system32\MSCTF.dll
0x0000000063c70000 - 0x0000000063d42000 	C:\Program Files\Java\jdk1.8.0_65\jre\bin\msvcr100.dll
0x0000000062c30000 - 0x00000000634b9000 	C:\Program Files\Java\jdk1.8.0_65\jre\bin\server\jvm.dll
0x000007fef3520000 - 0x000007fef3529000 	C:\Windows\system32\WSOCK32.dll
0x000007fefec60000 - 0x000007fefecad000 	C:\Windows\system32\WS2_32.dll
0x000007fefeef0000 - 0x000007fefeef8000 	C:\Windows\system32\NSI.dll
0x000007fefb3a0000 - 0x000007fefb3db000 	C:\Windows\system32\WINMM.dll
0x000007fefc330000 - 0x000007fefc33c000 	C:\Windows\system32\VERSION.dll
0x0000000077440000 - 0x0000000077447000 	C:\Windows\system32\PSAPI.DLL
0x0000000063c20000 - 0x0000000063c2f000 	C:\Program Files\Java\jdk1.8.0_65\jre\bin\verify.dll
0x0000000063bf0000 - 0x0000000063c19000 	C:\Program Files\Java\jdk1.8.0_65\jre\bin\java.dll
0x0000000063bd0000 - 0x0000000063be6000 	C:\Program Files\Java\jdk1.8.0_65\jre\bin\zip.dll
0x000007fefd5a0000 - 0x000007fefe328000 	C:\Windows\system32\SHELL32.dll
0x000007fefea20000 - 0x000007fefec23000 	C:\Windows\system32\ole32.dll
0x000007fefd1d0000 - 0x000007fefd1df000 	C:\Windows\system32\profapi.dll
0x0000000063940000 - 0x000000006394d000 	C:\Program Files\Java\jdk1.8.0_65\jre\bin\management.dll
0x0000000063bb0000 - 0x0000000063bca000 	C:\Program Files\Java\jdk1.8.0_65\jre\bin\net.dll
0x000007fefca00000 - 0x000007fefca55000 	C:\Windows\system32\mswsock.dll
0x000007fefc9f0000 - 0x000007fefc9f7000 	C:\Windows\System32\wship6.dll
0x000007fefb340000 - 0x000007fefb355000 	C:\Windows\system32\NLAapi.dll
0x000007fefa6e0000 - 0x000007fefa6f5000 	C:\Windows\system32\napinsp.dll
0x000007fef2780000 - 0x000007fef2799000 	C:\Windows\system32\pnrpnsp.dll
0x000007fefc880000 - 0x000007fefc8db000 	C:\Windows\system32\DNSAPI.dll
0x000007fef8ac0000 - 0x000007fef8acb000 	C:\Windows\System32\winrnr.dll
0x000007fef4190000 - 0x000007fef41a0000 	C:\Windows\system32\wshbth.dll
0x000007fefc400000 - 0x000007fefc407000 	C:\Windows\System32\wshtcpip.dll
0x000007fefa9d0000 - 0x000007fefa9f7000 	C:\Windows\system32\IPHLPAPI.DLL
0x000007fefa9c0000 - 0x000007fefa9cb000 	C:\Windows\system32\WINNSI.DLL
0x000007fef8a20000 - 0x000007fef8a28000 	C:\Windows\system32\rasadhlp.dll
0x000007fefa350000 - 0x000007fefa3a3000 	C:\Windows\System32\fwpuclnt.dll
0x0000000063b90000 - 0x0000000063ba1000 	C:\Program Files\Java\jdk1.8.0_65\jre\bin\nio.dll
0x000007fefca60000 - 0x000007fefca77000 	C:\Windows\system32\CRYPTSP.dll
0x000007fefc760000 - 0x000007fefc7a7000 	C:\Windows\system32\rsaenh.dll
0x000007fefc520000 - 0x000007fefc53e000 	C:\Windows\system32\USERENV.dll
0x000007fefd100000 - 0x000007fefd10f000 	C:\Windows\system32\CRYPTBASE.dll
0x000007fefa320000 - 0x000007fefa338000 	C:\Windows\system32\dhcpcsvc.DLL
0x000007fefa300000 - 0x000007fefa311000 	C:\Windows\system32\dhcpcsvc6.DLL

VM Arguments:
java_command: com.mac.care_point.Application
java_class_path (initial): J:\Supervis\auto-care\AUTO_CARE\target\classes;C:\Users\kavish manjitha\.m2\repository\org\springframework\boot\spring-boot-starter-web\1.4.0.RELEASE\spring-boot-starter-web-1.4.0.RELEASE.jar;C:\Users\kavish manjitha\.m2\repository\org\springframework\boot\spring-boot-starter\1.4.0.RELEASE\spring-boot-starter-1.4.0.RELEASE.jar;C:\Users\kavish manjitha\.m2\repository\org\springframework\boot\spring-boot-starter-logging\1.4.0.RELEASE\spring-boot-starter-logging-1.4.0.RELEASE.jar;C:\Users\kavish manjitha\.m2\repository\ch\qos\logback\logback-classic\1.1.7\logback-classic-1.1.7.jar;C:\Users\kavish manjitha\.m2\repository\ch\qos\logback\logback-core\1.1.7\logback-core-1.1.7.jar;C:\Users\kavish manjitha\.m2\repository\org\slf4j\jul-to-slf4j\1.7.21\jul-to-slf4j-1.7.21.jar;C:\Users\kavish manjitha\.m2\repository\org\slf4j\log4j-over-slf4j\1.7.21\log4j-over-slf4j-1.7.21.jar;C:\Users\kavish manjitha\.m2\repository\org\springframework\spring-core\4.3.2.RELEASE\spring-core-4.3.2.RELEASE.jar;C:\Users\kavish manjitha\.m2\repository\org\yaml\snakeyaml\1.17\snakeyaml-1.17.jar;C:\Users\kavish manjitha\.m2\repository\org\springframework\boot\spring-boot-starter-tomcat\1.4.0.RELEASE\spring-boot-starter-tomcat-1.4.0.RELEASE.jar;C:\Users\kavish manjitha\.m2\repository\org\apache\tomcat\embed\tomcat-embed-core\8.5.4\tomcat-embed-core-8.5.4.jar;C:\Users\kavish manjitha\.m2\repository\org\apache\tomcat\embed\tomcat-embed-el\8.5.4\tomcat-embed-el-8.5.4.jar;C:\Users\kavish manjitha\.m2\repository\org\apache\tomcat\embed\tomcat-embed-websocket\8.5.4\tomcat-embed-websocket-8.5.4.jar;C:\Users\kavish manjitha\.m2\repository\org\hibernate\hibernate-validator\5.2.4.Final\hibernate-validator-5.2.4.Final.jar;C:\Users\kavish manjitha\.m2\repository\javax\validation\validation-api\1.1.0.Final\validation-api-1.1.0.Final.jar;C:\Users\kavish manjitha\.m2\repository\org\jboss\logging\jboss-logging\3.3.0.Final\jboss-logging-3.3.0.Final.jar;C:\Users\kavish manjitha\.m2\repositor
Launcher Type: SUN_STANDARD

Environment Variables:
JAVA_HOME=C:\Program Files\Java\jdk1.8.0_65
PATH=C:\ProgramData\Oracle\Java\javapath;C:\Windows\system32;C:\Windows;C:\Windows\System32\Wbem;C:\Windows\System32\WindowsPowerShell\v1.0\;C:\Program Files\Java\jdk1.8.0_65\bin;C:\Program Files (x86)\MySQL\MySQL Server 5.5\bin;C:\Program Files\nodejs\;C:\Program Files\Git\cmd;C:\Users\kavish manjitha\AppData\Roaming\npm
USERNAME=kavish manjitha
OS=Windows_NT
PROCESSOR_IDENTIFIER=Intel64 Family 6 Model 61 Stepping 4, GenuineIntel



---------------  S Y S T E M  ---------------

OS: Windows 7 , 64 bit Build 7601 (6.1.7601.17514)

CPU:total 4 (2 cores per cpu, 2 threads per core) family 6 model 61 stepping 4, cmov, cx8, fxsr, mmx, sse, sse2, sse3, ssse3, sse4.1, sse4.2, popcnt, avx, avx2, aes, clmul, erms, 3dnowpref, lzcnt, ht, tsc, tscinvbit, bmi1, bmi2, adx

Memory: 4k page, physical 4103584k(566192k free), swap 16412492k(4080k free)

vm_info: Java HotSpot(TM) 64-Bit Server VM (25.65-b01) for windows-amd64 JRE (1.8.0_65-b17), built on Oct  6 2015 16:39:20 by "java_re" with MS VC++ 10.0 (VS2010)

time: Thu May 04 18:06:50 2017
elapsed time: 1192 seconds (0d 0h 19m 52s)

