#
# A fatal error has been detected by the Java Runtime Environment:
#
#  EXCEPTION_ACCESS_VIOLATION (0xc0000005) at pc=0x000000000295b9a6, pid=4556, tid=5416
#
# JRE version: Java(TM) SE Runtime Environment (8.0_65-b17) (build 1.8.0_65-b17)
# Java VM: Java HotSpot(TM) 64-Bit Server VM (25.65-b01 mixed mode windows-amd64 compressed oops)
# Problematic frame:
# J 9362 C2 java.util.AbstractCollection.containsAll(Ljava/util/Collection;)Z (38 bytes) @ 0x000000000295b9a6 [0x000000000295b640+0x366]
#
# Failed to write core dump. Minidumps are not enabled by default on client versions of Windows
#
# If you would like to submit a bug report, please visit:
#   http://bugreport.java.com/bugreport/crash.jsp
#

---------------  T H R E A D  ---------------

Current thread (0x0000000056343000):  JavaThread "File Watcher" daemon [_thread_in_Java, id=5416, stack(0x0000000064690000,0x0000000064790000)]

siginfo: ExceptionCode=0xc0000005, reading address 0x00000000000001d0

Registers:
RAX=0x0000000000700075, RBX=0x0000000000000043, RCX=0x00000000fe739488, RDX=0x00000000fab8fda0
RSP=0x000000006478f460, RBP=0x00000000fe739498, RSI=0x00000000fe73d0f0, RDI=0x0000000000000000
R8 =0x0000000014439190, R9 =0x0000000000700075, R10=0x00000000144602b0, R11=0x0000000000000000
R12=0x0000000000000000, R13=0x00000000fab8f488, R14=0x00000000fe73d108, R15=0x0000000056343000
RIP=0x000000000295b9a6, EFLAGS=0x0000000000010202

Top of Stack: (sp=0x000000006478f460)
0x000000006478f460:   00000000fe739488 00000000fab8fd78
0x000000006478f470:   144602b014484028 fe73d08000000000
0x000000006478f480:   00000000fab8f688 00000000fe739488
0x000000006478f490:   00000000fe73d080 000000000292a4b4
0x000000006478f4a0:   00000000fab8fb10 000000000000002e
0x000000006478f4b0:   00000000fe739488 000000000486385c
0x000000006478f4c0:   00000000c47e3de8 1446abb000000001
0x000000006478f4d0:   00000000fab8fc60 00000000fab8f9b8
0x000000006478f4e0:   0000000000000000 00000000fa431800
0x000000006478f4f0:   fab8fb1070b0d1cf 00000000fab8fb10
0x000000006478f500:   c47e3eb8c47e3eb8 00000000fab8fac0
0x000000006478f510:   00000000c1601408 00000000fe5c0078
0x000000006478f520:   00000000fe739388 00000000031527ac
0x000000006478f530:   00000000c47e3de8 00000000fa431800
0x000000006478f540:   00000000f7de1ad0 000000006478f5d8
0x000000006478f550:   000000006478f598 000000006478f598 

Instructions: (pc=0x000000000295b9a6)
0x000000000295b986:   fd ff ff 41 81 f8 90 91 43 14 0f 85 b7 03 00 00
0x000000000295b996:   4c 8b c8 48 85 c0 0f 84 57 03 00 00 44 8b 58 08
0x000000000295b9a6:   4d 8b 9b d0 01 00 00 49 b8 40 06 41 54 00 00 00
0x000000000295b9b6:   00 4d 3b d8 0f 85 e0 02 00 00 4c 8b 18 4d 8b c3 


Register to memory mapping:

RAX=0x0000000000700075 is an unknown value
RBX=0x0000000000000043 is an unknown value
RCX=0x00000000fe739488 is an oop
java.util.LinkedHashSet 
 - klass: 'java/util/LinkedHashSet'
RDX=0x00000000fab8fda0 is an oop
java.util.LinkedHashMap$LinkedKeyIterator 
 - klass: 'java/util/LinkedHashMap$LinkedKeyIterator'
RSP=0x000000006478f460 is pointing into the stack for thread: 0x0000000056343000
RBP=0x00000000fe739498 is an oop
java.util.LinkedHashMap 
 - klass: 'java/util/LinkedHashMap'
RSI=0x00000000fe73d0f0 is an oop
java.lang.String 
 - klass: 'java/lang/String'
RDI=0x0000000000000000 is an unknown value
R8 =0x0000000014439190 is pointing into metadata
R9 =0x0000000000700075 is an unknown value
R10=0x00000000144602b0 is pointing into metadata
R11=0x0000000000000000 is an unknown value
R12=0x0000000000000000 is an unknown value
R13=0x00000000fab8f488 is an oop
[C 
 - klass: {type array char}
 - length: 67
R14=0x00000000fe73d108 is an oop
[C 
 - klass: {type array char}
 - length: 67
R15=0x0000000056343000 is a thread


Stack: [0x0000000064690000,0x0000000064790000],  sp=0x000000006478f460,  free space=1021k
Native frames: (J=compiled Java code, j=interpreted, Vv=VM code, C=native code)
C  0x000000000295b9a6


---------------  P R O C E S S  ---------------

Java Threads: ( => current thread )
  0x0000000062056000 JavaThread "http-nio-8080-exec-10" daemon [_thread_blocked, id=1636, stack(0x000000006d4a0000,0x000000006d5a0000)]
  0x0000000062055800 JavaThread "http-nio-8080-exec-9" daemon [_thread_blocked, id=6500, stack(0x000000006d380000,0x000000006d480000)]
  0x0000000062054800 JavaThread "http-nio-8080-exec-8" daemon [_thread_blocked, id=1828, stack(0x000000006d260000,0x000000006d360000)]
  0x0000000062054000 JavaThread "http-nio-8080-exec-7" daemon [_thread_blocked, id=5372, stack(0x0000000056130000,0x0000000056230000)]
  0x0000000062053000 JavaThread "http-nio-8080-exec-6" daemon [_thread_blocked, id=5776, stack(0x0000000067060000,0x0000000067160000)]
  0x0000000059c89000 JavaThread "http-nio-8080-exec-5" daemon [_thread_blocked, id=3036, stack(0x0000000067b90000,0x0000000067c90000)]
  0x0000000061d2d000 JavaThread "http-nio-8080-exec-4" daemon [_thread_blocked, id=3540, stack(0x0000000066cd0000,0x0000000066dd0000)]
  0x000000005b918000 JavaThread "http-nio-8080-exec-3" daemon [_thread_blocked, id=7408, stack(0x0000000068760000,0x0000000068860000)]
  0x000000005b91a800 JavaThread "http-nio-8080-exec-2" daemon [_thread_blocked, id=5016, stack(0x0000000058e30000,0x0000000058f30000)]
  0x000000005b91b000 JavaThread "http-nio-8080-exec-1" daemon [_thread_blocked, id=6956, stack(0x0000000065ab0000,0x0000000065bb0000)]
  0x0000000061d28000 JavaThread "http-nio-8080-AsyncTimeout" daemon [_thread_blocked, id=7528, stack(0x000000006d100000,0x000000006d200000)]
  0x0000000061d29000 JavaThread "http-nio-8080-Acceptor-0" daemon [_thread_in_native, id=4280, stack(0x0000000062d80000,0x0000000062e80000)]
  0x0000000059c87800 JavaThread "http-nio-8080-ClientPoller-1" daemon [_thread_in_native, id=3980, stack(0x000000006cf40000,0x000000006d040000)]
  0x0000000059c84000 JavaThread "http-nio-8080-ClientPoller-0" daemon [_thread_in_native, id=2708, stack(0x000000006cd90000,0x000000006ce90000)]
  0x0000000059c86000 JavaThread "NioBlockingSelector.BlockPoller-37" daemon [_thread_in_native, id=3092, stack(0x000000006caa0000,0x000000006cba0000)]
  0x0000000059c8a000 JavaThread "File Watcher" daemon [_thread_blocked, id=7928, stack(0x000000006a150000,0x000000006a250000)]
  0x0000000056340000 JavaThread "Tomcat JDBC Pool Cleaner[1309552426:1494225939115]" daemon [_thread_blocked, id=6284, stack(0x000000005c520000,0x000000005c620000)]
  0x000000005b91c000 JavaThread "container-0" [_thread_blocked, id=4532, stack(0x000000006b610000,0x000000006b710000)]
  0x000000005b91c800 JavaThread "ContainerBackgroundProcessor[StandardEngine[Tomcat].StandardHost[localhost].StandardContext[]]" daemon [_thread_blocked, id=1372, stack(0x0000000069c40000,0x0000000069d40000)]
  0x0000000056346000 JavaThread "File Watcher" daemon [_thread_blocked, id=5516, stack(0x0000000066490000,0x0000000066590000)]
  0x000000005633e800 JavaThread "File Watcher" daemon [_thread_blocked, id=6680, stack(0x00000000661b0000,0x00000000662b0000)]
=>0x0000000056343000 JavaThread "File Watcher" daemon [_thread_in_Java, id=5416, stack(0x0000000064690000,0x0000000064790000)]
  0x0000000061d2f000 JavaThread "File Watcher" daemon [_thread_blocked, id=2404, stack(0x0000000066350000,0x0000000066450000)]
  0x0000000061d2b800 JavaThread "File Watcher" daemon [_thread_blocked, id=4068, stack(0x0000000065990000,0x0000000065a90000)]
  0x0000000061d2d800 JavaThread "File Watcher" daemon [_thread_blocked, id=5756, stack(0x00000000657f0000,0x00000000658f0000)]
  0x0000000061d2c000 JavaThread "File Watcher" daemon [_thread_blocked, id=5556, stack(0x00000000590c0000,0x00000000591c0000)]
  0x0000000061d2a000 JavaThread "File Watcher" daemon [_thread_blocked, id=968, stack(0x00000000653a0000,0x00000000654a0000)]
  0x0000000061d2a800 JavaThread "File Watcher" daemon [_thread_blocked, id=4700, stack(0x00000000626b0000,0x00000000627b0000)]
  0x00000000563f0000 JavaThread "File Watcher" daemon [_thread_blocked, id=4440, stack(0x0000000064e40000,0x0000000064f40000)]
  0x00000000563ef800 JavaThread "File Watcher" daemon [_thread_blocked, id=3164, stack(0x0000000064290000,0x0000000064390000)]
  0x00000000563eb800 JavaThread "File Watcher" daemon [_thread_blocked, id=7360, stack(0x000000005e2e0000,0x000000005e3e0000)]
  0x00000000563ee800 JavaThread "File Watcher" daemon [_thread_blocked, id=7592, stack(0x000000005dd90000,0x000000005de90000)]
  0x00000000563ee000 JavaThread "File Watcher" daemon [_thread_blocked, id=7604, stack(0x00000000630a0000,0x00000000631a0000)]
  0x0000000056344000 JavaThread "File Watcher" daemon [_thread_blocked, id=7896, stack(0x0000000062c80000,0x0000000062d80000)]
  0x0000000056347000 JavaThread "File Watcher" daemon [_thread_blocked, id=6376, stack(0x0000000061180000,0x0000000061280000)]
  0x000000005634a000 JavaThread "File Watcher" daemon [_thread_blocked, id=6616, stack(0x000000005fae0000,0x000000005fbe0000)]
  0x000000005634b800 JavaThread "File Watcher" daemon [_thread_blocked, id=7440, stack(0x0000000060b60000,0x0000000060c60000)]
  0x000000005634c000 JavaThread "File Watcher" daemon [_thread_blocked, id=5952, stack(0x00000000609e0000,0x0000000060ae0000)]
  0x0000000056347800 JavaThread "File Watcher" daemon [_thread_blocked, id=7192, stack(0x0000000058af0000,0x0000000058bf0000)]
  0x0000000056342800 JavaThread "File Watcher" daemon [_thread_blocked, id=1120, stack(0x0000000058960000,0x0000000058a60000)]
  0x0000000056345800 JavaThread "DestroyJavaVM" [_thread_blocked, id=7736, stack(0x0000000002060000,0x0000000002160000)]
  0x0000000056341000 JavaThread "Live Reload Server" daemon [_thread_in_native, id=5460, stack(0x0000000060860000,0x0000000060960000)]
  0x0000000058192800 JavaThread "Abandoned connection cleanup thread" daemon [_thread_blocked, id=3628, stack(0x000000005f5d0000,0x000000005f6d0000)]
  0x0000000054e0e000 JavaThread "Service Thread" daemon [_thread_blocked, id=1776, stack(0x0000000056f00000,0x0000000057000000)]
  0x000000005633d000 JavaThread "C1 CompilerThread2" daemon [_thread_blocked, id=5580, stack(0x0000000056d60000,0x0000000056e60000)]
  0x0000000054e07000 JavaThread "C2 CompilerThread1" daemon [_thread_blocked, id=7824, stack(0x0000000056bb0000,0x0000000056cb0000)]
  0x0000000056338800 JavaThread "C2 CompilerThread0" daemon [_thread_blocked, id=7564, stack(0x00000000568f0000,0x00000000569f0000)]
  0x0000000056336800 JavaThread "Attach Listener" daemon [_thread_blocked, id=3772, stack(0x00000000567f0000,0x00000000568f0000)]
  0x0000000054e04800 JavaThread "Signal Dispatcher" daemon [_thread_blocked, id=7680, stack(0x0000000055f00000,0x0000000056000000)]
  0x0000000054da5000 JavaThread "Finalizer" daemon [_thread_blocked, id=3168, stack(0x0000000056230000,0x0000000056330000)]
  0x0000000054da3800 JavaThread "Reference Handler" daemon [_thread_blocked, id=3752, stack(0x0000000056030000,0x0000000056130000)]

Other Threads:
  0x0000000054d9d800 VMThread [stack: 0x0000000055d60000,0x0000000055e60000] [id=4640]
  0x00000000563f9000 WatcherThread [stack: 0x0000000057010000,0x0000000057110000] [id=4480]

VM state:not at safepoint (normal execution)

VM Mutex/Monitor currently owned by a thread: None

Heap:
 PSYoungGen      total 313344K, used 266432K [0x00000000eb200000, 0x00000000ff580000, 0x0000000100000000)
  eden space 297472K, 88% used [0x00000000eb200000,0x00000000fb2b8170,0x00000000fd480000)
  from space 15872K, 22% used [0x00000000fe600000,0x00000000fe978000,0x00000000ff580000)
  to   space 16896K, 0% used [0x00000000fd480000,0x00000000fd480000,0x00000000fe500000)
 ParOldGen       total 159744K, used 147278K [0x00000000c1600000, 0x00000000cb200000, 0x00000000eb200000)
  object space 159744K, 92% used [0x00000000c1600000,0x00000000ca5d3880,0x00000000cb200000)
 Metaspace       used 175672K, capacity 181886K, committed 182232K, reserved 1212416K
  class space    used 17083K, capacity 18579K, committed 18688K, reserved 1048576K

Card table byte_map: [0x00000000117f0000,0x00000000119f0000] byte_map_base: 0x00000000111e5000

Marking Bits: (ParMarkBitMap*) 0x000000005b07a5b0
 Begin Bits: [0x00000000122c0000, 0x0000000013268000)
 End Bits:   [0x0000000013268000, 0x0000000014210000)

Polling page: 0x0000000000230000

CodeCache: size=245760Kb used=62589Kb max_used=62589Kb free=183170Kb
 bounds [0x0000000002430000, 0x00000000061c0000, 0x0000000011430000]
 total_blobs=14619 nmethods=14070 adapters=460
 compilation: enabled

Compilation events (10 events):
Event: 9141.414 Thread 0x000000005633d000 20614       3       org.apache.catalina.connector.CoyoteAdapter::checkRecycled (158 bytes)
Event: 9141.416 Thread 0x000000005633d000 nmethod 20614 0x00000000061b7b90 code [0x00000000061b7e80, 0x00000000061b9428]
Event: 9141.416 Thread 0x000000005633d000 20615       3       org.apache.coyote.AbstractProcessor::recycle (15 bytes)
Event: 9141.416 Thread 0x000000005633d000 nmethod 20615 0x00000000061b67d0 code [0x00000000061b6960, 0x00000000061b6e88]
Event: 9141.416 Thread 0x000000005633d000 20616  s    3       org.apache.coyote.AsyncStateMachine::recycle (32 bytes)
Event: 9141.416 Thread 0x000000005633d000 nmethod 20616 0x00000000061b6110 code [0x00000000061b6280, 0x00000000061b66e8]
Event: 9141.416 Thread 0x000000005633d000 20617       3       org.apache.coyote.http11.Http11InputBuffer::recycle (104 bytes)
Event: 9141.417 Thread 0x000000005633d000 nmethod 20617 0x00000000061b58d0 code [0x00000000061b5a60, 0x00000000061b5f18]
Event: 9141.417 Thread 0x000000005633d000 20618       3       org.apache.tomcat.util.threads.ThreadPoolExecutor::afterExecute (17 bytes)
Event: 9141.417 Thread 0x000000005633d000 nmethod 20618 0x00000000061b5390 code [0x00000000061b5500, 0x00000000061b57c8]

GC Heap History (10 events):
Event: 9096.904 GC heap before
{Heap before GC invocations=486 (full 40):
 PSYoungGen      total 314368K, used 294816K [0x00000000eb200000, 0x00000000ffb00000, 0x0000000100000000)
  eden space 291840K, 100% used [0x00000000eb200000,0x00000000fcf00000,0x00000000fcf00000)
  from space 22528K, 13% used [0x00000000fcf00000,0x00000000fd1e8000,0x00000000fe500000)
  to   space 21504K, 0% used [0x00000000fe600000,0x00000000fe600000,0x00000000ffb00000)
 ParOldGen       total 159744K, used 147254K [0x00000000c1600000, 0x00000000cb200000, 0x00000000eb200000)
  object space 159744K, 92% used [0x00000000c1600000,0x00000000ca5cd880,0x00000000cb200000)
 Metaspace       used 175620K, capacity 181810K, committed 181976K, reserved 1212416K
  class space    used 17082K, capacity 18577K, committed 18688K, reserved 1048576K
Event: 9096.911 GC heap after
Heap after GC invocations=486 (full 40):
 PSYoungGen      total 313344K, used 2688K [0x00000000eb200000, 0x00000000ff900000, 0x0000000100000000)
  eden space 293888K, 0% used [0x00000000eb200000,0x00000000eb200000,0x00000000fd100000)
  from space 19456K, 13% used [0x00000000fe600000,0x00000000fe8a0000,0x00000000ff900000)
  to   space 20480K, 0% used [0x00000000fd100000,0x00000000fd100000,0x00000000fe500000)
 ParOldGen       total 159744K, used 147262K [0x00000000c1600000, 0x00000000cb200000, 0x00000000eb200000)
  object space 159744K, 92% used [0x00000000c1600000,0x00000000ca5cf880,0x00000000cb200000)
 Metaspace       used 175620K, capacity 181810K, committed 181976K, reserved 1212416K
  class space    used 17082K, capacity 18577K, committed 18688K, reserved 1048576K
}
Event: 9118.104 GC heap before
{Heap before GC invocations=487 (full 40):
 PSYoungGen      total 313344K, used 296576K [0x00000000eb200000, 0x00000000ff900000, 0x0000000100000000)
  eden space 293888K, 100% used [0x00000000eb200000,0x00000000fd100000,0x00000000fd100000)
  from space 19456K, 13% used [0x00000000fe600000,0x00000000fe8a0000,0x00000000ff900000)
  to   space 20480K, 0% used [0x00000000fd100000,0x00000000fd100000,0x00000000fe500000)
 ParOldGen       total 159744K, used 147262K [0x00000000c1600000, 0x00000000cb200000, 0x00000000eb200000)
  object space 159744K, 92% used [0x00000000c1600000,0x00000000ca5cf880,0x00000000cb200000)
 Metaspace       used 175632K, capacity 181874K, committed 182232K, reserved 1212416K
  class space    used 17082K, capacity 18577K, committed 18688K, reserved 1048576K
Event: 9118.112 GC heap after
Heap after GC invocations=487 (full 40):
 PSYoungGen      total 314368K, used 3328K [0x00000000eb200000, 0x00000000ff900000, 0x0000000100000000)
  eden space 293888K, 0% used [0x00000000eb200000,0x00000000eb200000,0x00000000fd100000)
  from space 20480K, 16% used [0x00000000fd100000,0x00000000fd440000,0x00000000fe500000)
  to   space 19456K, 0% used [0x00000000fe600000,0x00000000fe600000,0x00000000ff900000)
 ParOldGen       total 159744K, used 147270K [0x00000000c1600000, 0x00000000cb200000, 0x00000000eb200000)
  object space 159744K, 92% used [0x00000000c1600000,0x00000000ca5d1880,0x00000000cb200000)
 Metaspace       used 175632K, capacity 181874K, committed 182232K, reserved 1212416K
  class space    used 17082K, capacity 18577K, committed 18688K, reserved 1048576K
}
Event: 9138.758 GC heap before
{Heap before GC invocations=488 (full 40):
 PSYoungGen      total 314368K, used 297216K [0x00000000eb200000, 0x00000000ff900000, 0x0000000100000000)
  eden space 293888K, 100% used [0x00000000eb200000,0x00000000fd100000,0x00000000fd100000)
  from space 20480K, 16% used [0x00000000fd100000,0x00000000fd440000,0x00000000fe500000)
  to   space 19456K, 0% used [0x00000000fe600000,0x00000000fe600000,0x00000000ff900000)
 ParOldGen       total 159744K, used 147270K [0x00000000c1600000, 0x00000000cb200000, 0x00000000eb200000)
  object space 159744K, 92% used [0x00000000c1600000,0x00000000ca5d1880,0x00000000cb200000)
 Metaspace       used 175668K, capacity 181886K, committed 182232K, reserved 1212416K
  class space    used 17083K, capacity 18579K, committed 18688K, reserved 1048576K
Event: 9138.765 GC heap after
Heap after GC invocations=488 (full 40):
 PSYoungGen      total 313344K, used 2528K [0x00000000eb200000, 0x00000000ff700000, 0x0000000100000000)
  eden space 295936K, 0% used [0x00000000eb200000,0x00000000eb200000,0x00000000fd300000)
  from space 17408K, 14% used [0x00000000fe600000,0x00000000fe878000,0x00000000ff700000)
  to   space 18432K, 0% used [0x00000000fd300000,0x00000000fd300000,0x00000000fe500000)
 ParOldGen       total 159744K, used 147278K [0x00000000c1600000, 0x00000000cb200000, 0x00000000eb200000)
  object space 159744K, 92% used [0x00000000c1600000,0x00000000ca5d3880,0x00000000cb200000)
 Metaspace       used 175668K, capacity 181886K, committed 182232K, reserved 1212416K
  class space    used 17083K, capacity 18579K, committed 18688K, reserved 1048576K
}
Event: 9161.696 GC heap before
{Heap before GC invocations=489 (full 40):
 PSYoungGen      total 313344K, used 298464K [0x00000000eb200000, 0x00000000ff700000, 0x0000000100000000)
  eden space 295936K, 100% used [0x00000000eb200000,0x00000000fd300000,0x00000000fd300000)
  from space 17408K, 14% used [0x00000000fe600000,0x00000000fe878000,0x00000000ff700000)
  to   space 18432K, 0% used [0x00000000fd300000,0x00000000fd300000,0x00000000fe500000)
 ParOldGen       total 159744K, used 147278K [0x00000000c1600000, 0x00000000cb200000, 0x00000000eb200000)
  object space 159744K, 92% used [0x00000000c1600000,0x00000000ca5d3880,0x00000000cb200000)
 Metaspace       used 175672K, capacity 181886K, committed 182232K, reserved 1212416K
  class space    used 17083K, capacity 18579K, committed 18688K, reserved 1048576K
Event: 9161.703 GC heap after
Heap after GC invocations=489 (full 40):
 PSYoungGen      total 314368K, used 2976K [0x00000000eb200000, 0x00000000ff700000, 0x0000000100000000)
  eden space 295936K, 0% used [0x00000000eb200000,0x00000000eb200000,0x00000000fd300000)
  from space 18432K, 16% used [0x00000000fd300000,0x00000000fd5e8000,0x00000000fe500000)
  to   space 17408K, 0% used [0x00000000fe600000,0x00000000fe600000,0x00000000ff700000)
 ParOldGen       total 159744K, used 147278K [0x00000000c1600000, 0x00000000cb200000, 0x00000000eb200000)
  object space 159744K, 92% used [0x00000000c1600000,0x00000000ca5d3880,0x00000000cb200000)
 Metaspace       used 175672K, capacity 181886K, committed 182232K, reserved 1212416K
  class space    used 17083K, capacity 18579K, committed 18688K, reserved 1048576K
}
Event: 9184.507 GC heap before
{Heap before GC invocations=490 (full 40):
 PSYoungGen      total 314368K, used 298912K [0x00000000eb200000, 0x00000000ff700000, 0x0000000100000000)
  eden space 295936K, 100% used [0x00000000eb200000,0x00000000fd300000,0x00000000fd300000)
  from space 18432K, 16% used [0x00000000fd300000,0x00000000fd5e8000,0x00000000fe500000)
  to   space 17408K, 0% used [0x00000000fe600000,0x00000000fe600000,0x00000000ff700000)
 ParOldGen       total 159744K, used 147278K [0x00000000c1600000, 0x00000000cb200000, 0x00000000eb200000)
  object space 159744K, 92% used [0x00000000c1600000,0x00000000ca5d3880,0x00000000cb200000)
 Metaspace       used 175672K, capacity 181886K, committed 182232K, reserved 1212416K
  class space    used 17083K, capacity 18579K, committed 18688K, reserved 1048576K
Event: 9184.515 GC heap after
Heap after GC invocations=490 (full 40):
 PSYoungGen      total 313344K, used 3552K [0x00000000eb200000, 0x00000000ff580000, 0x0000000100000000)
  eden space 297472K, 0% used [0x00000000eb200000,0x00000000eb200000,0x00000000fd480000)
  from space 15872K, 22% used [0x00000000fe600000,0x00000000fe978000,0x00000000ff580000)
  to   space 16896K, 0% used [0x00000000fd480000,0x00000000fd480000,0x00000000fe500000)
 ParOldGen       total 159744K, used 147278K [0x00000000c1600000, 0x00000000cb200000, 0x00000000eb200000)
  object space 159744K, 92% used [0x00000000c1600000,0x00000000ca5d3880,0x00000000cb200000)
 Metaspace       used 175672K, capacity 181886K, committed 182232K, reserved 1212416K
  class space    used 17083K, capacity 18579K, committed 18688K, reserved 1048576K
}

Deoptimization events (10 events):
Event: 8957.199 Thread 0x0000000062054000 Uncommon trap: reason=bimorphic action=maybe_recompile pc=0x000000000368cf38 method=java.lang.ThreadLocal.set(Ljava/lang/Object;)V @ 6
Event: 8957.305 Thread 0x0000000059c89000 Uncommon trap: reason=bimorphic action=maybe_recompile pc=0x000000000368cf38 method=java.lang.ThreadLocal.set(Ljava/lang/Object;)V @ 6
Event: 8973.482 Thread 0x000000005b91a800 Uncommon trap: reason=null_check action=make_not_entrant pc=0x0000000005ee8c3c method=com.fasterxml.jackson.databind.type.TypeFactory._fromClass(Lcom/fasterxml/jackson/databind/type/ClassStack;Ljava/lang/Class;Lcom/fasterxml/jackson/databind/type/TypeBindihkW¬Ü¡@
Event: 8973.518 Thread 0x000000005b91a800 Uncommon trap: reason=null_check action=make_not_entrant pc=0x0000000002936a28 method=java.lang.Class.isEnum()Z @ 1
Event: 8973.575 Thread 0x000000005b91a800 Uncommon trap: reason=unstable_if action=reinterpret pc=0x000000000437fe54 method=sun.reflect.UnsafeFieldAccessorFactory.newFieldAccessor(Ljava/lang/reflect/Field;Z)Lsun/reflect/FieldAccessor; @ 420
Event: 8973.747 Thread 0x000000005b91a800 Uncommon trap: reason=unstable_if action=reinterpret pc=0x00000000057da730 method=org.hibernate.internal.util.collections.IdentityMap.entryArray()[Ljava/util/Map$Entry; @ 4
Event: 8979.110 Thread 0x0000000062053000 Uncommon trap: reason=bimorphic action=maybe_recompile pc=0x000000000368cf38 method=java.lang.ThreadLocal.set(Ljava/lang/Object;)V @ 6
Event: 8979.117 Thread 0x0000000062054800 Uncommon trap: reason=unstable_if action=reinterpret pc=0x0000000003faf9bc method=com.mysql.jdbc.StringUtils.getShort([BII)S @ 138
Event: 8979.117 Thread 0x0000000062054800 Uncommon trap: reason=unstable_if action=reinterpret pc=0x0000000004956e80 method=com.mysql.jdbc.StringUtils.getShort([BII)S @ 138
Event: 9135.175 Thread 0x0000000062054000 Uncommon trap: reason=bimorphic action=maybe_recompile pc=0x000000000368cf38 method=java.lang.ThreadLocal.set(Ljava/lang/Object;)V @ 6

Internal exceptions (10 events):
Event: 8424.678 Thread 0x000000005b918000 Exception <a 'java/lang/ClassNotFoundException': com/mac/care_point/service/zmaster/vehicle/SVVehicleServiceCustomizer> (0x00000000f6f6bd68) thrown at [C:\workspace\8-2-build-windows-amd64-cygwin\jdk8u65\4987\hotspot\src\share\vm\classfile\systemDictionary≤µ√ÆYt¿@
Event: 8424.701 Thread 0x000000005b918000 Exception <a 'java/lang/ClassNotFoundException': java/lang/ObjectCustomizer> (0x00000000f7119c08) thrown at [C:\workspace\8-2-build-windows-amd64-cygwin\jdk8u65\4987\hotspot\src\share\vm\classfile\systemDictionary.cpp, line 210]
Event: 8424.701 Thread 0x000000005b918000 Exception <a 'java/lang/ClassNotFoundException': com/mac/care_point/service/zmaster/vehicle_type/SVVehicleTypeControllerCustomizer> (0x00000000f7137b90) thrown at [C:\workspace\8-2-build-windows-amd64-cygwin\jdk8u65\4987\hotspot\src\share\vm\classfile\systü‡˛Yt¿@
Event: 8424.703 Thread 0x000000005b918000 Exception <a 'java/lang/ClassNotFoundException': java/lang/ObjectCustomizer> (0x00000000f714b800) thrown at [C:\workspace\8-2-build-windows-amd64-cygwin\jdk8u65\4987\hotspot\src\share\vm\classfile\systemDictionary.cpp, line 210]
Event: 8424.704 Thread 0x000000005b918000 Exception <a 'java/lang/ClassNotFoundException': com/mac/care_point/service/zmaster/vehicle_type/SVVehicleTypeServiceCustomizer> (0x00000000f7168cd8) thrown at [C:\workspace\8-2-build-windows-amd64-cygwin\jdk8u65\4987\hotspot\src\share\vm\classfile\systemDky[\t¿@
Event: 8424.722 Thread 0x000000005b918000 Exception <a 'java/lang/ClassNotFoundException': java/lang/ObjectCustomizer> (0x00000000f73cced8) thrown at [C:\workspace\8-2-build-windows-amd64-cygwin\jdk8u65\4987\hotspot\src\share\vm\classfile\systemDictionary.cpp, line 210]
Event: 8424.722 Thread 0x000000005b918000 Exception <a 'java/lang/ClassNotFoundException': com/mac/care_point/system/exception/handler/SystemExceptionHandlerCustomizer> (0x00000000f73e9e68) thrown at [C:\workspace\8-2-build-windows-amd64-cygwin\jdk8u65\4987\hotspot\src\share\vm\classfile\systemDicîıs…Ü¡@
Event: 8973.574 Thread 0x000000005b91a800 Exception <a 'java/lang/ClassNotFoundException': java/lang/ObjectCustomizer> (0x00000000f3e99928) thrown at [C:\workspace\8-2-build-windows-amd64-cygwin\jdk8u65\4987\hotspot\src\share\vm\classfile\systemDictionary.cpp, line 210]
Event: 8973.575 Thread 0x000000005b91a800 Exception <a 'java/lang/ClassNotFoundException': com/mac/care_point/service/job_item/model/TJobItemCustomizer> (0x00000000f3eb7888) thrown at [C:\workspace\8-2-build-windows-amd64-cygwin\jdk8u65\4987\hotspot\src\share\vm\classfile\systemDictionary.cpp, linﬂ√
Event: 9204.586 Thread 0x0000000056343000 Implicit null exception at 0x000000000295b9a6 to 0x0000000000000000

Events (10 events):
Event: 9135.542 loading class org/zeroturnaround/javarebel$ReloaderFactory
Event: 9135.542 loading class org/zeroturnaround/javarebel$ReloaderFactory done
Event: 9135.553 Executing VM operation: RevokeBias
Event: 9135.554 Executing VM operation: RevokeBias done
Event: 9138.758 Executing VM operation: ParallelGCFailedAllocation
Event: 9138.765 Executing VM operation: ParallelGCFailedAllocation done
Event: 9161.696 Executing VM operation: ParallelGCFailedAllocation
Event: 9161.703 Executing VM operation: ParallelGCFailedAllocation done
Event: 9184.507 Executing VM operation: ParallelGCFailedAllocation
Event: 9184.515 Executing VM operation: ParallelGCFailedAllocation done


Dynamic libraries:
0x000000013f8d0000 - 0x000000013f907000 	C:\Program Files\Java\jdk1.8.0_65\bin\java.exe
0x0000000077330000 - 0x00000000774d9000 	C:\Windows\SYSTEM32\ntdll.dll
0x0000000077110000 - 0x000000007722f000 	C:\Windows\system32\kernel32.dll
0x000007fefd330000 - 0x000007fefd39b000 	C:\Windows\system32\KERNELBASE.dll
0x000007fefda00000 - 0x000007fefdadb000 	C:\Windows\system32\ADVAPI32.dll
0x000007fefdf70000 - 0x000007fefe00f000 	C:\Windows\system32\msvcrt.dll
0x000007fefdbd0000 - 0x000007fefdbef000 	C:\Windows\SYSTEM32\sechost.dll
0x000007fefe310000 - 0x000007fefe43d000 	C:\Windows\system32\RPCRT4.dll
0x0000000077230000 - 0x000000007732a000 	C:\Windows\system32\USER32.dll
0x000007feff530000 - 0x000007feff597000 	C:\Windows\system32\GDI32.dll
0x000007fefdbc0000 - 0x000007fefdbce000 	C:\Windows\system32\LPK.dll
0x000007fefd6d0000 - 0x000007fefd799000 	C:\Windows\system32\USP10.dll
0x000007fefbd50000 - 0x000007fefbf44000 	C:\Windows\WinSxS\amd64_microsoft.windows.common-controls_6595b64144ccf1df_6.0.7601.17514_none_fa396087175ac9ac\COMCTL32.dll
0x000007fefdb40000 - 0x000007fefdbb1000 	C:\Windows\system32\SHLWAPI.dll
0x000007fefdbf0000 - 0x000007fefdc1e000 	C:\Windows\system32\IMM32.DLL
0x000007fefe200000 - 0x000007fefe309000 	C:\Windows\system32\MSCTF.dll
0x000000006c8f0000 - 0x000000006c9c2000 	C:\Program Files\Java\jdk1.8.0_65\jre\bin\msvcr100.dll
0x000000005a870000 - 0x000000005b0f9000 	C:\Program Files\Java\jdk1.8.0_65\jre\bin\server\jvm.dll
0x000007feeeb60000 - 0x000007feeeb69000 	C:\Windows\system32\WSOCK32.dll
0x000007fefdc20000 - 0x000007fefdc6d000 	C:\Windows\system32\WS2_32.dll
0x000007fefe010000 - 0x000007fefe018000 	C:\Windows\system32\NSI.dll
0x000007fefafc0000 - 0x000007fefaffb000 	C:\Windows\system32\WINMM.dll
0x000007fefc3e0000 - 0x000007fefc3ec000 	C:\Windows\system32\VERSION.dll
0x0000000077500000 - 0x0000000077507000 	C:\Windows\system32\PSAPI.DLL
0x00000000737b0000 - 0x00000000737bf000 	C:\Program Files\Java\jdk1.8.0_65\jre\bin\verify.dll
0x000000006c200000 - 0x000000006c229000 	C:\Program Files\Java\jdk1.8.0_65\jre\bin\java.dll
0x000000006d090000 - 0x000000006d0a6000 	C:\Program Files\Java\jdk1.8.0_65\jre\bin\zip.dll
0x000007fefe440000 - 0x000007feff1c8000 	C:\Windows\system32\SHELL32.dll
0x000007feff1d0000 - 0x000007feff3d3000 	C:\Windows\system32\ole32.dll
0x000007fefd280000 - 0x000007fefd28f000 	C:\Windows\system32\profapi.dll
0x00000000737a0000 - 0x00000000737ad000 	C:\Program Files\Java\jdk1.8.0_65\jre\bin\management.dll
0x000000006cc80000 - 0x000000006cc9a000 	C:\Program Files\Java\jdk1.8.0_65\jre\bin\net.dll
0x000007fefcab0000 - 0x000007fefcb05000 	C:\Windows\system32\mswsock.dll
0x000007fefcaa0000 - 0x000007fefcaa7000 	C:\Windows\System32\wship6.dll
0x000007fefb520000 - 0x000007fefb535000 	C:\Windows\system32\NLAapi.dll
0x000007fef83f0000 - 0x000007fef8405000 	C:\Windows\system32\napinsp.dll
0x000007fef83d0000 - 0x000007fef83e9000 	C:\Windows\system32\pnrpnsp.dll
0x000007fefc930000 - 0x000007fefc98b000 	C:\Windows\system32\DNSAPI.dll
0x000007fef7e80000 - 0x000007fef7e8b000 	C:\Windows\System32\winrnr.dll
0x000007fef7e60000 - 0x000007fef7e70000 	C:\Windows\system32\wshbth.dll
0x000007fefc4b0000 - 0x000007fefc4b7000 	C:\Windows\System32\wshtcpip.dll
0x000007fefad80000 - 0x000007fefada7000 	C:\Windows\system32\IPHLPAPI.DLL
0x000007fefad60000 - 0x000007fefad6b000 	C:\Windows\system32\WINNSI.DLL
0x000007fef8b90000 - 0x000007fef8b98000 	C:\Windows\system32\rasadhlp.dll
0x000007fefac10000 - 0x000007fefac63000 	C:\Windows\System32\fwpuclnt.dll
0x000000006c1e0000 - 0x000000006c1f1000 	C:\Program Files\Java\jdk1.8.0_65\jre\bin\nio.dll
0x000007fefcb10000 - 0x000007fefcb27000 	C:\Windows\system32\CRYPTSP.dll
0x000007fefc810000 - 0x000007fefc857000 	C:\Windows\system32\rsaenh.dll
0x000007fefc5c0000 - 0x000007fefc5de000 	C:\Windows\system32\USERENV.dll
0x000007fefd1b0000 - 0x000007fefd1bf000 	C:\Windows\system32\CRYPTBASE.dll
0x000007fefabe0000 - 0x000007fefabf8000 	C:\Windows\system32\dhcpcsvc.DLL
0x000007fefabc0000 - 0x000007fefabd1000 	C:\Windows\system32\dhcpcsvc6.DLL
0x000007feeb4e0000 - 0x000007feeb605000 	C:\Windows\system32\dbghelp.dll

VM Arguments:
java_command: com.mac.care_point.Application
java_class_path (initial): J:\Supervis\auto-care\AUTO_CARE\target\classes;C:\Users\kavish manjitha\.m2\repository\org\springframework\boot\spring-boot-starter-web\1.4.0.RELEASE\spring-boot-starter-web-1.4.0.RELEASE.jar;C:\Users\kavish manjitha\.m2\repository\org\springframework\boot\spring-boot-starter\1.4.0.RELEASE\spring-boot-starter-1.4.0.RELEASE.jar;C:\Users\kavish manjitha\.m2\repository\org\springframework\boot\spring-boot-starter-logging\1.4.0.RELEASE\spring-boot-starter-logging-1.4.0.RELEASE.jar;C:\Users\kavish manjitha\.m2\repository\ch\qos\logback\logback-classic\1.1.7\logback-classic-1.1.7.jar;C:\Users\kavish manjitha\.m2\repository\ch\qos\logback\logback-core\1.1.7\logback-core-1.1.7.jar;C:\Users\kavish manjitha\.m2\repository\org\slf4j\jul-to-slf4j\1.7.21\jul-to-slf4j-1.7.21.jar;C:\Users\kavish manjitha\.m2\repository\org\slf4j\log4j-over-slf4j\1.7.21\log4j-over-slf4j-1.7.21.jar;C:\Users\kavish manjitha\.m2\repository\org\springframework\spring-core\4.3.2.RELEASE\spring-core-4.3.2.RELEASE.jar;C:\Users\kavish manjitha\.m2\repository\org\yaml\snakeyaml\1.17\snakeyaml-1.17.jar;C:\Users\kavish manjitha\.m2\repository\org\springframework\boot\spring-boot-starter-tomcat\1.4.0.RELEASE\spring-boot-starter-tomcat-1.4.0.RELEASE.jar;C:\Users\kavish manjitha\.m2\repository\org\apache\tomcat\embed\tomcat-embed-core\8.5.4\tomcat-embed-core-8.5.4.jar;C:\Users\kavish manjitha\.m2\repository\org\apache\tomcat\embed\tomcat-embed-el\8.5.4\tomcat-embed-el-8.5.4.jar;C:\Users\kavish manjitha\.m2\repository\org\apache\tomcat\embed\tomcat-embed-websocket\8.5.4\tomcat-embed-websocket-8.5.4.jar;C:\Users\kavish manjitha\.m2\repository\org\hibernate\hibernate-validator\5.2.4.Final\hibernate-validator-5.2.4.Final.jar;C:\Users\kavish manjitha\.m2\repository\javax\validation\validation-api\1.1.0.Final\validation-api-1.1.0.Final.jar;C:\Users\kavish manjitha\.m2\repository\org\jboss\logging\jboss-logging\3.3.0.Final\jboss-logging-3.3.0.Final.jar;C:\Users\kavish manjitha\.m2\repositor
Launcher Type: SUN_STANDARD

Environment Variables:
JAVA_HOME=C:\Program Files\Java\jdk1.8.0_65
PATH=C:\ProgramData\Oracle\Java\javapath;C:\Windows\system32;C:\Windows;C:\Windows\System32\Wbem;C:\Windows\System32\WindowsPowerShell\v1.0\;C:\Program Files\Java\jdk1.8.0_65\bin;C:\Program Files (x86)\MySQL\MySQL Server 5.5\bin;C:\Program Files\nodejs\;C:\Program Files\Git\cmd;c:\Program Files (x86)\Microsoft SQL Server\90\Tools\binn\;C:\Users\kavish manjitha\AppData\Roaming\npm
USERNAME=kavish manjitha
OS=Windows_NT
PROCESSOR_IDENTIFIER=Intel64 Family 6 Model 61 Stepping 4, GenuineIntel



---------------  S Y S T E M  ---------------

OS: Windows 7 , 64 bit Build 7601 (6.1.7601.17514)

CPU:total 4 (2 cores per cpu, 2 threads per core) family 6 model 61 stepping 4, cmov, cx8, fxsr, mmx, sse, sse2, sse3, ssse3, sse4.1, sse4.2, popcnt, avx, avx2, aes, clmul, erms, 3dnowpref, lzcnt, ht, tsc, tscinvbit, bmi1, bmi2, adx

Memory: 4k page, physical 4103584k(566732k free), swap 8205324k(2685200k free)

vm_info: Java HotSpot(TM) 64-Bit Server VM (25.65-b01) for windows-amd64 JRE (1.8.0_65-b17), built on Oct  6 2015 16:39:20 by "java_re" with MS VC++ 10.0 (VS2010)

time: Mon May 08 12:28:40 2017
elapsed time: 9204 seconds (0d 2h 33m 24s)

