0 info it worked if it ends with ok
1 verbose cli [ 'C:\\Program Files\\nodejs\\node.exe',
1 verbose cli   'C:\\Program Files\\nodejs\\node_modules\\npm\\bin\\npm-cli.js',
1 verbose cli   'install' ]
2 info using npm@3.10.10
3 info using node@v6.10.2
4 silly loadCurrentTree Starting
5 silly install loadCurrentTree
6 silly install readLocalPackageData
7 silly install normalizeTree
8 silly loadCurrentTree Finishing
9 silly loadIdealTree Starting
10 silly install loadIdealTree
11 silly cloneCurrentTree Starting
12 silly install cloneCurrentTreeToIdealTree
13 silly cloneCurrentTree Finishing
14 silly loadShrinkwrap Starting
15 silly install loadShrinkwrap
16 silly loadShrinkwrap Finishing
17 silly loadAllDepsIntoIdealTree Starting
18 silly install loadAllDepsIntoIdealTree
19 silly fetchNamedPackageData fsevents
20 silly mapToRegistry name fsevents
21 silly mapToRegistry using default registry
22 silly mapToRegistry registry https://registry.npmjs.org/
23 silly mapToRegistry data Result {
23 silly mapToRegistry   raw: 'fsevents',
23 silly mapToRegistry   scope: null,
23 silly mapToRegistry   escapedName: 'fsevents',
23 silly mapToRegistry   name: 'fsevents',
23 silly mapToRegistry   rawSpec: '',
23 silly mapToRegistry   spec: 'latest',
23 silly mapToRegistry   type: 'tag' }
24 silly mapToRegistry uri https://registry.npmjs.org/fsevents
25 verbose request uri https://registry.npmjs.org/fsevents
26 verbose request no auth needed
27 info attempt registry request try #1 at 6:03:01 PM
28 verbose request id d63fa7ffedb72197
29 verbose etag W/"597215e7-dd9a"
30 verbose lastModified Fri, 21 Jul 2017 14:55:35 GMT
31 http request GET https://registry.npmjs.org/fsevents
32 info retry will retry, error on last attempt: Error: connect ETIMEDOUT 151.101.8.162:443
33 info attempt registry request try #2 at 6:03:32 PM
34 verbose etag W/"597215e7-dd9a"
35 verbose lastModified Fri, 21 Jul 2017 14:55:35 GMT
36 http request GET https://registry.npmjs.org/fsevents
37 info retry will retry, error on last attempt: Error: connect ETIMEDOUT 151.101.8.162:443
38 info attempt registry request try #3 at 6:04:53 PM
39 verbose etag W/"597215e7-dd9a"
40 verbose lastModified Fri, 21 Jul 2017 14:55:35 GMT
41 http request GET https://registry.npmjs.org/fsevents
42 silly get cb [ 304, undefined ]
43 verbose etag https://registry.npmjs.org/fsevents from cache
44 verbose get saving fsevents to C:\Users\kavish manjitha\AppData\Roaming\npm-cache\registry.npmjs.org\fsevents\.cache.json
45 verbose correctMkdir C:\Users\kavish manjitha\AppData\Roaming\npm-cache correctMkdir not in flight; initializing
46 silly resolveWithNewModule fsevents@1.1.2 checking installable status
47 silly loadAllDepsIntoIdealTree Finishing
48 silly loadIdealTree Finishing
49 silly currentTree care-point@1.0.0
49 silly currentTree +-- abbrev@1.1.0
49 silly currentTree +-- accepts@1.3.3
49 silly currentTree +-- acorn@2.6.4
49 silly currentTree +-- after@0.8.1
49 silly currentTree +-- align-text@0.1.4
49 silly currentTree +-- alter@0.2.0
49 silly currentTree +-- amdefine@1.0.1
49 silly currentTree +-- ansi-regex@2.1.1
49 silly currentTree +-- ansi-styles@2.2.1
49 silly currentTree +-- any-promise@1.3.0
49 silly currentTree +-- anymatch@1.3.0
49 silly currentTree +-- aproba@1.1.2
49 silly currentTree +-- archy@1.0.0
49 silly currentTree +-- are-we-there-yet@1.1.4
49 silly currentTree +-- arr-diff@2.0.0
49 silly currentTree +-- arr-flatten@1.1.0
49 silly currentTree +-- arr-union@3.1.0
49 silly currentTree +-- array-differ@1.0.0
49 silly currentTree +-- array-each@1.0.1
49 silly currentTree +-- array-find-index@1.0.2
49 silly currentTree +-- array-slice@1.0.0
49 silly currentTree +-- array-uniq@1.0.3
49 silly currentTree +-- array-unique@0.2.1
49 silly currentTree +-- arraybuffer.slice@0.0.6
49 silly currentTree +-- arrify@1.0.1
49 silly currentTree +-- asn1@0.2.3
49 silly currentTree +-- assert-plus@0.2.0
49 silly currentTree +-- async-each-series@0.1.1
49 silly currentTree +-- async-each@1.0.1
49 silly currentTree +-- async-foreach@0.1.3
49 silly currentTree +-- async@1.5.2
49 silly currentTree +-- asynckit@0.4.0
49 silly currentTree +-- aws-sign2@0.6.0
49 silly currentTree +-- aws4@1.6.0
49 silly currentTree +-- backo2@1.0.2
49 silly currentTree +-- balanced-match@1.0.0
49 silly currentTree +-- base64-arraybuffer@0.1.5
49 silly currentTree +-- base64id@0.1.0
49 silly currentTree +-- batch@0.5.3
49 silly currentTree +-- bcrypt-pbkdf@1.0.1
49 silly currentTree +-- beeper@1.1.1
49 silly currentTree +-- better-assert@1.0.2
49 silly currentTree +-- binary-extensions@1.8.0
49 silly currentTree +-- bl@1.2.1
49 silly currentTree +-- blob@0.0.4
49 silly currentTree +-- block-stream@0.0.9
49 silly currentTree +-- bluebird@3.5.0
49 silly currentTree +-- boom@2.10.1
49 silly currentTree +-- bower-npm-resolver@0.8.1
49 silly currentTree +-- brace-expansion@1.1.8
49 silly currentTree +-- braces@1.8.5
49 silly currentTree +-- browser-sync-client@2.5.1
49 silly currentTree +-- browser-sync-ui@0.6.3
49 silly currentTree +-- browser-sync@2.18.12
49 silly currentTree +-- bs-recipes@1.3.4
49 silly currentTree +-- bufferstreams@1.1.1
49 silly currentTree +-- builtin-modules@1.1.1
49 silly currentTree +-- cacache@9.2.6
49 silly currentTree +-- callsite@1.0.0
49 silly currentTree +-- camel-case@3.0.0
49 silly currentTree +-- camelcase-keys@2.1.0
49 silly currentTree | `-- camelcase@2.1.1
49 silly currentTree +-- camelcase@1.2.1
49 silly currentTree +-- caseless@0.11.0
49 silly currentTree +-- center-align@0.1.3
49 silly currentTree +-- chalk@1.1.3
49 silly currentTree +-- change-case@3.0.1
49 silly currentTree +-- chokidar@1.7.0
49 silly currentTree +-- chownr@1.0.1
49 silly currentTree +-- clean-css@4.1.7
49 silly currentTree +-- cliui@3.2.0
49 silly currentTree +-- clone-buffer@1.0.0
49 silly currentTree +-- clone-stats@0.0.1
49 silly currentTree +-- clone@1.0.2
49 silly currentTree +-- cloneable-readable@1.0.0
49 silly currentTree +-- code-point-at@1.1.0
49 silly currentTree +-- combined-stream@1.0.5
49 silly currentTree +-- commander@2.11.0
49 silly currentTree +-- component-bind@1.0.0
49 silly currentTree +-- component-emitter@1.1.2
49 silly currentTree +-- component-inherit@0.0.3
49 silly currentTree +-- concat-map@0.0.1
49 silly currentTree +-- concat-stream@1.6.0
49 silly currentTree +-- concat-with-sourcemaps@1.0.4
49 silly currentTree +-- connect-history-api-fallback@1.3.0
49 silly currentTree +-- connect@3.5.0
49 silly currentTree +-- console-control-strings@1.1.0
49 silly currentTree +-- constant-case@2.0.0
49 silly currentTree +-- convert-source-map@1.1.3
49 silly currentTree +-- cookie@0.3.1
49 silly currentTree +-- copy-concurrently@1.0.3
49 silly currentTree +-- core-util-is@1.0.2
49 silly currentTree +-- cross-spawn@3.0.1
49 silly currentTree +-- cryptiles@2.0.5
49 silly currentTree +-- currently-unhandled@0.4.1
49 silly currentTree +-- cyclist@0.2.2
49 silly currentTree +-- dashdash@1.14.1
49 silly currentTree | `-- assert-plus@1.0.0
49 silly currentTree +-- dateformat@2.0.0
49 silly currentTree +-- debug@2.2.0
49 silly currentTree +-- decamelize@1.2.0
49 silly currentTree +-- deep-extend@0.2.11
49 silly currentTree +-- defaults@1.0.3
49 silly currentTree +-- delayed-stream@1.0.0
49 silly currentTree +-- delegates@1.0.0
49 silly currentTree +-- depd@1.1.0
49 silly currentTree +-- deprecated@0.0.1
49 silly currentTree +-- destroy@1.0.4
49 silly currentTree +-- detect-file@0.1.0
49 silly currentTree +-- dev-ip@1.0.1
49 silly currentTree +-- dot-case@2.1.1
49 silly currentTree +-- duplexer@0.1.1
49 silly currentTree +-- duplexer2@0.0.2
49 silly currentTree | +-- isarray@0.0.1
49 silly currentTree | +-- readable-stream@1.1.14
49 silly currentTree | `-- string_decoder@0.10.31
49 silly currentTree +-- duplexify@3.5.0
49 silly currentTree | +-- end-of-stream@1.0.0
49 silly currentTree | `-- once@1.3.3
49 silly currentTree +-- easy-extender@2.3.2
49 silly currentTree | `-- lodash@3.10.1
49 silly currentTree +-- eazy-logger@3.0.2
49 silly currentTree +-- ecc-jsbn@0.1.1
49 silly currentTree +-- ee-first@1.1.1
49 silly currentTree +-- emitter-steward@1.0.0
49 silly currentTree +-- encodeurl@1.0.1
49 silly currentTree +-- end-of-stream@1.4.0
49 silly currentTree +-- engine.io-client@1.8.0
49 silly currentTree | +-- component-emitter@1.2.1
49 silly currentTree | +-- debug@2.3.3
49 silly currentTree | `-- ms@0.7.2
49 silly currentTree +-- engine.io-parser@1.3.1
49 silly currentTree | +-- has-binary@0.1.6
49 silly currentTree | `-- isarray@0.0.1
49 silly currentTree +-- engine.io@1.8.0
49 silly currentTree | +-- debug@2.3.3
49 silly currentTree | `-- ms@0.7.2
49 silly currentTree +-- error-ex@1.3.1
49 silly currentTree +-- escape-html@1.0.3
49 silly currentTree +-- escape-string-regexp@1.0.5
49 silly currentTree +-- etag@1.8.0
49 silly currentTree +-- event-stream@3.3.4
49 silly currentTree +-- eventemitter3@1.2.0
49 silly currentTree +-- expand-brackets@0.1.5
49 silly currentTree +-- expand-range@1.8.2
49 silly currentTree +-- expand-tilde@1.2.2
49 silly currentTree +-- express@2.5.11
49 silly currentTree | +-- connect@1.9.2
49 silly currentTree | +-- mkdirp@0.3.0
49 silly currentTree | `-- qs@0.4.2
49 silly currentTree +-- extend-shallow@2.0.1
49 silly currentTree +-- extend@3.0.1
49 silly currentTree +-- extglob@0.3.2
49 silly currentTree +-- extsprintf@1.0.2
49 silly currentTree +-- fancy-log@1.3.0
49 silly currentTree +-- filename-regex@2.0.1
49 silly currentTree +-- fill-range@2.2.3
49 silly currentTree +-- finalhandler@0.5.0
49 silly currentTree +-- find-index@0.1.1
49 silly currentTree +-- find-up@1.1.2
49 silly currentTree +-- findup-sync@0.4.3
49 silly currentTree +-- fined@1.1.0
49 silly currentTree | `-- expand-tilde@2.0.2
49 silly currentTree +-- first-chunk-stream@1.0.0
49 silly currentTree +-- flagged-respawn@0.3.2
49 silly currentTree +-- flush-write-stream@1.0.2
49 silly currentTree +-- for-in@1.0.2
49 silly currentTree +-- for-own@0.1.5
49 silly currentTree +-- forever-agent@0.6.1
49 silly currentTree +-- form-data@2.1.4
49 silly currentTree +-- formidable@1.0.17
49 silly currentTree +-- fresh@0.3.0
49 silly currentTree +-- from@0.1.7
49 silly currentTree +-- from2@2.3.0
49 silly currentTree +-- fs-exists-sync@0.1.0
49 silly currentTree +-- fs-extra@3.0.1
49 silly currentTree +-- fs-write-stream-atomic@1.0.10
49 silly currentTree +-- fs.realpath@1.0.0
49 silly currentTree +-- fstream@1.0.11
49 silly currentTree +-- gauge@2.7.4
49 silly currentTree +-- gaze@0.5.2
49 silly currentTree +-- generate-function@2.0.0
49 silly currentTree +-- generate-object-property@1.2.0
49 silly currentTree +-- get-caller-file@1.0.2
49 silly currentTree +-- get-stdin@4.0.1
49 silly currentTree +-- get-value@2.0.6
49 silly currentTree +-- getpass@0.1.7
49 silly currentTree | `-- assert-plus@1.0.0
49 silly currentTree +-- glob-base@0.3.0
49 silly currentTree +-- glob-parent@2.0.0
49 silly currentTree +-- glob-stream@3.1.18
49 silly currentTree | +-- glob@4.5.3
49 silly currentTree | +-- isarray@0.0.1
49 silly currentTree | +-- minimatch@2.0.10
49 silly currentTree | +-- readable-stream@1.0.34
49 silly currentTree | +-- string_decoder@0.10.31
49 silly currentTree | `-- through2@0.6.5
49 silly currentTree +-- glob-watcher@0.0.6
49 silly currentTree +-- glob@7.1.2
49 silly currentTree +-- glob2base@0.0.12
49 silly currentTree +-- global-modules@0.2.3
49 silly currentTree +-- global-prefix@0.1.5
49 silly currentTree +-- globule@0.1.0
49 silly currentTree | +-- glob@3.1.21
49 silly currentTree | +-- graceful-fs@1.2.3
49 silly currentTree | +-- inherits@1.0.2
49 silly currentTree | +-- lodash@1.0.2
49 silly currentTree | +-- lru-cache@2.7.3
49 silly currentTree | `-- minimatch@0.2.14
49 silly currentTree +-- glogg@1.0.0
49 silly currentTree +-- graceful-fs@4.1.11
49 silly currentTree +-- graceful-readlink@1.0.1
49 silly currentTree +-- group-array@0.3.3
49 silly currentTree +-- gulp-clean-css@2.4.0
49 silly currentTree +-- gulp-clean@0.3.2
49 silly currentTree | +-- ansi-regex@0.2.1
49 silly currentTree | +-- ansi-styles@1.1.0
49 silly currentTree | +-- chalk@0.5.1
49 silly currentTree | +-- dateformat@1.0.12
49 silly currentTree | +-- gulp-util@2.2.20
49 silly currentTree | | `-- through2@0.5.1
49 silly currentTree | +-- has-ansi@0.1.0
49 silly currentTree | +-- isarray@0.0.1
49 silly currentTree | +-- lodash._reinterpolate@2.4.1
49 silly currentTree | +-- lodash.escape@2.4.1
49 silly currentTree | +-- lodash.keys@2.4.1
49 silly currentTree | +-- lodash.template@2.4.1
49 silly currentTree | +-- lodash.templatesettings@2.4.1
49 silly currentTree | +-- minimist@0.2.0
49 silly currentTree | +-- readable-stream@1.0.34
49 silly currentTree | +-- string_decoder@0.10.31
49 silly currentTree | +-- strip-ansi@0.3.0
49 silly currentTree | +-- supports-color@0.2.0
49 silly currentTree | +-- through2@0.4.2
49 silly currentTree | | `-- xtend@2.1.2
49 silly currentTree | +-- vinyl@0.2.3
49 silly currentTree | `-- xtend@3.0.0
49 silly currentTree +-- gulp-concat@2.6.1
49 silly currentTree | +-- clone-stats@1.0.0
49 silly currentTree | +-- clone@2.1.1
49 silly currentTree | +-- replace-ext@1.0.0
49 silly currentTree | `-- vinyl@2.1.0
49 silly currentTree +-- gulp-debug@2.1.2
49 silly currentTree +-- gulp-htmlmin@2.0.0
49 silly currentTree +-- gulp-inject@4.2.0
49 silly currentTree +-- gulp-ng-annotate@2.0.0
49 silly currentTree +-- gulp-sass@2.3.2
49 silly currentTree +-- gulp-uglify@2.1.2
49 silly currentTree | +-- cliui@2.1.0
49 silly currentTree | +-- uglify-js@2.8.29
49 silly currentTree | +-- window-size@0.1.0
49 silly currentTree | `-- yargs@3.10.0
49 silly currentTree +-- gulp-util@3.0.8
49 silly currentTree | +-- minimist@1.2.0
49 silly currentTree | `-- object-assign@3.0.0
49 silly currentTree +-- gulp@3.9.1
49 silly currentTree | +-- minimist@1.2.0
49 silly currentTree | `-- semver@4.3.6
49 silly currentTree +-- gulplog@1.0.0
49 silly currentTree +-- har-validator@2.0.6
49 silly currentTree +-- has-ansi@2.0.0
49 silly currentTree +-- has-binary@0.1.7
49 silly currentTree | `-- isarray@0.0.1
49 silly currentTree +-- has-cors@1.1.0
49 silly currentTree +-- has-gulplog@0.1.0
49 silly currentTree +-- has-unicode@2.0.1
49 silly currentTree +-- hawk@3.1.3
49 silly currentTree +-- he@1.1.1
49 silly currentTree +-- header-case@1.0.1
49 silly currentTree +-- hoek@2.16.3
49 silly currentTree +-- homedir-polyfill@1.0.1
49 silly currentTree +-- hosted-git-info@2.5.0
49 silly currentTree +-- html-minifier@2.1.7
49 silly currentTree | +-- clean-css@3.4.28
49 silly currentTree | | `-- commander@2.8.1
49 silly currentTree | +-- commander@2.9.0
49 silly currentTree | `-- source-map@0.4.4
49 silly currentTree +-- http-errors@1.5.1
49 silly currentTree +-- http-proxy@1.15.2
49 silly currentTree +-- http-signature@1.1.1
49 silly currentTree +-- iferr@0.1.5
49 silly currentTree +-- immutable@3.8.1
49 silly currentTree +-- imurmurhash@0.1.4
49 silly currentTree +-- in-publish@2.0.0
49 silly currentTree +-- indent-string@2.1.0
49 silly currentTree +-- indexof@0.0.1
49 silly currentTree +-- inflight@1.0.6
49 silly currentTree +-- inherits@2.0.3
49 silly currentTree +-- ini@1.3.4
49 silly currentTree +-- interpret@1.0.3
49 silly currentTree +-- invert-kv@1.0.0
49 silly currentTree +-- irregular-plurals@1.3.0
49 silly currentTree +-- is-absolute@0.2.6
49 silly currentTree +-- is-arrayish@0.2.1
49 silly currentTree +-- is-binary-path@1.0.1
49 silly currentTree +-- is-buffer@1.1.5
49 silly currentTree +-- is-builtin-module@1.0.0
49 silly currentTree +-- is-dotfile@1.0.3
49 silly currentTree +-- is-equal-shallow@0.1.3
49 silly currentTree +-- is-extendable@0.1.1
49 silly currentTree +-- is-extglob@1.0.0
49 silly currentTree +-- is-finite@1.0.2
49 silly currentTree +-- is-fullwidth-code-point@1.0.0
49 silly currentTree +-- is-glob@2.0.1
49 silly currentTree +-- is-lower-case@1.1.3
49 silly currentTree +-- is-my-json-valid@2.16.0
49 silly currentTree +-- is-number-like@1.0.8
49 silly currentTree +-- is-number@2.1.0
49 silly currentTree +-- is-plain-obj@1.1.0
49 silly currentTree +-- is-plain-object@2.0.4
49 silly currentTree | `-- isobject@3.0.1
49 silly currentTree +-- is-posix-bracket@0.1.1
49 silly currentTree +-- is-primitive@2.0.0
49 silly currentTree +-- is-property@1.0.2
49 silly currentTree +-- is-regexp@1.0.0
49 silly currentTree +-- is-relative@0.2.1
49 silly currentTree +-- is-typedarray@1.0.0
49 silly currentTree +-- is-unc-path@0.1.2
49 silly currentTree +-- is-upper-case@1.1.2
49 silly currentTree +-- is-utf8@0.2.1
49 silly currentTree +-- is-windows@0.2.0
49 silly currentTree +-- isarray@1.0.0
49 silly currentTree +-- isexe@2.0.0
49 silly currentTree +-- isobject@2.1.0
49 silly currentTree +-- isstream@0.1.2
49 silly currentTree +-- js-base64@2.1.9
49 silly currentTree +-- jsbn@0.1.1
49 silly currentTree +-- json-schema@0.2.3
49 silly currentTree +-- json-stringify-safe@5.0.1
49 silly currentTree +-- json3@3.3.2
49 silly currentTree +-- jsonfile@3.0.1
49 silly currentTree +-- jsonpointer@4.0.1
49 silly currentTree +-- jsprim@1.4.0
49 silly currentTree | `-- assert-plus@1.0.0
49 silly currentTree +-- kind-of@3.2.2
49 silly currentTree +-- lazy-cache@1.0.4
49 silly currentTree +-- lcid@1.0.0
49 silly currentTree +-- liftoff@2.3.0
49 silly currentTree | `-- resolve@1.3.3
49 silly currentTree +-- limiter@1.1.2
49 silly currentTree +-- load-json-file@1.1.0
49 silly currentTree +-- localtunnel@1.8.2
49 silly currentTree | `-- yargs@3.29.0
49 silly currentTree +-- lodash._basecopy@3.0.1
49 silly currentTree +-- lodash._basetostring@3.0.1
49 silly currentTree +-- lodash._basevalues@3.0.0
49 silly currentTree +-- lodash._escapehtmlchar@2.4.1
49 silly currentTree +-- lodash._escapestringchar@2.4.1
49 silly currentTree +-- lodash._getnative@3.9.1
49 silly currentTree +-- lodash._htmlescapes@2.4.1
49 silly currentTree +-- lodash._isiterateecall@3.0.9
49 silly currentTree +-- lodash._isnative@2.4.1
49 silly currentTree +-- lodash._objecttypes@2.4.1
49 silly currentTree +-- lodash._reescape@3.0.0
49 silly currentTree +-- lodash._reevaluate@3.0.0
49 silly currentTree +-- lodash._reinterpolate@3.0.0
49 silly currentTree +-- lodash._reunescapedhtml@2.4.1
49 silly currentTree | `-- lodash.keys@2.4.1
49 silly currentTree +-- lodash._root@3.0.1
49 silly currentTree +-- lodash._shimkeys@2.4.1
49 silly currentTree +-- lodash.assign@4.2.0
49 silly currentTree +-- lodash.clonedeep@4.5.0
49 silly currentTree +-- lodash.defaults@2.4.1
49 silly currentTree | `-- lodash.keys@2.4.1
49 silly currentTree +-- lodash.escape@3.2.0
49 silly currentTree +-- lodash.isarguments@3.1.0
49 silly currentTree +-- lodash.isarray@3.0.4
49 silly currentTree +-- lodash.isfinite@3.3.2
49 silly currentTree +-- lodash.isobject@2.4.1
49 silly currentTree +-- lodash.isplainobject@4.0.6
49 silly currentTree +-- lodash.isstring@4.0.1
49 silly currentTree +-- lodash.keys@3.1.2
49 silly currentTree +-- lodash.mapvalues@4.6.0
49 silly currentTree +-- lodash.restparam@3.6.1
49 silly currentTree +-- lodash.template@3.6.2
49 silly currentTree +-- lodash.templatesettings@3.1.1
49 silly currentTree +-- lodash.values@2.4.1
49 silly currentTree | `-- lodash.keys@2.4.1
49 silly currentTree +-- lodash@4.17.4
49 silly currentTree +-- longest@1.0.1
49 silly currentTree +-- loud-rejection@1.6.0
49 silly currentTree +-- lower-case-first@1.0.2
49 silly currentTree +-- lower-case@1.1.4
49 silly currentTree +-- lru-cache@4.1.1
49 silly currentTree +-- make-error-cause@1.2.2
49 silly currentTree +-- make-error@1.3.0
49 silly currentTree +-- map-cache@0.2.2
49 silly currentTree +-- map-obj@1.0.1
49 silly currentTree +-- map-stream@0.1.0
49 silly currentTree +-- meow@3.7.0
49 silly currentTree | `-- minimist@1.2.0
49 silly currentTree +-- merge@1.2.0
49 silly currentTree +-- micromatch@2.3.11
49 silly currentTree +-- mime-db@1.27.0
49 silly currentTree +-- mime-types@2.1.15
49 silly currentTree +-- mime@1.2.4
49 silly currentTree +-- minimatch@3.0.4
49 silly currentTree +-- minimist@0.0.8
49 silly currentTree +-- mississippi@1.3.0
49 silly currentTree +-- mkdirp@0.5.1
49 silly currentTree +-- move-concurrently@1.0.1
49 silly currentTree +-- ms@0.7.1
49 silly currentTree +-- multipipe@0.1.2
49 silly currentTree +-- nan@2.6.2
49 silly currentTree +-- natives@1.1.0
49 silly currentTree +-- ncname@1.0.0
49 silly currentTree +-- negotiator@0.6.1
49 silly currentTree +-- ng-annotate@1.2.2
49 silly currentTree +-- no-case@2.3.1
49 silly currentTree +-- node-gyp@3.6.2
49 silly currentTree +-- node-sass@3.13.1
49 silly currentTree | +-- gaze@1.1.2
49 silly currentTree | `-- globule@1.2.0
49 silly currentTree +-- node-uuid@1.4.8
49 silly currentTree +-- nopt@3.0.6
49 silly currentTree +-- normalize-package-data@2.4.0
49 silly currentTree +-- normalize-path@2.1.1
49 silly currentTree +-- npmlog@4.1.2
49 silly currentTree +-- number-is-nan@1.0.1
49 silly currentTree +-- oauth-sign@0.8.2
49 silly currentTree +-- object-assign@4.1.1
49 silly currentTree +-- object-component@0.0.3
49 silly currentTree +-- object-keys@0.4.0
49 silly currentTree +-- object-path@0.9.2
49 silly currentTree +-- object.defaults@1.1.0
49 silly currentTree | +-- for-own@1.0.0
49 silly currentTree | `-- isobject@3.0.1
49 silly currentTree +-- object.omit@2.0.1
49 silly currentTree +-- object.pick@1.2.0
49 silly currentTree +-- on-finished@2.3.0
49 silly currentTree +-- once@1.4.0
49 silly currentTree +-- openurl@1.1.0
49 silly currentTree +-- opn@4.0.2
49 silly currentTree +-- optimist@0.6.1
49 silly currentTree +-- options@0.0.6
49 silly currentTree +-- orchestrator@0.3.8
49 silly currentTree | +-- end-of-stream@0.1.5
49 silly currentTree | `-- once@1.3.3
49 silly currentTree +-- ordered-ast-traverse@1.1.1
49 silly currentTree +-- ordered-esprima-props@1.1.0
49 silly currentTree +-- ordered-read-streams@0.1.0
49 silly currentTree +-- os-homedir@1.0.2
49 silly currentTree +-- os-locale@1.4.0
49 silly currentTree +-- os-tmpdir@1.0.2
49 silly currentTree +-- osenv@0.1.4
49 silly currentTree +-- parallel-transform@1.1.0
49 silly currentTree +-- param-case@2.1.1
49 silly currentTree +-- parse-filepath@1.0.1
49 silly currentTree +-- parse-glob@3.0.4
49 silly currentTree +-- parse-json@2.2.0
49 silly currentTree +-- parse-passwd@1.0.0
49 silly currentTree +-- parsejson@0.0.3
49 silly currentTree +-- parseqs@0.0.5
49 silly currentTree +-- parseuri@0.0.5
49 silly currentTree +-- parseurl@1.3.1
49 silly currentTree +-- pascal-case@2.0.1
49 silly currentTree +-- path-case@2.1.1
49 silly currentTree +-- path-exists@2.1.0
49 silly currentTree +-- path-is-absolute@1.0.1
49 silly currentTree +-- path-parse@1.0.5
49 silly currentTree +-- path-root-regex@0.1.2
49 silly currentTree +-- path-root@0.1.1
49 silly currentTree +-- path-type@1.1.0
49 silly currentTree +-- pause-stream@0.0.11
49 silly currentTree +-- pify@2.3.0
49 silly currentTree +-- pinkie-promise@2.0.1
49 silly currentTree +-- pinkie@2.0.4
49 silly currentTree +-- plur@2.1.2
49 silly currentTree +-- portscanner@2.1.1
49 silly currentTree +-- preserve@0.2.0
49 silly currentTree +-- pretty-hrtime@1.0.3
49 silly currentTree +-- process-nextick-args@1.0.7
49 silly currentTree +-- promise-inflight@1.0.1
49 silly currentTree +-- pseudomap@1.0.2
49 silly currentTree +-- pump@1.0.2
49 silly currentTree +-- pumpify@1.3.5
49 silly currentTree +-- punycode@1.4.1
49 silly currentTree +-- q@1.5.0
49 silly currentTree +-- qs@6.2.1
49 silly currentTree +-- randomatic@1.1.7
49 silly currentTree | +-- is-number@3.0.0
49 silly currentTree | | `-- kind-of@3.2.2
49 silly currentTree | `-- kind-of@4.0.0
49 silly currentTree +-- range-parser@1.2.0
49 silly currentTree +-- rc@1.0.3
49 silly currentTree +-- read-pkg-up@1.0.1
49 silly currentTree +-- read-pkg@1.1.0
49 silly currentTree +-- readable-stream@2.3.3
49 silly currentTree +-- readdirp@2.1.0
49 silly currentTree +-- rechoir@0.6.2
49 silly currentTree | `-- resolve@1.3.3
49 silly currentTree +-- redent@1.0.0
49 silly currentTree +-- regex-cache@0.4.3
49 silly currentTree +-- relateurl@0.2.7
49 silly currentTree +-- remove-trailing-separator@1.0.2
49 silly currentTree +-- repeat-element@1.1.2
49 silly currentTree +-- repeat-string@1.6.1
49 silly currentTree +-- repeating@2.0.1
49 silly currentTree +-- replace-ext@0.0.1
49 silly currentTree +-- request@2.78.0
49 silly currentTree | `-- qs@6.3.2
49 silly currentTree +-- require-directory@2.1.1
49 silly currentTree +-- require-main-filename@1.0.1
49 silly currentTree +-- requireg@0.1.6
49 silly currentTree +-- requires-port@1.0.0
49 silly currentTree +-- resolve-dir@0.1.1
49 silly currentTree +-- resolve@0.6.3
49 silly currentTree +-- resp-modifier@6.0.2
49 silly currentTree +-- right-align@0.1.3
49 silly currentTree +-- rimraf@2.6.1
49 silly currentTree +-- run-queue@1.0.3
49 silly currentTree +-- rx@4.1.0
49 silly currentTree +-- safe-buffer@5.1.1
49 silly currentTree +-- sass-graph@2.2.4
49 silly currentTree | +-- camelcase@3.0.0
49 silly currentTree | +-- yargs-parser@5.0.0
49 silly currentTree | `-- yargs@7.1.0
49 silly currentTree +-- scss-tokenizer@0.2.3
49 silly currentTree | `-- source-map@0.4.4
49 silly currentTree +-- semver@5.3.0
49 silly currentTree +-- send@0.15.2
49 silly currentTree | +-- debug@2.6.4
49 silly currentTree | | `-- ms@0.7.3
49 silly currentTree | +-- fresh@0.5.0
49 silly currentTree | +-- http-errors@1.6.1
49 silly currentTree | +-- mime@1.3.4
49 silly currentTree | +-- ms@1.0.0
49 silly currentTree | `-- setprototypeof@1.0.3
49 silly currentTree +-- sentence-case@2.1.1
49 silly currentTree +-- sequencify@0.0.7
49 silly currentTree +-- serve-index@1.8.0
49 silly currentTree +-- serve-static@1.12.2
49 silly currentTree +-- server-destroy@1.0.1
49 silly currentTree +-- set-blocking@2.0.0
49 silly currentTree +-- set-immediate-shim@1.0.1
49 silly currentTree +-- set-value@0.4.3
49 silly currentTree +-- setprototypeof@1.0.2
49 silly currentTree +-- sigmund@1.0.1
49 silly currentTree +-- signal-exit@3.0.2
49 silly currentTree +-- simple-fmt@0.1.0
49 silly currentTree +-- simple-is@0.2.0
49 silly currentTree +-- snake-case@2.1.0
49 silly currentTree +-- sntp@1.0.9
49 silly currentTree +-- socket.io-adapter@0.5.0
49 silly currentTree | +-- debug@2.3.3
49 silly currentTree | `-- ms@0.7.2
49 silly currentTree +-- socket.io-client@1.6.0
49 silly currentTree | +-- component-emitter@1.2.1
49 silly currentTree | +-- debug@2.3.3
49 silly currentTree | `-- ms@0.7.2
49 silly currentTree +-- socket.io-parser@2.3.1
49 silly currentTree | `-- isarray@0.0.1
49 silly currentTree +-- socket.io@1.6.0
49 silly currentTree | +-- debug@2.3.3
49 silly currentTree | +-- ms@0.7.2
49 silly currentTree | `-- object-assign@4.1.0
49 silly currentTree +-- source-map@0.5.6
49 silly currentTree +-- sparkles@1.0.0
49 silly currentTree +-- spdx-correct@1.0.2
49 silly currentTree +-- spdx-expression-parse@1.0.4
49 silly currentTree +-- spdx-license-ids@1.2.2
49 silly currentTree +-- split-string@1.0.1
49 silly currentTree +-- split@0.3.3
49 silly currentTree +-- sshpk@1.13.1
49 silly currentTree | `-- assert-plus@1.0.0
49 silly currentTree +-- ssri@4.1.6
49 silly currentTree +-- stable@0.1.6
49 silly currentTree +-- statuses@1.3.1
49 silly currentTree +-- stream-combiner@0.0.4
49 silly currentTree +-- stream-consume@0.1.0
49 silly currentTree +-- stream-each@1.2.0
49 silly currentTree +-- stream-shift@1.0.0
49 silly currentTree +-- stream-throttle@0.1.3
49 silly currentTree +-- stream-to-array@2.3.0
49 silly currentTree +-- string_decoder@1.0.3
49 silly currentTree +-- string-width@1.0.2
49 silly currentTree +-- stringify-object@2.4.0
49 silly currentTree +-- stringmap@0.2.2
49 silly currentTree +-- stringset@0.2.1
49 silly currentTree +-- stringstream@0.0.5
49 silly currentTree +-- strip-ansi@3.0.1
49 silly currentTree +-- strip-bom@2.0.0
49 silly currentTree +-- strip-indent@1.0.1
49 silly currentTree +-- strip-json-comments@0.1.3
49 silly currentTree +-- supports-color@2.0.0
49 silly currentTree +-- swap-case@1.1.2
49 silly currentTree +-- tar-fs@1.15.2
49 silly currentTree +-- tar-stream@1.5.4
49 silly currentTree +-- tar@2.2.1
49 silly currentTree +-- tfunk@3.1.0
49 silly currentTree +-- through@2.3.8
49 silly currentTree +-- through2@2.0.3
49 silly currentTree +-- tildify@1.2.0
49 silly currentTree +-- time-stamp@1.1.0
49 silly currentTree +-- title-case@2.1.1
49 silly currentTree +-- to-array@0.1.4
49 silly currentTree +-- to-object-path@0.3.0
49 silly currentTree +-- tough-cookie@2.3.2
49 silly currentTree +-- trim-newlines@1.0.0
49 silly currentTree +-- tryit@1.0.3
49 silly currentTree +-- tryor@0.1.2
49 silly currentTree +-- tunnel-agent@0.4.3
49 silly currentTree +-- tweetnacl@0.14.5
49 silly currentTree +-- typedarray@0.0.6
49 silly currentTree +-- ua-parser-js@0.7.12
49 silly currentTree +-- uglify-js@2.6.4
49 silly currentTree | +-- async@0.2.10
49 silly currentTree | +-- cliui@2.1.0
49 silly currentTree | +-- window-size@0.1.0
49 silly currentTree | `-- yargs@3.10.0
49 silly currentTree +-- uglify-save-license@0.4.1
49 silly currentTree +-- uglify-to-browserify@1.0.2
49 silly currentTree +-- ultron@1.0.2
49 silly currentTree +-- unc-path-regex@0.1.2
49 silly currentTree +-- underscore@1.7.0
49 silly currentTree +-- union-value@0.2.4
49 silly currentTree +-- unique-filename@1.1.0
49 silly currentTree +-- unique-slug@2.0.0
49 silly currentTree +-- unique-stream@1.0.0
49 silly currentTree +-- universalify@0.1.0
49 silly currentTree +-- unpipe@1.0.0
49 silly currentTree +-- upper-case-first@1.1.2
49 silly currentTree +-- upper-case@1.1.3
49 silly currentTree +-- user-home@1.1.1
49 silly currentTree +-- util-deprecate@1.0.2
49 silly currentTree +-- utils-merge@1.0.0
49 silly currentTree +-- v8flags@2.1.1
49 silly currentTree +-- validate-npm-package-license@3.0.1
49 silly currentTree +-- verror@1.3.6
49 silly currentTree +-- vinyl-fs@0.3.14
49 silly currentTree | +-- clone@0.2.0
49 silly currentTree | +-- graceful-fs@3.0.11
49 silly currentTree | +-- isarray@0.0.1
49 silly currentTree | +-- readable-stream@1.0.34
49 silly currentTree | +-- string_decoder@0.10.31
49 silly currentTree | +-- strip-bom@1.0.0
49 silly currentTree | +-- through2@0.6.5
49 silly currentTree | `-- vinyl@0.4.6
49 silly currentTree +-- vinyl-sourcemaps-apply@0.2.1
49 silly currentTree +-- vinyl@0.5.3
49 silly currentTree +-- weinre@2.0.0-pre-I0Z7U9OV
49 silly currentTree +-- which-module@1.0.0
49 silly currentTree +-- which@1.2.14
49 silly currentTree +-- wide-align@1.1.2
49 silly currentTree +-- window-size@0.1.4
49 silly currentTree +-- wordwrap@0.0.2
49 silly currentTree +-- wrap-ansi@2.1.0
49 silly currentTree +-- wrappy@1.0.2
49 silly currentTree +-- ws@1.1.1
49 silly currentTree +-- wtf-8@1.0.0
49 silly currentTree +-- xml-char-classes@1.0.0
49 silly currentTree +-- xmlhttprequest-ssl@1.5.3
49 silly currentTree +-- xtend@4.0.1
49 silly currentTree +-- y18n@3.2.1
49 silly currentTree +-- yallist@2.1.2
49 silly currentTree +-- yargs-parser@4.2.1
49 silly currentTree | `-- camelcase@3.0.0
49 silly currentTree +-- yargs@6.4.0
49 silly currentTree | +-- camelcase@3.0.0
49 silly currentTree | `-- window-size@0.2.0
49 silly currentTree `-- yeast@0.1.2
50 silly idealTree care-point@1.0.0
50 silly idealTree +-- abbrev@1.1.0
50 silly idealTree +-- accepts@1.3.3
50 silly idealTree +-- acorn@2.6.4
50 silly idealTree +-- after@0.8.1
50 silly idealTree +-- align-text@0.1.4
50 silly idealTree +-- alter@0.2.0
50 silly idealTree +-- amdefine@1.0.1
50 silly idealTree +-- ansi-regex@2.1.1
50 silly idealTree +-- ansi-styles@2.2.1
50 silly idealTree +-- any-promise@1.3.0
50 silly idealTree +-- anymatch@1.3.0
50 silly idealTree +-- aproba@1.1.2
50 silly idealTree +-- archy@1.0.0
50 silly idealTree +-- are-we-there-yet@1.1.4
50 silly idealTree +-- arr-diff@2.0.0
50 silly idealTree +-- arr-flatten@1.1.0
50 silly idealTree +-- arr-union@3.1.0
50 silly idealTree +-- array-differ@1.0.0
50 silly idealTree +-- array-each@1.0.1
50 silly idealTree +-- array-find-index@1.0.2
50 silly idealTree +-- array-slice@1.0.0
50 silly idealTree +-- array-uniq@1.0.3
50 silly idealTree +-- array-unique@0.2.1
50 silly idealTree +-- arraybuffer.slice@0.0.6
50 silly idealTree +-- arrify@1.0.1
50 silly idealTree +-- asn1@0.2.3
50 silly idealTree +-- assert-plus@0.2.0
50 silly idealTree +-- async-each-series@0.1.1
50 silly idealTree +-- async-each@1.0.1
50 silly idealTree +-- async-foreach@0.1.3
50 silly idealTree +-- async@1.5.2
50 silly idealTree +-- asynckit@0.4.0
50 silly idealTree +-- aws-sign2@0.6.0
50 silly idealTree +-- aws4@1.6.0
50 silly idealTree +-- backo2@1.0.2
50 silly idealTree +-- balanced-match@1.0.0
50 silly idealTree +-- base64-arraybuffer@0.1.5
50 silly idealTree +-- base64id@0.1.0
50 silly idealTree +-- batch@0.5.3
50 silly idealTree +-- bcrypt-pbkdf@1.0.1
50 silly idealTree +-- beeper@1.1.1
50 silly idealTree +-- better-assert@1.0.2
50 silly idealTree +-- binary-extensions@1.8.0
50 silly idealTree +-- bl@1.2.1
50 silly idealTree +-- blob@0.0.4
50 silly idealTree +-- block-stream@0.0.9
50 silly idealTree +-- bluebird@3.5.0
50 silly idealTree +-- boom@2.10.1
50 silly idealTree +-- bower-npm-resolver@0.8.1
50 silly idealTree +-- brace-expansion@1.1.8
50 silly idealTree +-- braces@1.8.5
50 silly idealTree +-- browser-sync-client@2.5.1
50 silly idealTree +-- browser-sync-ui@0.6.3
50 silly idealTree +-- browser-sync@2.18.12
50 silly idealTree +-- bs-recipes@1.3.4
50 silly idealTree +-- bufferstreams@1.1.1
50 silly idealTree +-- builtin-modules@1.1.1
50 silly idealTree +-- cacache@9.2.6
50 silly idealTree +-- callsite@1.0.0
50 silly idealTree +-- camel-case@3.0.0
50 silly idealTree +-- camelcase-keys@2.1.0
50 silly idealTree | `-- camelcase@2.1.1
50 silly idealTree +-- camelcase@1.2.1
50 silly idealTree +-- caseless@0.11.0
50 silly idealTree +-- center-align@0.1.3
50 silly idealTree +-- chalk@1.1.3
50 silly idealTree +-- change-case@3.0.1
50 silly idealTree +-- chokidar@1.7.0
50 silly idealTree +-- chownr@1.0.1
50 silly idealTree +-- clean-css@4.1.7
50 silly idealTree +-- cliui@3.2.0
50 silly idealTree +-- clone-buffer@1.0.0
50 silly idealTree +-- clone-stats@0.0.1
50 silly idealTree +-- clone@1.0.2
50 silly idealTree +-- cloneable-readable@1.0.0
50 silly idealTree +-- code-point-at@1.1.0
50 silly idealTree +-- combined-stream@1.0.5
50 silly idealTree +-- commander@2.11.0
50 silly idealTree +-- component-bind@1.0.0
50 silly idealTree +-- component-emitter@1.1.2
50 silly idealTree +-- component-inherit@0.0.3
50 silly idealTree +-- concat-map@0.0.1
50 silly idealTree +-- concat-stream@1.6.0
50 silly idealTree +-- concat-with-sourcemaps@1.0.4
50 silly idealTree +-- connect-history-api-fallback@1.3.0
50 silly idealTree +-- connect@3.5.0
50 silly idealTree +-- console-control-strings@1.1.0
50 silly idealTree +-- constant-case@2.0.0
50 silly idealTree +-- convert-source-map@1.1.3
50 silly idealTree +-- cookie@0.3.1
50 silly idealTree +-- copy-concurrently@1.0.3
50 silly idealTree +-- core-util-is@1.0.2
50 silly idealTree +-- cross-spawn@3.0.1
50 silly idealTree +-- cryptiles@2.0.5
50 silly idealTree +-- currently-unhandled@0.4.1
50 silly idealTree +-- cyclist@0.2.2
50 silly idealTree +-- dashdash@1.14.1
50 silly idealTree | `-- assert-plus@1.0.0
50 silly idealTree +-- dateformat@2.0.0
50 silly idealTree +-- debug@2.2.0
50 silly idealTree +-- decamelize@1.2.0
50 silly idealTree +-- deep-extend@0.2.11
50 silly idealTree +-- defaults@1.0.3
50 silly idealTree +-- delayed-stream@1.0.0
50 silly idealTree +-- delegates@1.0.0
50 silly idealTree +-- depd@1.1.0
50 silly idealTree +-- deprecated@0.0.1
50 silly idealTree +-- destroy@1.0.4
50 silly idealTree +-- detect-file@0.1.0
50 silly idealTree +-- dev-ip@1.0.1
50 silly idealTree +-- dot-case@2.1.1
50 silly idealTree +-- duplexer@0.1.1
50 silly idealTree +-- duplexer2@0.0.2
50 silly idealTree | +-- isarray@0.0.1
50 silly idealTree | +-- readable-stream@1.1.14
50 silly idealTree | `-- string_decoder@0.10.31
50 silly idealTree +-- duplexify@3.5.0
50 silly idealTree | +-- end-of-stream@1.0.0
50 silly idealTree | `-- once@1.3.3
50 silly idealTree +-- easy-extender@2.3.2
50 silly idealTree | `-- lodash@3.10.1
50 silly idealTree +-- eazy-logger@3.0.2
50 silly idealTree +-- ecc-jsbn@0.1.1
50 silly idealTree +-- ee-first@1.1.1
50 silly idealTree +-- emitter-steward@1.0.0
50 silly idealTree +-- encodeurl@1.0.1
50 silly idealTree +-- end-of-stream@1.4.0
50 silly idealTree +-- engine.io-client@1.8.0
50 silly idealTree | +-- component-emitter@1.2.1
50 silly idealTree | +-- debug@2.3.3
50 silly idealTree | `-- ms@0.7.2
50 silly idealTree +-- engine.io-parser@1.3.1
50 silly idealTree | +-- has-binary@0.1.6
50 silly idealTree | `-- isarray@0.0.1
50 silly idealTree +-- engine.io@1.8.0
50 silly idealTree | +-- debug@2.3.3
50 silly idealTree | `-- ms@0.7.2
50 silly idealTree +-- error-ex@1.3.1
50 silly idealTree +-- escape-html@1.0.3
50 silly idealTree +-- escape-string-regexp@1.0.5
50 silly idealTree +-- etag@1.8.0
50 silly idealTree +-- event-stream@3.3.4
50 silly idealTree +-- eventemitter3@1.2.0
50 silly idealTree +-- expand-brackets@0.1.5
50 silly idealTree +-- expand-range@1.8.2
50 silly idealTree +-- expand-tilde@1.2.2
50 silly idealTree +-- express@2.5.11
50 silly idealTree | +-- connect@1.9.2
50 silly idealTree | +-- mkdirp@0.3.0
50 silly idealTree | `-- qs@0.4.2
50 silly idealTree +-- extend-shallow@2.0.1
50 silly idealTree +-- extend@3.0.1
50 silly idealTree +-- extglob@0.3.2
50 silly idealTree +-- extsprintf@1.0.2
50 silly idealTree +-- fancy-log@1.3.0
50 silly idealTree +-- filename-regex@2.0.1
50 silly idealTree +-- fill-range@2.2.3
50 silly idealTree +-- finalhandler@0.5.0
50 silly idealTree +-- find-index@0.1.1
50 silly idealTree +-- find-up@1.1.2
50 silly idealTree +-- findup-sync@0.4.3
50 silly idealTree +-- fined@1.1.0
50 silly idealTree | `-- expand-tilde@2.0.2
50 silly idealTree +-- first-chunk-stream@1.0.0
50 silly idealTree +-- flagged-respawn@0.3.2
50 silly idealTree +-- flush-write-stream@1.0.2
50 silly idealTree +-- for-in@1.0.2
50 silly idealTree +-- for-own@0.1.5
50 silly idealTree +-- forever-agent@0.6.1
50 silly idealTree +-- form-data@2.1.4
50 silly idealTree +-- formidable@1.0.17
50 silly idealTree +-- fresh@0.3.0
50 silly idealTree +-- from@0.1.7
50 silly idealTree +-- from2@2.3.0
50 silly idealTree +-- fs-exists-sync@0.1.0
50 silly idealTree +-- fs-extra@3.0.1
50 silly idealTree +-- fs-write-stream-atomic@1.0.10
50 silly idealTree +-- fs.realpath@1.0.0
50 silly idealTree +-- fstream@1.0.11
50 silly idealTree +-- gauge@2.7.4
50 silly idealTree +-- gaze@0.5.2
50 silly idealTree +-- generate-function@2.0.0
50 silly idealTree +-- generate-object-property@1.2.0
50 silly idealTree +-- get-caller-file@1.0.2
50 silly idealTree +-- get-stdin@4.0.1
50 silly idealTree +-- get-value@2.0.6
50 silly idealTree +-- getpass@0.1.7
50 silly idealTree | `-- assert-plus@1.0.0
50 silly idealTree +-- glob-base@0.3.0
50 silly idealTree +-- glob-parent@2.0.0
50 silly idealTree +-- glob-stream@3.1.18
50 silly idealTree | +-- glob@4.5.3
50 silly idealTree | +-- isarray@0.0.1
50 silly idealTree | +-- minimatch@2.0.10
50 silly idealTree | +-- readable-stream@1.0.34
50 silly idealTree | +-- string_decoder@0.10.31
50 silly idealTree | `-- through2@0.6.5
50 silly idealTree +-- glob-watcher@0.0.6
50 silly idealTree +-- glob@7.1.2
50 silly idealTree +-- glob2base@0.0.12
50 silly idealTree +-- global-modules@0.2.3
50 silly idealTree +-- global-prefix@0.1.5
50 silly idealTree +-- globule@0.1.0
50 silly idealTree | +-- glob@3.1.21
50 silly idealTree | +-- graceful-fs@1.2.3
50 silly idealTree | +-- inherits@1.0.2
50 silly idealTree | +-- lodash@1.0.2
50 silly idealTree | +-- lru-cache@2.7.3
50 silly idealTree | `-- minimatch@0.2.14
50 silly idealTree +-- glogg@1.0.0
50 silly idealTree +-- graceful-fs@4.1.11
50 silly idealTree +-- graceful-readlink@1.0.1
50 silly idealTree +-- group-array@0.3.3
50 silly idealTree +-- gulp-clean-css@2.4.0
50 silly idealTree +-- gulp-clean@0.3.2
50 silly idealTree | +-- ansi-regex@0.2.1
50 silly idealTree | +-- ansi-styles@1.1.0
50 silly idealTree | +-- chalk@0.5.1
50 silly idealTree | +-- dateformat@1.0.12
50 silly idealTree | +-- gulp-util@2.2.20
50 silly idealTree | | `-- through2@0.5.1
50 silly idealTree | +-- has-ansi@0.1.0
50 silly idealTree | +-- isarray@0.0.1
50 silly idealTree | +-- lodash._reinterpolate@2.4.1
50 silly idealTree | +-- lodash.escape@2.4.1
50 silly idealTree | +-- lodash.keys@2.4.1
50 silly idealTree | +-- lodash.template@2.4.1
50 silly idealTree | +-- lodash.templatesettings@2.4.1
50 silly idealTree | +-- minimist@0.2.0
50 silly idealTree | +-- readable-stream@1.0.34
50 silly idealTree | +-- string_decoder@0.10.31
50 silly idealTree | +-- strip-ansi@0.3.0
50 silly idealTree | +-- supports-color@0.2.0
50 silly idealTree | +-- through2@0.4.2
50 silly idealTree | | `-- xtend@2.1.2
50 silly idealTree | +-- vinyl@0.2.3
50 silly idealTree | `-- xtend@3.0.0
50 silly idealTree +-- gulp-concat@2.6.1
50 silly idealTree | +-- clone-stats@1.0.0
50 silly idealTree | +-- clone@2.1.1
50 silly idealTree | +-- replace-ext@1.0.0
50 silly idealTree | `-- vinyl@2.1.0
50 silly idealTree +-- gulp-debug@2.1.2
50 silly idealTree +-- gulp-htmlmin@2.0.0
50 silly idealTree +-- gulp-inject@4.2.0
50 silly idealTree +-- gulp-ng-annotate@2.0.0
50 silly idealTree +-- gulp-sass@2.3.2
50 silly idealTree +-- gulp-uglify@2.1.2
50 silly idealTree | +-- cliui@2.1.0
50 silly idealTree | +-- uglify-js@2.8.29
50 silly idealTree | +-- window-size@0.1.0
50 silly idealTree | `-- yargs@3.10.0
50 silly idealTree +-- gulp-util@3.0.8
50 silly idealTree | +-- minimist@1.2.0
50 silly idealTree | `-- object-assign@3.0.0
50 silly idealTree +-- gulp@3.9.1
50 silly idealTree | +-- minimist@1.2.0
50 silly idealTree | `-- semver@4.3.6
50 silly idealTree +-- gulplog@1.0.0
50 silly idealTree +-- har-validator@2.0.6
50 silly idealTree +-- has-ansi@2.0.0
50 silly idealTree +-- has-binary@0.1.7
50 silly idealTree | `-- isarray@0.0.1
50 silly idealTree +-- has-cors@1.1.0
50 silly idealTree +-- has-gulplog@0.1.0
50 silly idealTree +-- has-unicode@2.0.1
50 silly idealTree +-- hawk@3.1.3
50 silly idealTree +-- he@1.1.1
50 silly idealTree +-- header-case@1.0.1
50 silly idealTree +-- hoek@2.16.3
50 silly idealTree +-- homedir-polyfill@1.0.1
50 silly idealTree +-- hosted-git-info@2.5.0
50 silly idealTree +-- html-minifier@2.1.7
50 silly idealTree | +-- clean-css@3.4.28
50 silly idealTree | | `-- commander@2.8.1
50 silly idealTree | +-- commander@2.9.0
50 silly idealTree | `-- source-map@0.4.4
50 silly idealTree +-- http-errors@1.5.1
50 silly idealTree +-- http-proxy@1.15.2
50 silly idealTree +-- http-signature@1.1.1
50 silly idealTree +-- iferr@0.1.5
50 silly idealTree +-- immutable@3.8.1
50 silly idealTree +-- imurmurhash@0.1.4
50 silly idealTree +-- in-publish@2.0.0
50 silly idealTree +-- indent-string@2.1.0
50 silly idealTree +-- indexof@0.0.1
50 silly idealTree +-- inflight@1.0.6
50 silly idealTree +-- inherits@2.0.3
50 silly idealTree +-- ini@1.3.4
50 silly idealTree +-- interpret@1.0.3
50 silly idealTree +-- invert-kv@1.0.0
50 silly idealTree +-- irregular-plurals@1.3.0
50 silly idealTree +-- is-absolute@0.2.6
50 silly idealTree +-- is-arrayish@0.2.1
50 silly idealTree +-- is-binary-path@1.0.1
50 silly idealTree +-- is-buffer@1.1.5
50 silly idealTree +-- is-builtin-module@1.0.0
50 silly idealTree +-- is-dotfile@1.0.3
50 silly idealTree +-- is-equal-shallow@0.1.3
50 silly idealTree +-- is-extendable@0.1.1
50 silly idealTree +-- is-extglob@1.0.0
50 silly idealTree +-- is-finite@1.0.2
50 silly idealTree +-- is-fullwidth-code-point@1.0.0
50 silly idealTree +-- is-glob@2.0.1
50 silly idealTree +-- is-lower-case@1.1.3
50 silly idealTree +-- is-my-json-valid@2.16.0
50 silly idealTree +-- is-number-like@1.0.8
50 silly idealTree +-- is-number@2.1.0
50 silly idealTree +-- is-plain-obj@1.1.0
50 silly idealTree +-- is-plain-object@2.0.4
50 silly idealTree | `-- isobject@3.0.1
50 silly idealTree +-- is-posix-bracket@0.1.1
50 silly idealTree +-- is-primitive@2.0.0
50 silly idealTree +-- is-property@1.0.2
50 silly idealTree +-- is-regexp@1.0.0
50 silly idealTree +-- is-relative@0.2.1
50 silly idealTree +-- is-typedarray@1.0.0
50 silly idealTree +-- is-unc-path@0.1.2
50 silly idealTree +-- is-upper-case@1.1.2
50 silly idealTree +-- is-utf8@0.2.1
50 silly idealTree +-- is-windows@0.2.0
50 silly idealTree +-- isarray@1.0.0
50 silly idealTree +-- isexe@2.0.0
50 silly idealTree +-- isobject@2.1.0
50 silly idealTree +-- isstream@0.1.2
50 silly idealTree +-- js-base64@2.1.9
50 silly idealTree +-- jsbn@0.1.1
50 silly idealTree +-- json-schema@0.2.3
50 silly idealTree +-- json-stringify-safe@5.0.1
50 silly idealTree +-- json3@3.3.2
50 silly idealTree +-- jsonfile@3.0.1
50 silly idealTree +-- jsonpointer@4.0.1
50 silly idealTree +-- jsprim@1.4.0
50 silly idealTree | `-- assert-plus@1.0.0
50 silly idealTree +-- kind-of@3.2.2
50 silly idealTree +-- lazy-cache@1.0.4
50 silly idealTree +-- lcid@1.0.0
50 silly idealTree +-- liftoff@2.3.0
50 silly idealTree | `-- resolve@1.3.3
50 silly idealTree +-- limiter@1.1.2
50 silly idealTree +-- load-json-file@1.1.0
50 silly idealTree +-- localtunnel@1.8.2
50 silly idealTree | `-- yargs@3.29.0
50 silly idealTree +-- lodash._basecopy@3.0.1
50 silly idealTree +-- lodash._basetostring@3.0.1
50 silly idealTree +-- lodash._basevalues@3.0.0
50 silly idealTree +-- lodash._escapehtmlchar@2.4.1
50 silly idealTree +-- lodash._escapestringchar@2.4.1
50 silly idealTree +-- lodash._getnative@3.9.1
50 silly idealTree +-- lodash._htmlescapes@2.4.1
50 silly idealTree +-- lodash._isiterateecall@3.0.9
50 silly idealTree +-- lodash._isnative@2.4.1
50 silly idealTree +-- lodash._objecttypes@2.4.1
50 silly idealTree +-- lodash._reescape@3.0.0
50 silly idealTree +-- lodash._reevaluate@3.0.0
50 silly idealTree +-- lodash._reinterpolate@3.0.0
50 silly idealTree +-- lodash._reunescapedhtml@2.4.1
50 silly idealTree | `-- lodash.keys@2.4.1
50 silly idealTree +-- lodash._root@3.0.1
50 silly idealTree +-- lodash._shimkeys@2.4.1
50 silly idealTree +-- lodash.assign@4.2.0
50 silly idealTree +-- lodash.clonedeep@4.5.0
50 silly idealTree +-- lodash.defaults@2.4.1
50 silly idealTree | `-- lodash.keys@2.4.1
50 silly idealTree +-- lodash.escape@3.2.0
50 silly idealTree +-- lodash.isarguments@3.1.0
50 silly idealTree +-- lodash.isarray@3.0.4
50 silly idealTree +-- lodash.isfinite@3.3.2
50 silly idealTree +-- lodash.isobject@2.4.1
50 silly idealTree +-- lodash.isplainobject@4.0.6
50 silly idealTree +-- lodash.isstring@4.0.1
50 silly idealTree +-- lodash.keys@3.1.2
50 silly idealTree +-- lodash.mapvalues@4.6.0
50 silly idealTree +-- lodash.restparam@3.6.1
50 silly idealTree +-- lodash.template@3.6.2
50 silly idealTree +-- lodash.templatesettings@3.1.1
50 silly idealTree +-- lodash.values@2.4.1
50 silly idealTree | `-- lodash.keys@2.4.1
50 silly idealTree +-- lodash@4.17.4
50 silly idealTree +-- longest@1.0.1
50 silly idealTree +-- loud-rejection@1.6.0
50 silly idealTree +-- lower-case-first@1.0.2
50 silly idealTree +-- lower-case@1.1.4
50 silly idealTree +-- lru-cache@4.1.1
50 silly idealTree +-- make-error-cause@1.2.2
50 silly idealTree +-- make-error@1.3.0
50 silly idealTree +-- map-cache@0.2.2
50 silly idealTree +-- map-obj@1.0.1
50 silly idealTree +-- map-stream@0.1.0
50 silly idealTree +-- meow@3.7.0
50 silly idealTree | `-- minimist@1.2.0
50 silly idealTree +-- merge@1.2.0
50 silly idealTree +-- micromatch@2.3.11
50 silly idealTree +-- mime-db@1.27.0
50 silly idealTree +-- mime-types@2.1.15
50 silly idealTree +-- mime@1.2.4
50 silly idealTree +-- minimatch@3.0.4
50 silly idealTree +-- minimist@0.0.8
50 silly idealTree +-- mississippi@1.3.0
50 silly idealTree +-- mkdirp@0.5.1
50 silly idealTree +-- move-concurrently@1.0.1
50 silly idealTree +-- ms@0.7.1
50 silly idealTree +-- multipipe@0.1.2
50 silly idealTree +-- nan@2.6.2
50 silly idealTree +-- natives@1.1.0
50 silly idealTree +-- ncname@1.0.0
50 silly idealTree +-- negotiator@0.6.1
50 silly idealTree +-- ng-annotate@1.2.2
50 silly idealTree +-- no-case@2.3.1
50 silly idealTree +-- node-gyp@3.6.2
50 silly idealTree +-- node-sass@3.13.1
50 silly idealTree | +-- gaze@1.1.2
50 silly idealTree | `-- globule@1.2.0
50 silly idealTree +-- node-uuid@1.4.8
50 silly idealTree +-- nopt@3.0.6
50 silly idealTree +-- normalize-package-data@2.4.0
50 silly idealTree +-- normalize-path@2.1.1
50 silly idealTree +-- npmlog@4.1.2
50 silly idealTree +-- number-is-nan@1.0.1
50 silly idealTree +-- oauth-sign@0.8.2
50 silly idealTree +-- object-assign@4.1.1
50 silly idealTree +-- object-component@0.0.3
50 silly idealTree +-- object-keys@0.4.0
50 silly idealTree +-- object-path@0.9.2
50 silly idealTree +-- object.defaults@1.1.0
50 silly idealTree | +-- for-own@1.0.0
50 silly idealTree | `-- isobject@3.0.1
50 silly idealTree +-- object.omit@2.0.1
50 silly idealTree +-- object.pick@1.2.0
50 silly idealTree +-- on-finished@2.3.0
50 silly idealTree +-- once@1.4.0
50 silly idealTree +-- openurl@1.1.0
50 silly idealTree +-- opn@4.0.2
50 silly idealTree +-- optimist@0.6.1
50 silly idealTree +-- options@0.0.6
50 silly idealTree +-- orchestrator@0.3.8
50 silly idealTree | +-- end-of-stream@0.1.5
50 silly idealTree | `-- once@1.3.3
50 silly idealTree +-- ordered-ast-traverse@1.1.1
50 silly idealTree +-- ordered-esprima-props@1.1.0
50 silly idealTree +-- ordered-read-streams@0.1.0
50 silly idealTree +-- os-homedir@1.0.2
50 silly idealTree +-- os-locale@1.4.0
50 silly idealTree +-- os-tmpdir@1.0.2
50 silly idealTree +-- osenv@0.1.4
50 silly idealTree +-- parallel-transform@1.1.0
50 silly idealTree +-- param-case@2.1.1
50 silly idealTree +-- parse-filepath@1.0.1
50 silly idealTree +-- parse-glob@3.0.4
50 silly idealTree +-- parse-json@2.2.0
50 silly idealTree +-- parse-passwd@1.0.0
50 silly idealTree +-- parsejson@0.0.3
50 silly idealTree +-- parseqs@0.0.5
50 silly idealTree +-- parseuri@0.0.5
50 silly idealTree +-- parseurl@1.3.1
50 silly idealTree +-- pascal-case@2.0.1
50 silly idealTree +-- path-case@2.1.1
50 silly idealTree +-- path-exists@2.1.0
50 silly idealTree +-- path-is-absolute@1.0.1
50 silly idealTree +-- path-parse@1.0.5
50 silly idealTree +-- path-root-regex@0.1.2
50 silly idealTree +-- path-root@0.1.1
50 silly idealTree +-- path-type@1.1.0
50 silly idealTree +-- pause-stream@0.0.11
50 silly idealTree +-- pify@2.3.0
50 silly idealTree +-- pinkie-promise@2.0.1
50 silly idealTree +-- pinkie@2.0.4
50 silly idealTree +-- plur@2.1.2
50 silly idealTree +-- portscanner@2.1.1
50 silly idealTree +-- preserve@0.2.0
50 silly idealTree +-- pretty-hrtime@1.0.3
50 silly idealTree +-- process-nextick-args@1.0.7
50 silly idealTree +-- promise-inflight@1.0.1
50 silly idealTree +-- pseudomap@1.0.2
50 silly idealTree +-- pump@1.0.2
50 silly idealTree +-- pumpify@1.3.5
50 silly idealTree +-- punycode@1.4.1
50 silly idealTree +-- q@1.5.0
50 silly idealTree +-- qs@6.2.1
50 silly idealTree +-- randomatic@1.1.7
50 silly idealTree | +-- is-number@3.0.0
50 silly idealTree | | `-- kind-of@3.2.2
50 silly idealTree | `-- kind-of@4.0.0
50 silly idealTree +-- range-parser@1.2.0
50 silly idealTree +-- rc@1.0.3
50 silly idealTree +-- read-pkg-up@1.0.1
50 silly idealTree +-- read-pkg@1.1.0
50 silly idealTree +-- readable-stream@2.3.3
50 silly idealTree +-- readdirp@2.1.0
50 silly idealTree +-- rechoir@0.6.2
50 silly idealTree | `-- resolve@1.3.3
50 silly idealTree +-- redent@1.0.0
50 silly idealTree +-- regex-cache@0.4.3
50 silly idealTree +-- relateurl@0.2.7
50 silly idealTree +-- remove-trailing-separator@1.0.2
50 silly idealTree +-- repeat-element@1.1.2
50 silly idealTree +-- repeat-string@1.6.1
50 silly idealTree +-- repeating@2.0.1
50 silly idealTree +-- replace-ext@0.0.1
50 silly idealTree +-- request@2.78.0
50 silly idealTree | `-- qs@6.3.2
50 silly idealTree +-- require-directory@2.1.1
50 silly idealTree +-- require-main-filename@1.0.1
50 silly idealTree +-- requireg@0.1.6
50 silly idealTree +-- requires-port@1.0.0
50 silly idealTree +-- resolve-dir@0.1.1
50 silly idealTree +-- resolve@0.6.3
50 silly idealTree +-- resp-modifier@6.0.2
50 silly idealTree +-- right-align@0.1.3
50 silly idealTree +-- rimraf@2.6.1
50 silly idealTree +-- run-queue@1.0.3
50 silly idealTree +-- rx@4.1.0
50 silly idealTree +-- safe-buffer@5.1.1
50 silly idealTree +-- sass-graph@2.2.4
50 silly idealTree | +-- camelcase@3.0.0
50 silly idealTree | +-- yargs-parser@5.0.0
50 silly idealTree | `-- yargs@7.1.0
50 silly idealTree +-- scss-tokenizer@0.2.3
50 silly idealTree | `-- source-map@0.4.4
50 silly idealTree +-- semver@5.3.0
50 silly idealTree +-- send@0.15.2
50 silly idealTree | +-- debug@2.6.4
50 silly idealTree | | `-- ms@0.7.3
50 silly idealTree | +-- fresh@0.5.0
50 silly idealTree | +-- http-errors@1.6.1
50 silly idealTree | +-- mime@1.3.4
50 silly idealTree | +-- ms@1.0.0
50 silly idealTree | `-- setprototypeof@1.0.3
50 silly idealTree +-- sentence-case@2.1.1
50 silly idealTree +-- sequencify@0.0.7
50 silly idealTree +-- serve-index@1.8.0
50 silly idealTree +-- serve-static@1.12.2
50 silly idealTree +-- server-destroy@1.0.1
50 silly idealTree +-- set-blocking@2.0.0
50 silly idealTree +-- set-immediate-shim@1.0.1
50 silly idealTree +-- set-value@0.4.3
50 silly idealTree +-- setprototypeof@1.0.2
50 silly idealTree +-- sigmund@1.0.1
50 silly idealTree +-- signal-exit@3.0.2
50 silly idealTree +-- simple-fmt@0.1.0
50 silly idealTree +-- simple-is@0.2.0
50 silly idealTree +-- snake-case@2.1.0
50 silly idealTree +-- sntp@1.0.9
50 silly idealTree +-- socket.io-adapter@0.5.0
50 silly idealTree | +-- debug@2.3.3
50 silly idealTree | `-- ms@0.7.2
50 silly idealTree +-- socket.io-client@1.6.0
50 silly idealTree | +-- component-emitter@1.2.1
50 silly idealTree | +-- debug@2.3.3
50 silly idealTree | `-- ms@0.7.2
50 silly idealTree +-- socket.io-parser@2.3.1
50 silly idealTree | `-- isarray@0.0.1
50 silly idealTree +-- socket.io@1.6.0
50 silly idealTree | +-- debug@2.3.3
50 silly idealTree | +-- ms@0.7.2
50 silly idealTree | `-- object-assign@4.1.0
50 silly idealTree +-- source-map@0.5.6
50 silly idealTree +-- sparkles@1.0.0
50 silly idealTree +-- spdx-correct@1.0.2
50 silly idealTree +-- spdx-expression-parse@1.0.4
50 silly idealTree +-- spdx-license-ids@1.2.2
50 silly idealTree +-- split-string@1.0.1
50 silly idealTree +-- split@0.3.3
50 silly idealTree +-- sshpk@1.13.1
50 silly idealTree | `-- assert-plus@1.0.0
50 silly idealTree +-- ssri@4.1.6
50 silly idealTree +-- stable@0.1.6
50 silly idealTree +-- statuses@1.3.1
50 silly idealTree +-- stream-combiner@0.0.4
50 silly idealTree +-- stream-consume@0.1.0
50 silly idealTree +-- stream-each@1.2.0
50 silly idealTree +-- stream-shift@1.0.0
50 silly idealTree +-- stream-throttle@0.1.3
50 silly idealTree +-- stream-to-array@2.3.0
50 silly idealTree +-- string_decoder@1.0.3
50 silly idealTree +-- string-width@1.0.2
50 silly idealTree +-- stringify-object@2.4.0
50 silly idealTree +-- stringmap@0.2.2
50 silly idealTree +-- stringset@0.2.1
50 silly idealTree +-- stringstream@0.0.5
50 silly idealTree +-- strip-ansi@3.0.1
50 silly idealTree +-- strip-bom@2.0.0
50 silly idealTree +-- strip-indent@1.0.1
50 silly idealTree +-- strip-json-comments@0.1.3
50 silly idealTree +-- supports-color@2.0.0
50 silly idealTree +-- swap-case@1.1.2
50 silly idealTree +-- tar-fs@1.15.2
50 silly idealTree +-- tar-stream@1.5.4
50 silly idealTree +-- tar@2.2.1
50 silly idealTree +-- tfunk@3.1.0
50 silly idealTree +-- through@2.3.8
50 silly idealTree +-- through2@2.0.3
50 silly idealTree +-- tildify@1.2.0
50 silly idealTree +-- time-stamp@1.1.0
50 silly idealTree +-- title-case@2.1.1
50 silly idealTree +-- to-array@0.1.4
50 silly idealTree +-- to-object-path@0.3.0
50 silly idealTree +-- tough-cookie@2.3.2
50 silly idealTree +-- trim-newlines@1.0.0
50 silly idealTree +-- tryit@1.0.3
50 silly idealTree +-- tryor@0.1.2
50 silly idealTree +-- tunnel-agent@0.4.3
50 silly idealTree +-- tweetnacl@0.14.5
50 silly idealTree +-- typedarray@0.0.6
50 silly idealTree +-- ua-parser-js@0.7.12
50 silly idealTree +-- uglify-js@2.6.4
50 silly idealTree | +-- async@0.2.10
50 silly idealTree | +-- cliui@2.1.0
50 silly idealTree | +-- window-size@0.1.0
50 silly idealTree | `-- yargs@3.10.0
50 silly idealTree +-- uglify-save-license@0.4.1
50 silly idealTree +-- uglify-to-browserify@1.0.2
50 silly idealTree +-- ultron@1.0.2
50 silly idealTree +-- unc-path-regex@0.1.2
50 silly idealTree +-- underscore@1.7.0
50 silly idealTree +-- union-value@0.2.4
50 silly idealTree +-- unique-filename@1.1.0
50 silly idealTree +-- unique-slug@2.0.0
50 silly idealTree +-- unique-stream@1.0.0
50 silly idealTree +-- universalify@0.1.0
50 silly idealTree +-- unpipe@1.0.0
50 silly idealTree +-- upper-case-first@1.1.2
50 silly idealTree +-- upper-case@1.1.3
50 silly idealTree +-- user-home@1.1.1
50 silly idealTree +-- util-deprecate@1.0.2
50 silly idealTree +-- utils-merge@1.0.0
50 silly idealTree +-- v8flags@2.1.1
50 silly idealTree +-- validate-npm-package-license@3.0.1
50 silly idealTree +-- verror@1.3.6
50 silly idealTree +-- vinyl-fs@0.3.14
50 silly idealTree | +-- clone@0.2.0
50 silly idealTree | +-- graceful-fs@3.0.11
50 silly idealTree | +-- isarray@0.0.1
50 silly idealTree | +-- readable-stream@1.0.34
50 silly idealTree | +-- string_decoder@0.10.31
50 silly idealTree | +-- strip-bom@1.0.0
50 silly idealTree | +-- through2@0.6.5
50 silly idealTree | `-- vinyl@0.4.6
50 silly idealTree +-- vinyl-sourcemaps-apply@0.2.1
50 silly idealTree +-- vinyl@0.5.3
50 silly idealTree +-- weinre@2.0.0-pre-I0Z7U9OV
50 silly idealTree +-- which-module@1.0.0
50 silly idealTree +-- which@1.2.14
50 silly idealTree +-- wide-align@1.1.2
50 silly idealTree +-- window-size@0.1.4
50 silly idealTree +-- wordwrap@0.0.2
50 silly idealTree +-- wrap-ansi@2.1.0
50 silly idealTree +-- wrappy@1.0.2
50 silly idealTree +-- ws@1.1.1
50 silly idealTree +-- wtf-8@1.0.0
50 silly idealTree +-- xml-char-classes@1.0.0
50 silly idealTree +-- xmlhttprequest-ssl@1.5.3
50 silly idealTree +-- xtend@4.0.1
50 silly idealTree +-- y18n@3.2.1
50 silly idealTree +-- yallist@2.1.2
50 silly idealTree +-- yargs-parser@4.2.1
50 silly idealTree | `-- camelcase@3.0.0
50 silly idealTree +-- yargs@6.4.0
50 silly idealTree | +-- camelcase@3.0.0
50 silly idealTree | `-- window-size@0.2.0
50 silly idealTree `-- yeast@0.1.2
51 silly generateActionsToTake Starting
52 silly install generateActionsToTake
53 verbose stack Error: kill ENOSYS
53 verbose stack     at exports._errnoException (util.js:1018:11)
53 verbose stack     at process.kill (internal/process.js:190:13)
53 verbose stack     at process.listener (C:\Program Files\nodejs\node_modules\npm\node_modules\npmlog\node_modules\gauge\node_modules\signal-exit\index.js:86:15)
53 verbose stack     at emitNone (events.js:91:20)
53 verbose stack     at process.emit (events.js:185:7)
53 verbose stack     at processEmit (C:\Program Files\nodejs\node_modules\npm\node_modules\npmlog\node_modules\gauge\node_modules\signal-exit\index.js:146:32)
53 verbose stack     at processEmit (C:\Program Files\nodejs\node_modules\npm\node_modules\npm-registry-client\node_modules\npmlog\node_modules\gauge\node_modules\signal-exit\index.js:146:32)
53 verbose stack     at Signal.wrap.onsignal (internal/process.js:217:44)
54 verbose cwd F:\GitHub\auto-care\AUTO_CARE
55 error Windows_NT 6.1.7601
56 error argv "C:\\Program Files\\nodejs\\node.exe" "C:\\Program Files\\nodejs\\node_modules\\npm\\bin\\npm-cli.js" "install"
57 error node v6.10.2
58 error npm  v3.10.10
59 error code ENOSYS
60 error errno ENOSYS
61 error syscall kill
62 error kill ENOSYS
63 error If you need help, you may report this error at:
63 error     <https://github.com/npm/npm/issues>
64 verbose exit [ 1, true ]
